{"/Users/alanhelmick/Documents/GitHub/sentient-social/src/agent.ts": {"path":"/Users/alanhelmick/Documents/GitHub/sentient-social/src/agent.ts","statementMap":{"0":{"start":{"line":8,"column":0},"end":{"line":8,"column":29}},"1":{"start":{"line":9,"column":0},"end":{"line":9,"column":45}},"2":{"start":{"line":24,"column":15},"end":{"line":28,"column":2}},"3":{"start":{"line":25,"column":27},"end":{"line":25,"column":44}},"4":{"start":{"line":26,"column":28},"end":{"line":26,"column":46}},"5":{"start":{"line":27,"column":27},"end":{"line":27,"column":44}},"6":{"start":{"line":32,"column":51},"end":{"line":32,"column":53}},"7":{"start":{"line":33,"column":28},"end":{"line":33,"column":33}},"8":{"start":{"line":37,"column":8},"end":{"line":37,"column":53}},"9":{"start":{"line":38,"column":8},"end":{"line":38,"column":40}},"10":{"start":{"line":46,"column":8},"end":{"line":49,"column":9}},"11":{"start":{"line":47,"column":12},"end":{"line":47,"column":62}},"12":{"start":{"line":48,"column":12},"end":{"line":48,"column":19}},"13":{"start":{"line":51,"column":8},"end":{"line":51,"column":66}},"14":{"start":{"line":54,"column":8},"end":{"line":54,"column":31}},"15":{"start":{"line":56,"column":8},"end":{"line":56,"column":34}},"16":{"start":{"line":57,"column":8},"end":{"line":57,"column":62}},"17":{"start":{"line":61,"column":8},"end":{"line":61,"column":54}},"18":{"start":{"line":63,"column":29},"end":{"line":63,"column":67}},"19":{"start":{"line":65,"column":8},"end":{"line":71,"column":9}},"20":{"start":{"line":68,"column":12},"end":{"line":68,"column":87}},"21":{"start":{"line":70,"column":12},"end":{"line":70,"column":99}},"22":{"start":{"line":79,"column":8},"end":{"line":82,"column":9}},"23":{"start":{"line":80,"column":12},"end":{"line":80,"column":85}},"24":{"start":{"line":81,"column":12},"end":{"line":81,"column":53}},"25":{"start":{"line":84,"column":8},"end":{"line":84,"column":48}},"26":{"start":{"line":86,"column":46},"end":{"line":86,"column":48}},"27":{"start":{"line":87,"column":26},"end":{"line":87,"column":49}},"28":{"start":{"line":89,"column":8},"end":{"line":92,"column":9}},"29":{"start":{"line":90,"column":12},"end":{"line":90,"column":70}},"30":{"start":{"line":91,"column":12},"end":{"line":91,"column":19}},"31":{"start":{"line":94,"column":8},"end":{"line":94,"column":77}},"32":{"start":{"line":96,"column":8},"end":{"line":114,"column":9}},"33":{"start":{"line":97,"column":25},"end":{"line":97,"column":41}},"34":{"start":{"line":98,"column":12},"end":{"line":98,"column":75}},"35":{"start":{"line":99,"column":12},"end":{"line":99,"column":64}},"36":{"start":{"line":101,"column":31},"end":{"line":112,"column":18}},"37":{"start":{"line":103,"column":20},"end":{"line":103,"column":77}},"38":{"start":{"line":104,"column":20},"end":{"line":104,"column":79}},"39":{"start":{"line":108,"column":20},"end":{"line":108,"column":78}},"40":{"start":{"line":109,"column":20},"end":{"line":109,"column":120}},"41":{"start":{"line":111,"column":20},"end":{"line":111,"column":30}},"42":{"start":{"line":113,"column":12},"end":{"line":113,"column":42}},"43":{"start":{"line":117,"column":24},"end":{"line":117,"column":62}},"44":{"start":{"line":119,"column":8},"end":{"line":119,"column":82}},"45":{"start":{"line":121,"column":27},"end":{"line":121,"column":31}},"46":{"start":{"line":122,"column":8},"end":{"line":131,"column":11}},"47":{"start":{"line":123,"column":29},"end":{"line":123,"column":45}},"48":{"start":{"line":124,"column":12},"end":{"line":130,"column":13}},"49":{"start":{"line":125,"column":16},"end":{"line":125,"column":37}},"50":{"start":{"line":127,"column":16},"end":{"line":127,"column":81}},"51":{"start":{"line":129,"column":16},"end":{"line":129,"column":80}},"52":{"start":{"line":133,"column":8},"end":{"line":137,"column":9}},"53":{"start":{"line":134,"column":12},"end":{"line":134,"column":69}},"54":{"start":{"line":136,"column":12},"end":{"line":136,"column":95}},"55":{"start":{"line":30,"column":0},"end":{"line":30,"column":13}}},"fnMap":{"0":{"name":"(anonymous_9)","decl":{"start":{"line":25,"column":10},"end":{"line":25,"column":11}},"loc":{"start":{"line":25,"column":27},"end":{"line":25,"column":44}}},"1":{"name":"(anonymous_10)","decl":{"start":{"line":26,"column":11},"end":{"line":26,"column":12}},"loc":{"start":{"line":26,"column":28},"end":{"line":26,"column":46}}},"2":{"name":"(anonymous_11)","decl":{"start":{"line":27,"column":10},"end":{"line":27,"column":11}},"loc":{"start":{"line":27,"column":27},"end":{"line":27,"column":44}}},"3":{"name":"(anonymous_12)","decl":{"start":{"line":35,"column":4},"end":{"line":35,"column":null}},"loc":{"start":{"line":35,"column":4},"end":{"line":39,"column":5}}},"4":{"name":"(anonymous_13)","decl":{"start":{"line":45,"column":4},"end":{"line":45,"column":9}},"loc":{"start":{"line":45,"column":14},"end":{"line":58,"column":5}}},"5":{"name":"(anonymous_14)","decl":{"start":{"line":60,"column":12},"end":{"line":60,"column":17}},"loc":{"start":{"line":60,"column":27},"end":{"line":72,"column":5}}},"6":{"name":"(anonymous_15)","decl":{"start":{"line":78,"column":4},"end":{"line":78,"column":9}},"loc":{"start":{"line":78,"column":13},"end":{"line":138,"column":5}}},"7":{"name":"(anonymous_16)","decl":{"start":{"line":102,"column":22},"end":{"line":102,"column":25}},"loc":{"start":{"line":102,"column":27},"end":{"line":105,"column":17}}},"8":{"name":"(anonymous_17)","decl":{"start":{"line":106,"column":23},"end":{"line":106,"column":26}},"loc":{"start":{"line":106,"column":29},"end":{"line":112,"column":17}}},"9":{"name":"(anonymous_18)","decl":{"start":{"line":122,"column":24},"end":{"line":122,"column":25}},"loc":{"start":{"line":122,"column":42},"end":{"line":131,"column":9}}}},"branchMap":{"0":{"loc":{"start":{"line":46,"column":8},"end":{"line":49,"column":9}},"type":"if","locations":[{"start":{"line":46,"column":8},"end":{"line":49,"column":9}}]},"1":{"loc":{"start":{"line":70,"column":64},"end":{"line":70,"column":95}},"type":"binary-expr","locations":[{"start":{"line":70,"column":64},"end":{"line":70,"column":78}},{"start":{"line":70,"column":82},"end":{"line":70,"column":95}}]},"2":{"loc":{"start":{"line":79,"column":8},"end":{"line":82,"column":9}},"type":"if","locations":[{"start":{"line":79,"column":8},"end":{"line":82,"column":9}}]},"3":{"loc":{"start":{"line":89,"column":8},"end":{"line":92,"column":9}},"type":"if","locations":[{"start":{"line":89,"column":8},"end":{"line":92,"column":9}}]},"4":{"loc":{"start":{"line":109,"column":89},"end":{"line":109,"column":116}},"type":"binary-expr","locations":[{"start":{"line":109,"column":89},"end":{"line":109,"column":101}},{"start":{"line":109,"column":105},"end":{"line":109,"column":116}}]},"5":{"loc":{"start":{"line":124,"column":12},"end":{"line":130,"column":13}},"type":"if","locations":[{"start":{"line":124,"column":12},"end":{"line":130,"column":13}},{"start":{"line":128,"column":19},"end":{"line":130,"column":13}}]},"6":{"loc":{"start":{"line":133,"column":8},"end":{"line":137,"column":9}},"type":"if","locations":[{"start":{"line":133,"column":8},"end":{"line":137,"column":9}},{"start":{"line":135,"column":15},"end":{"line":137,"column":9}}]}},"s":{"0":0,"1":0,"2":0,"3":0,"4":0,"5":0,"6":0,"7":0,"8":0,"9":0,"10":0,"11":0,"12":0,"13":0,"14":0,"15":0,"16":0,"17":0,"18":0,"19":0,"20":0,"21":0,"22":0,"23":0,"24":0,"25":0,"26":0,"27":0,"28":0,"29":0,"30":0,"31":0,"32":0,"33":0,"34":0,"35":0,"36":0,"37":0,"38":0,"39":0,"40":0,"41":0,"42":0,"43":0,"44":0,"45":0,"46":0,"47":0,"48":0,"49":0,"50":0,"51":0,"52":0,"53":0,"54":0,"55":0},"f":{"0":0,"1":0,"2":0,"3":0,"4":0,"5":0,"6":0,"7":0,"8":0,"9":0},"b":{"0":[0],"1":[0,0],"2":[0],"3":[0],"4":[0,0],"5":[0,0],"6":[0,0]}}
,"/Users/alanhelmick/Documents/GitHub/sentient-social/src/agent_config.ts": {"path":"/Users/alanhelmick/Documents/GitHub/sentient-social/src/agent_config.ts","statementMap":{"0":{"start":{"line":13,"column":38},"end":{"line":13,"column":42}},"1":{"start":{"line":14,"column":38},"end":{"line":14,"column":42}},"2":{"start":{"line":7,"column":0},"end":{"line":7,"column":13}}},"fnMap":{"0":{"name":"(anonymous_0)","decl":{"start":{"line":19,"column":4},"end":{"line":19,"column":null}},"loc":{"start":{"line":19,"column":4},"end":{"line":43,"column":5}}}},"branchMap":{},"s":{"0":0,"1":0,"2":0},"f":{"0":0},"b":{}}
,"/Users/alanhelmick/Documents/GitHub/sentient-social/src/index.ts": {"path":"/Users/alanhelmick/Documents/GitHub/sentient-social/src/index.ts","statementMap":{"0":{"start":{"line":9,"column":0},"end":{"line":9,"column":35}},"1":{"start":{"line":10,"column":0},"end":{"line":10,"column":39}},"2":{"start":{"line":11,"column":0},"end":{"line":11,"column":33}},"3":{"start":{"line":12,"column":0},"end":{"line":12,"column":37}},"4":{"start":{"line":13,"column":0},"end":{"line":13,"column":36}},"5":{"start":{"line":14,"column":0},"end":{"line":14,"column":45}},"6":{"start":{"line":15,"column":0},"end":{"line":15,"column":36}},"7":{"start":{"line":16,"column":0},"end":{"line":16,"column":34}},"8":{"start":{"line":19,"column":0},"end":{"line":19,"column":44}},"9":{"start":{"line":22,"column":0},"end":{"line":22,"column":54}},"10":{"start":{"line":23,"column":0},"end":{"line":23,"column":46}},"11":{"start":{"line":24,"column":0},"end":{"line":24,"column":53}},"12":{"start":{"line":25,"column":0},"end":{"line":25,"column":58}},"13":{"start":{"line":26,"column":0},"end":{"line":26,"column":49}},"14":{"start":{"line":27,"column":0},"end":{"line":27,"column":48}},"15":{"start":{"line":30,"column":0},"end":{"line":30,"column":33}},"16":{"start":{"line":31,"column":9},"end":{"line":30,"column":107}},"17":{"start":{"line":34,"column":0},"end":{"line":34,"column":47}}},"fnMap":{"0":{"name":"(anonymous_4)","decl":{"start":{"line":31,"column":9},"end":{"line":31,"column":33}},"loc":{"start":{"line":31,"column":9},"end":{"line":30,"column":107}}}},"branchMap":{},"s":{"0":0,"1":0,"2":0,"3":0,"4":0,"5":0,"6":0,"7":0,"8":0,"9":0,"10":0,"11":0,"12":0,"13":0,"14":0,"15":0,"16":0,"17":0},"f":{"0":0},"b":{}}
,"/Users/alanhelmick/Documents/GitHub/sentient-social/src/client/sentient_agent_client.ts": {"path":"/Users/alanhelmick/Documents/GitHub/sentient-social/src/client/sentient_agent_client.ts","statementMap":{"0":{"start":{"line":5,"column":0},"end":{"line":5,"column":28}},"1":{"start":{"line":7,"column":0},"end":{"line":7,"column":108}},"2":{"start":{"line":48,"column":4},"end":{"line":58,"column":5}},"3":{"start":{"line":49,"column":6},"end":{"line":49,"column":55}},"4":{"start":{"line":50,"column":6},"end":{"line":50,"column":53}},"5":{"start":{"line":51,"column":6},"end":{"line":51,"column":51}},"6":{"start":{"line":52,"column":6},"end":{"line":52,"column":55}},"7":{"start":{"line":54,"column":6},"end":{"line":54,"column":49}},"8":{"start":{"line":55,"column":6},"end":{"line":55,"column":32}},"9":{"start":{"line":56,"column":6},"end":{"line":56,"column":31}},"10":{"start":{"line":57,"column":6},"end":{"line":57,"column":29}},"11":{"start":{"line":67,"column":4},"end":{"line":67,"column":63}},"12":{"start":{"line":80,"column":21},"end":{"line":80,"column":27}},"13":{"start":{"line":81,"column":17},"end":{"line":92,"column":6}},"14":{"start":{"line":94,"column":20},"end":{"line":96,"column":6}},"15":{"start":{"line":99,"column":21},"end":{"line":103,"column":6}},"16":{"start":{"line":105,"column":4},"end":{"line":107,"column":5}},"17":{"start":{"line":106,"column":6},"end":{"line":106,"column":64}},"18":{"start":{"line":109,"column":4},"end":{"line":111,"column":5}},"19":{"start":{"line":110,"column":6},"end":{"line":110,"column":47}},"20":{"start":{"line":113,"column":19},"end":{"line":113,"column":44}},"21":{"start":{"line":114,"column":20},"end":{"line":114,"column":37}},"22":{"start":{"line":115,"column":17},"end":{"line":115,"column":19}},"23":{"start":{"line":117,"column":4},"end":{"line":151,"column":5}},"24":{"start":{"line":118,"column":6},"end":{"line":148,"column":7}},"25":{"start":{"line":119,"column":32},"end":{"line":119,"column":51}},"26":{"start":{"line":121,"column":8},"end":{"line":123,"column":9}},"27":{"start":{"line":122,"column":10},"end":{"line":122,"column":16}},"28":{"start":{"line":125,"column":8},"end":{"line":125,"column":58}},"29":{"start":{"line":128,"column":25},"end":{"line":128,"column":45}},"30":{"start":{"line":129,"column":8},"end":{"line":129,"column":38}},"31":{"start":{"line":131,"column":8},"end":{"line":147,"column":9}},"32":{"start":{"line":132,"column":10},"end":{"line":132,"column":40}},"33":{"start":{"line":132,"column":31},"end":{"line":132,"column":40}},"34":{"start":{"line":134,"column":24},"end":{"line":134,"column":43}},"35":{"start":{"line":135,"column":28},"end":{"line":135,"column":89}},"36":{"start":{"line":136,"column":23},"end":{"line":136,"column":83}},"37":{"start":{"line":138,"column":10},"end":{"line":146,"column":11}},"38":{"start":{"line":139,"column":46},"end":{"line":143,"column":14}},"39":{"start":{"line":142,"column":26},"end":{"line":142,"column":42}},"40":{"start":{"line":145,"column":12},"end":{"line":145,"column":52}},"41":{"start":{"line":150,"column":6},"end":{"line":150,"column":27}},"42":{"start":{"line":159,"column":4},"end":{"line":164,"column":6}},"43":{"start":{"line":37,"column":0},"end":{"line":37,"column":13}}},"fnMap":{"0":{"name":"(anonymous_0)","decl":{"start":{"line":47,"column":2},"end":{"line":47,"column":14}},"loc":{"start":{"line":47,"column":50},"end":{"line":59,"column":3}}},"1":{"name":"(anonymous_1)","decl":{"start":{"line":66,"column":2},"end":{"line":66,"column":7}},"loc":{"start":{"line":66,"column":43},"end":{"line":68,"column":3}}},"2":{"name":"(anonymous_2)","decl":{"start":{"line":76,"column":2},"end":{"line":76,"column":7}},"loc":{"start":{"line":78,"column":46},"end":{"line":152,"column":3}}},"3":{"name":"(anonymous_3)","decl":{"start":{"line":142,"column":20},"end":{"line":142,"column":23}},"loc":{"start":{"line":142,"column":26},"end":{"line":142,"column":42}}},"4":{"name":"(anonymous_4)","decl":{"start":{"line":158,"column":2},"end":{"line":158,"column":12}},"loc":{"start":{"line":158,"column":12},"end":{"line":165,"column":3}}}},"branchMap":{"0":{"loc":{"start":{"line":48,"column":4},"end":{"line":58,"column":5}},"type":"if","locations":[{"start":{"line":48,"column":4},"end":{"line":58,"column":5}},{"start":{"line":53,"column":11},"end":{"line":58,"column":5}}]},"1":{"loc":{"start":{"line":78,"column":4},"end":{"line":78,"column":46}},"type":"default-arg","locations":[{"start":{"line":78,"column":18},"end":{"line":78,"column":46}}]},"2":{"loc":{"start":{"line":105,"column":4},"end":{"line":107,"column":5}},"type":"if","locations":[{"start":{"line":105,"column":4},"end":{"line":107,"column":5}}]},"3":{"loc":{"start":{"line":109,"column":4},"end":{"line":111,"column":5}},"type":"if","locations":[{"start":{"line":109,"column":4},"end":{"line":111,"column":5}}]},"4":{"loc":{"start":{"line":121,"column":8},"end":{"line":123,"column":9}},"type":"if","locations":[{"start":{"line":121,"column":8},"end":{"line":123,"column":9}}]},"5":{"loc":{"start":{"line":129,"column":17},"end":{"line":129,"column":37}},"type":"binary-expr","locations":[{"start":{"line":129,"column":17},"end":{"line":129,"column":31}},{"start":{"line":129,"column":35},"end":{"line":129,"column":37}}]},"6":{"loc":{"start":{"line":132,"column":10},"end":{"line":132,"column":40}},"type":"if","locations":[{"start":{"line":132,"column":10},"end":{"line":132,"column":40}}]},"7":{"loc":{"start":{"line":135,"column":28},"end":{"line":135,"column":89}},"type":"cond-expr","locations":[{"start":{"line":135,"column":60},"end":{"line":135,"column":84}},{"start":{"line":135,"column":87},"end":{"line":135,"column":89}}]},"8":{"loc":{"start":{"line":136,"column":23},"end":{"line":136,"column":83}},"type":"cond-expr","locations":[{"start":{"line":136,"column":54},"end":{"line":136,"column":78}},{"start":{"line":136,"column":81},"end":{"line":136,"column":83}}]},"9":{"loc":{"start":{"line":138,"column":10},"end":{"line":146,"column":11}},"type":"if","locations":[{"start":{"line":138,"column":10},"end":{"line":146,"column":11}}]},"10":{"loc":{"start":{"line":138,"column":14},"end":{"line":138,"column":31}},"type":"binary-expr","locations":[{"start":{"line":138,"column":14},"end":{"line":138,"column":23}},{"start":{"line":138,"column":27},"end":{"line":138,"column":31}}]}},"s":{"0":1,"1":1,"2":6,"3":1,"4":1,"5":1,"6":1,"7":5,"8":5,"9":5,"10":5,"11":3,"12":0,"13":0,"14":0,"15":0,"16":0,"17":0,"18":0,"19":0,"20":0,"21":0,"22":0,"23":0,"24":0,"25":0,"26":0,"27":0,"28":0,"29":0,"30":0,"31":0,"32":0,"33":0,"34":0,"35":0,"36":0,"37":0,"38":0,"39":0,"40":0,"41":0,"42":2,"43":1},"f":{"0":6,"1":3,"2":0,"3":0,"4":2},"b":{"0":[1,5],"1":[0],"2":[0],"3":[0],"4":[0],"5":[0,0],"6":[0],"7":[0,0],"8":[0,0],"9":[0],"10":[0,0]}}
,"/Users/alanhelmick/Documents/GitHub/sentient-social/src/implementation/default_hook.ts": {"path":"/Users/alanhelmick/Documents/GitHub/sentient-social/src/implementation/default_hook.ts","statementMap":{"0":{"start":{"line":1,"column":0},"end":{"line":1,"column":60}},"1":{"start":{"line":19,"column":4},"end":{"line":19,"column":38}},"2":{"start":{"line":20,"column":4},"end":{"line":20,"column":72}},"3":{"start":{"line":21,"column":4},"end":{"line":21,"column":40}},"4":{"start":{"line":31,"column":4},"end":{"line":31,"column":62}},"5":{"start":{"line":34,"column":22},"end":{"line":34,"column":40}},"6":{"start":{"line":35,"column":4},"end":{"line":35,"column":67}},"7":{"start":{"line":38,"column":4},"end":{"line":41,"column":5}},"8":{"start":{"line":39,"column":6},"end":{"line":39,"column":30}},"9":{"start":{"line":40,"column":6},"end":{"line":40,"column":13}},"10":{"start":{"line":44,"column":4},"end":{"line":52,"column":7}},"11":{"start":{"line":45,"column":20},"end":{"line":47,"column":25}},"12":{"start":{"line":46,"column":8},"end":{"line":46,"column":65}},"13":{"start":{"line":49,"column":6},"end":{"line":49,"column":30}},"14":{"start":{"line":50,"column":6},"end":{"line":50,"column":26}},"15":{"start":{"line":51,"column":6},"end":{"line":51,"column":16}},"16":{"start":{"line":59,"column":4},"end":{"line":59,"column":23}},"17":{"start":{"line":9,"column":0},"end":{"line":9,"column":13}}},"fnMap":{"0":{"name":"(anonymous_0)","decl":{"start":{"line":14,"column":2},"end":{"line":14,"column":14}},"loc":{"start":{"line":18,"column":8},"end":{"line":22,"column":3}}},"1":{"name":"(anonymous_1)","decl":{"start":{"line":29,"column":2},"end":{"line":29,"column":7}},"loc":{"start":{"line":29,"column":25},"end":{"line":53,"column":3}}},"2":{"name":"(anonymous_2)","decl":{"start":{"line":44,"column":28},"end":{"line":44,"column":29}},"loc":{"start":{"line":44,"column":48},"end":{"line":52,"column":5}}},"3":{"name":"(anonymous_3)","decl":{"start":{"line":45,"column":31},"end":{"line":45,"column":34}},"loc":{"start":{"line":45,"column":36},"end":{"line":47,"column":7}}},"4":{"name":"(anonymous_4)","decl":{"start":{"line":58,"column":2},"end":{"line":58,"column":10}},"loc":{"start":{"line":58,"column":10},"end":{"line":60,"column":3}}}},"branchMap":{"0":{"loc":{"start":{"line":14,"column":14},"end":{"line":18,"column":8}},"type":"default-arg","locations":[{"start":{"line":18,"column":6},"end":{"line":18,"column":8}}]},"1":{"loc":{"start":{"line":19,"column":18},"end":{"line":19,"column":37}},"type":"binary-expr","locations":[{"start":{"line":19,"column":18},"end":{"line":19,"column":31}},{"start":{"line":19,"column":35},"end":{"line":19,"column":37}}]},"2":{"loc":{"start":{"line":20,"column":24},"end":{"line":20,"column":71}},"type":"binary-expr","locations":[{"start":{"line":20,"column":24},"end":{"line":20,"column":43}},{"start":{"line":20,"column":47},"end":{"line":20,"column":71}}]},"3":{"loc":{"start":{"line":38,"column":4},"end":{"line":41,"column":5}},"type":"if","locations":[{"start":{"line":38,"column":4},"end":{"line":41,"column":5}}]}},"s":{"0":0,"1":0,"2":0,"3":0,"4":0,"5":0,"6":0,"7":0,"8":0,"9":0,"10":0,"11":0,"12":0,"13":0,"14":0,"15":0,"16":0,"17":0},"f":{"0":0,"1":0,"2":0,"3":0,"4":0},"b":{"0":[0],"1":[0,0],"2":[0,0],"3":[0]}}
,"/Users/alanhelmick/Documents/GitHub/sentient-social/src/implementation/default_id_generator.ts": {"path":"/Users/alanhelmick/Documents/GitHub/sentient-social/src/implementation/default_id_generator.ts","statementMap":{"0":{"start":{"line":6,"column":0},"end":{"line":6,"column":46}},"1":{"start":{"line":9,"column":20},"end":{"line":9,"column":25}},"2":{"start":{"line":10,"column":40},"end":{"line":10,"column":42}},"3":{"start":{"line":13,"column":4},"end":{"line":16,"column":5}},"4":{"start":{"line":14,"column":6},"end":{"line":14,"column":26}},"5":{"start":{"line":15,"column":6},"end":{"line":15,"column":13}},"6":{"start":{"line":17,"column":4},"end":{"line":17,"column":68}},"7":{"start":{"line":17,"column":39},"end":{"line":17,"column":66}},"8":{"start":{"line":21,"column":4},"end":{"line":26,"column":5}},"9":{"start":{"line":22,"column":19},"end":{"line":22,"column":40}},"10":{"start":{"line":23,"column":6},"end":{"line":23,"column":23}},"11":{"start":{"line":23,"column":16},"end":{"line":23,"column":23}},"12":{"start":{"line":25,"column":6},"end":{"line":25,"column":27}},"13":{"start":{"line":36,"column":4},"end":{"line":36,"column":38}},"14":{"start":{"line":37,"column":4},"end":{"line":37,"column":33}},"15":{"start":{"line":38,"column":4},"end":{"line":38,"column":45}},"16":{"start":{"line":48,"column":4},"end":{"line":48,"column":31}},"17":{"start":{"line":49,"column":4},"end":{"line":61,"column":5}},"18":{"start":{"line":50,"column":26},"end":{"line":50,"column":56}},"19":{"start":{"line":51,"column":6},"end":{"line":54,"column":7}},"20":{"start":{"line":53,"column":8},"end":{"line":53,"column":46}},"21":{"start":{"line":55,"column":6},"end":{"line":55,"column":37}},"22":{"start":{"line":57,"column":6},"end":{"line":57,"column":81}},"23":{"start":{"line":58,"column":6},"end":{"line":58,"column":27}},"24":{"start":{"line":60,"column":6},"end":{"line":60,"column":27}},"25":{"start":{"line":30,"column":0},"end":{"line":30,"column":13}}},"fnMap":{"0":{"name":"(anonymous_0)","decl":{"start":{"line":12,"column":2},"end":{"line":12,"column":7}},"loc":{"start":{"line":12,"column":15},"end":{"line":18,"column":3}}},"1":{"name":"(anonymous_1)","decl":{"start":{"line":17,"column":28},"end":{"line":17,"column":35}},"loc":{"start":{"line":17,"column":39},"end":{"line":17,"column":66}}},"2":{"name":"(anonymous_2)","decl":{"start":{"line":20,"column":2},"end":{"line":20,"column":9}},"loc":{"start":{"line":20,"column":9},"end":{"line":27,"column":3}}},"3":{"name":"(anonymous_3)","decl":{"start":{"line":35,"column":2},"end":{"line":35,"column":14}},"loc":{"start":{"line":35,"column":29},"end":{"line":39,"column":3}}},"4":{"name":"(anonymous_4)","decl":{"start":{"line":47,"column":2},"end":{"line":47,"column":7}},"loc":{"start":{"line":47,"column":53},"end":{"line":62,"column":3}}}},"branchMap":{"0":{"loc":{"start":{"line":13,"column":4},"end":{"line":16,"column":5}},"type":"if","locations":[{"start":{"line":13,"column":4},"end":{"line":16,"column":5}}]},"1":{"loc":{"start":{"line":21,"column":4},"end":{"line":26,"column":5}},"type":"if","locations":[{"start":{"line":21,"column":4},"end":{"line":26,"column":5}},{"start":{"line":24,"column":11},"end":{"line":26,"column":5}}]},"2":{"loc":{"start":{"line":23,"column":6},"end":{"line":23,"column":23}},"type":"if","locations":[{"start":{"line":23,"column":6},"end":{"line":23,"column":23}}]},"3":{"loc":{"start":{"line":36,"column":21},"end":{"line":36,"column":37}},"type":"binary-expr","locations":[{"start":{"line":36,"column":21},"end":{"line":36,"column":27}},{"start":{"line":36,"column":31},"end":{"line":36,"column":37}}]},"4":{"loc":{"start":{"line":47,"column":34},"end":{"line":47,"column":53}},"type":"default-arg","locations":[{"start":{"line":47,"column":51},"end":{"line":47,"column":53}}]},"5":{"loc":{"start":{"line":50,"column":26},"end":{"line":50,"column":56}},"type":"binary-expr","locations":[{"start":{"line":50,"column":26},"end":{"line":50,"column":31}},{"start":{"line":50,"column":35},"end":{"line":50,"column":56}}]},"6":{"loc":{"start":{"line":51,"column":6},"end":{"line":54,"column":7}},"type":"if","locations":[{"start":{"line":51,"column":6},"end":{"line":54,"column":7}}]}},"s":{"0":0,"1":0,"2":0,"3":0,"4":0,"5":0,"6":0,"7":0,"8":0,"9":0,"10":0,"11":0,"12":0,"13":0,"14":0,"15":0,"16":0,"17":0,"18":0,"19":0,"20":0,"21":0,"22":0,"23":0,"24":0,"25":0},"f":{"0":0,"1":0,"2":0,"3":0,"4":0},"b":{"0":[0],"1":[0,0],"2":[0],"3":[0,0],"4":[0],"5":[0,0],"6":[0]}}
,"/Users/alanhelmick/Documents/GitHub/sentient-social/src/implementation/default_response_handler.ts": {"path":"/Users/alanhelmick/Documents/GitHub/sentient-social/src/implementation/default_response_handler.ts","statementMap":{"0":{"start":{"line":5,"column":0},"end":{"line":5,"column":28}},"1":{"start":{"line":6,"column":0},"end":{"line":6,"column":null}},"2":{"start":{"line":10,"column":0},"end":{"line":10,"column":null}},"3":{"start":{"line":20,"column":0},"end":{"line":20,"column":null}},"4":{"start":{"line":26,"column":0},"end":{"line":26,"column":58}},"5":{"start":{"line":35,"column":62},"end":{"line":35,"column":71}},"6":{"start":{"line":36,"column":33},"end":{"line":36,"column":38}},"7":{"start":{"line":44,"column":4},"end":{"line":44,"column":26}},"8":{"start":{"line":45,"column":4},"end":{"line":45,"column":22}},"9":{"start":{"line":48,"column":4},"end":{"line":48,"column":79}},"10":{"start":{"line":56,"column":4},"end":{"line":60,"column":5}},"11":{"start":{"line":57,"column":6},"end":{"line":59,"column":8}},"12":{"start":{"line":72,"column":4},"end":{"line":72,"column":38}},"13":{"start":{"line":74,"column":4},"end":{"line":97,"column":5}},"14":{"start":{"line":75,"column":20},"end":{"line":79,"column":8}},"15":{"start":{"line":80,"column":6},"end":{"line":80,"column":34}},"16":{"start":{"line":82,"column":6},"end":{"line":89,"column":7}},"17":{"start":{"line":84,"column":8},"end":{"line":84,"column":33}},"18":{"start":{"line":86,"column":8},"end":{"line":88,"column":10}},"19":{"start":{"line":91,"column":20},"end":{"line":95,"column":8}},"20":{"start":{"line":96,"column":6},"end":{"line":96,"column":34}},"21":{"start":{"line":99,"column":4},"end":{"line":99,"column":26}},"22":{"start":{"line":111,"column":4},"end":{"line":111,"column":38}},"23":{"start":{"line":113,"column":4},"end":{"line":120,"column":5}},"24":{"start":{"line":115,"column":6},"end":{"line":115,"column":27}},"25":{"start":{"line":117,"column":6},"end":{"line":119,"column":8}},"26":{"start":{"line":122,"column":18},"end":{"line":126,"column":6}},"27":{"start":{"line":128,"column":4},"end":{"line":128,"column":32}},"28":{"start":{"line":140,"column":4},"end":{"line":140,"column":38}},"29":{"start":{"line":142,"column":18},"end":{"line":146,"column":6}},"30":{"start":{"line":148,"column":4},"end":{"line":148,"column":32}},"31":{"start":{"line":157,"column":4},"end":{"line":157,"column":38}},"32":{"start":{"line":159,"column":21},"end":{"line":159,"column":27}},"33":{"start":{"line":160,"column":19},"end":{"line":165,"column":6}},"34":{"start":{"line":167,"column":4},"end":{"line":167,"column":40}},"35":{"start":{"line":170,"column":4},"end":{"line":170,"column":81}},"36":{"start":{"line":172,"column":4},"end":{"line":172,"column":18}},"37":{"start":{"line":186,"column":4},"end":{"line":186,"column":38}},"38":{"start":{"line":188,"column":18},"end":{"line":193,"column":6}},"39":{"start":{"line":195,"column":4},"end":{"line":195,"column":32}},"40":{"start":{"line":204,"column":4},"end":{"line":206,"column":5}},"41":{"start":{"line":205,"column":6},"end":{"line":205,"column":13}},"42":{"start":{"line":209,"column":4},"end":{"line":213,"column":5}},"43":{"start":{"line":210,"column":6},"end":{"line":212,"column":7}},"44":{"start":{"line":211,"column":8},"end":{"line":211,"column":32}},"45":{"start":{"line":215,"column":4},"end":{"line":215,"column":28}},"46":{"start":{"line":217,"column":4},"end":{"line":221,"column":6}},"47":{"start":{"line":224,"column":4},"end":{"line":224,"column":78}},"48":{"start":{"line":231,"column":4},"end":{"line":231,"column":28}},"49":{"start":{"line":239,"column":4},"end":{"line":239,"column":33}},"50":{"start":{"line":32,"column":0},"end":{"line":32,"column":13}}},"fnMap":{"0":{"name":"(anonymous_0)","decl":{"start":{"line":43,"column":2},"end":{"line":43,"column":14}},"loc":{"start":{"line":43,"column":42},"end":{"line":49,"column":3}}},"1":{"name":"(anonymous_1)","decl":{"start":{"line":55,"column":10},"end":{"line":55,"column":36}},"loc":{"start":{"line":55,"column":36},"end":{"line":61,"column":3}}},"2":{"name":"(anonymous_2)","decl":{"start":{"line":68,"column":2},"end":{"line":68,"column":7}},"loc":{"start":{"line":70,"column":42},"end":{"line":100,"column":3}}},"3":{"name":"(anonymous_3)","decl":{"start":{"line":107,"column":2},"end":{"line":107,"column":7}},"loc":{"start":{"line":109,"column":29},"end":{"line":129,"column":3}}},"4":{"name":"(anonymous_4)","decl":{"start":{"line":136,"column":2},"end":{"line":136,"column":7}},"loc":{"start":{"line":138,"column":19},"end":{"line":149,"column":3}}},"5":{"name":"(anonymous_5)","decl":{"start":{"line":156,"column":2},"end":{"line":156,"column":18}},"loc":{"start":{"line":156,"column":36},"end":{"line":173,"column":3}}},"6":{"name":"(anonymous_6)","decl":{"start":{"line":181,"column":2},"end":{"line":181,"column":7}},"loc":{"start":{"line":184,"column":33},"end":{"line":196,"column":3}}},"7":{"name":"(anonymous_7)","decl":{"start":{"line":202,"column":2},"end":{"line":202,"column":7}},"loc":{"start":{"line":202,"column":16},"end":{"line":225,"column":3}}},"8":{"name":"(anonymous_8)","decl":{"start":{"line":230,"column":2},"end":{"line":230,"column":6}},"loc":{"start":{"line":230,"column":16},"end":{"line":232,"column":3}}},"9":{"name":"(anonymous_9)","decl":{"start":{"line":238,"column":10},"end":{"line":238,"column":15}},"loc":{"start":{"line":238,"column":36},"end":{"line":240,"column":3}}}},"branchMap":{"0":{"loc":{"start":{"line":56,"column":4},"end":{"line":60,"column":5}},"type":"if","locations":[{"start":{"line":56,"column":4},"end":{"line":60,"column":5}}]},"1":{"loc":{"start":{"line":74,"column":4},"end":{"line":97,"column":5}},"type":"if","locations":[{"start":{"line":74,"column":4},"end":{"line":97,"column":5}},{"start":{"line":81,"column":11},"end":{"line":97,"column":5}}]},"2":{"loc":{"start":{"line":183,"column":4},"end":{"line":183,"column":42}},"type":"default-arg","locations":[{"start":{"line":183,"column":24},"end":{"line":183,"column":42}}]},"3":{"loc":{"start":{"line":204,"column":4},"end":{"line":206,"column":5}},"type":"if","locations":[{"start":{"line":204,"column":4},"end":{"line":206,"column":5}}]},"4":{"loc":{"start":{"line":210,"column":6},"end":{"line":212,"column":7}},"type":"if","locations":[{"start":{"line":210,"column":6},"end":{"line":212,"column":7}}]}},"s":{"0":0,"1":0,"2":0,"3":0,"4":0,"5":0,"6":0,"7":0,"8":0,"9":0,"10":0,"11":0,"12":0,"13":0,"14":0,"15":0,"16":0,"17":0,"18":0,"19":0,"20":0,"21":0,"22":0,"23":0,"24":0,"25":0,"26":0,"27":0,"28":0,"29":0,"30":0,"31":0,"32":0,"33":0,"34":0,"35":0,"36":0,"37":0,"38":0,"39":0,"40":0,"41":0,"42":0,"43":0,"44":0,"45":0,"46":0,"47":0,"48":0,"49":0,"50":0},"f":{"0":0,"1":0,"2":0,"3":0,"4":0,"5":0,"6":0,"7":0,"8":0,"9":0},"b":{"0":[0],"1":[0,0],"2":[0],"3":[0],"4":[0]}}
,"/Users/alanhelmick/Documents/GitHub/sentient-social/src/implementation/default_server.ts": {"path":"/Users/alanhelmick/Documents/GitHub/sentient-social/src/implementation/default_server.ts","statementMap":{"0":{"start":{"line":1,"column":0},"end":{"line":1,"column":90}},"1":{"start":{"line":2,"column":0},"end":{"line":2,"column":45}},"2":{"start":{"line":3,"column":0},"end":{"line":3,"column":68}},"3":{"start":{"line":4,"column":0},"end":{"line":4,"column":51}},"4":{"start":{"line":6,"column":0},"end":{"line":6,"column":55}},"5":{"start":{"line":7,"column":0},"end":{"line":7,"column":49}},"6":{"start":{"line":24,"column":4},"end":{"line":24,"column":24}},"7":{"start":{"line":25,"column":4},"end":{"line":25,"column":26}},"8":{"start":{"line":28,"column":4},"end":{"line":28,"column":34}},"9":{"start":{"line":31,"column":4},"end":{"line":31,"column":62}},"10":{"start":{"line":34,"column":4},"end":{"line":34,"column":91}},"11":{"start":{"line":44,"column":4},"end":{"line":46,"column":7}},"12":{"start":{"line":45,"column":6},"end":{"line":45,"column":86}},"13":{"start":{"line":58,"column":4},"end":{"line":58,"column":67}},"14":{"start":{"line":61,"column":17},"end":{"line":61,"column":31}},"15":{"start":{"line":64,"column":35},"end":{"line":67,"column":6}},"16":{"start":{"line":70,"column":4},"end":{"line":70,"column":55}},"17":{"start":{"line":71,"column":4},"end":{"line":71,"column":47}},"18":{"start":{"line":72,"column":4},"end":{"line":72,"column":46}},"19":{"start":{"line":75,"column":4},"end":{"line":75,"column":48}},"20":{"start":{"line":85,"column":4},"end":{"line":85,"column":68}},"21":{"start":{"line":88,"column":20},"end":{"line":88,"column":62}},"22":{"start":{"line":89,"column":21},"end":{"line":89,"column":73}},"23":{"start":{"line":90,"column":38},"end":{"line":90,"column":40}},"24":{"start":{"line":91,"column":17},"end":{"line":91,"column":58}},"25":{"start":{"line":92,"column":28},"end":{"line":92,"column":70}},"26":{"start":{"line":95,"column":4},"end":{"line":97,"column":84}},"27":{"start":{"line":96,"column":18},"end":{"line":96,"column":78}},"28":{"start":{"line":97,"column":20},"end":{"line":97,"column":82}},"29":{"start":{"line":100,"column":15},"end":{"line":100,"column":20}},"30":{"start":{"line":101,"column":4},"end":{"line":113,"column":5}},"31":{"start":{"line":102,"column":6},"end":{"line":112,"column":7}},"32":{"start":{"line":103,"column":22},"end":{"line":103,"column":43}},"33":{"start":{"line":104,"column":8},"end":{"line":104,"column":50}},"34":{"start":{"line":105,"column":8},"end":{"line":105,"column":56}},"35":{"start":{"line":106,"column":8},"end":{"line":108,"column":9}},"36":{"start":{"line":107,"column":10},"end":{"line":107,"column":22}},"37":{"start":{"line":111,"column":8},"end":{"line":111,"column":62}},"38":{"start":{"line":111,"column":37},"end":{"line":111,"column":60}},"39":{"start":{"line":114,"column":4},"end":{"line":114,"column":14}},"40":{"start":{"line":117,"column":4},"end":{"line":117,"column":68}},"41":{"start":{"line":127,"column":4},"end":{"line":127,"column":75}},"42":{"start":{"line":130,"column":21},"end":{"line":130,"column":45}},"43":{"start":{"line":132,"column":4},"end":{"line":132,"column":48}},"44":{"start":{"line":15,"column":0},"end":{"line":15,"column":13}}},"fnMap":{"0":{"name":"(anonymous_1)","decl":{"start":{"line":23,"column":2},"end":{"line":23,"column":14}},"loc":{"start":{"line":23,"column":34},"end":{"line":35,"column":3}}},"1":{"name":"(anonymous_2)","decl":{"start":{"line":43,"column":2},"end":{"line":43,"column":5}},"loc":{"start":{"line":43,"column":51},"end":{"line":47,"column":3}}},"2":{"name":"(anonymous_3)","decl":{"start":{"line":44,"column":33},"end":{"line":44,"column":36}},"loc":{"start":{"line":44,"column":38},"end":{"line":46,"column":5}}},"3":{"name":"(anonymous_4)","decl":{"start":{"line":56,"column":2},"end":{"line":56,"column":7}},"loc":{"start":{"line":56,"column":40},"end":{"line":76,"column":3}}},"4":{"name":"(anonymous_5)","decl":{"start":{"line":83,"column":10},"end":{"line":83,"column":15}},"loc":{"start":{"line":83,"column":66},"end":{"line":118,"column":3}}},"5":{"name":"(anonymous_6)","decl":{"start":{"line":96,"column":12},"end":{"line":96,"column":15}},"loc":{"start":{"line":96,"column":18},"end":{"line":96,"column":78}}},"6":{"name":"(anonymous_7)","decl":{"start":{"line":97,"column":13},"end":{"line":97,"column":16}},"loc":{"start":{"line":97,"column":20},"end":{"line":97,"column":82}}},"7":{"name":"(anonymous_8)","decl":{"start":{"line":111,"column":26},"end":{"line":111,"column":33}},"loc":{"start":{"line":111,"column":37},"end":{"line":111,"column":60}}},"8":{"name":"(anonymous_9)","decl":{"start":{"line":125,"column":10},"end":{"line":125,"column":15}},"loc":{"start":{"line":125,"column":72},"end":{"line":133,"column":3}}}},"branchMap":{"0":{"loc":{"start":{"line":43,"column":6},"end":{"line":43,"column":30}},"type":"default-arg","locations":[{"start":{"line":43,"column":21},"end":{"line":43,"column":30}}]},"1":{"loc":{"start":{"line":43,"column":32},"end":{"line":43,"column":51}},"type":"default-arg","locations":[{"start":{"line":43,"column":47},"end":{"line":43,"column":51}}]},"2":{"loc":{"start":{"line":61,"column":17},"end":{"line":61,"column":31}},"type":"binary-expr","locations":[{"start":{"line":61,"column":17},"end":{"line":61,"column":25}},{"start":{"line":61,"column":29},"end":{"line":61,"column":31}}]},"3":{"loc":{"start":{"line":65,"column":13},"end":{"line":65,"column":56}},"type":"binary-expr","locations":[{"start":{"line":65,"column":13},"end":{"line":65,"column":23}},{"start":{"line":65,"column":27},"end":{"line":65,"column":56}}]},"4":{"loc":{"start":{"line":66,"column":15},"end":{"line":66,"column":33}},"type":"binary-expr","locations":[{"start":{"line":66,"column":15},"end":{"line":66,"column":27}},{"start":{"line":66,"column":31},"end":{"line":66,"column":33}}]},"5":{"loc":{"start":{"line":88,"column":39},"end":{"line":88,"column":61}},"type":"binary-expr","locations":[{"start":{"line":88,"column":39},"end":{"line":88,"column":55}},{"start":{"line":88,"column":59},"end":{"line":88,"column":61}}]},"6":{"loc":{"start":{"line":102,"column":6},"end":{"line":112,"column":7}},"type":"if","locations":[{"start":{"line":102,"column":6},"end":{"line":112,"column":7}},{"start":{"line":109,"column":13},"end":{"line":112,"column":7}}]},"7":{"loc":{"start":{"line":106,"column":8},"end":{"line":108,"column":9}},"type":"if","locations":[{"start":{"line":106,"column":8},"end":{"line":108,"column":9}}]}},"s":{"0":0,"1":0,"2":0,"3":0,"4":0,"5":0,"6":0,"7":0,"8":0,"9":0,"10":0,"11":0,"12":0,"13":0,"14":0,"15":0,"16":0,"17":0,"18":0,"19":0,"20":0,"21":0,"22":0,"23":0,"24":0,"25":0,"26":0,"27":0,"28":0,"29":0,"30":0,"31":0,"32":0,"33":0,"34":0,"35":0,"36":0,"37":0,"38":0,"39":0,"40":0,"41":0,"42":0,"43":0,"44":0},"f":{"0":0,"1":0,"2":0,"3":0,"4":0,"5":0,"6":0,"7":0,"8":0},"b":{"0":[0],"1":[0],"2":[0,0],"3":[0,0],"4":[0,0],"5":[0,0],"6":[0,0],"7":[0]}}
,"/Users/alanhelmick/Documents/GitHub/sentient-social/src/implementation/default_session.ts": {"path":"/Users/alanhelmick/Documents/GitHub/sentient-social/src/implementation/default_session.ts","statementMap":{"0":{"start":{"line":12,"column":4},"end":{"line":17,"column":6}},"1":{"start":{"line":20,"column":4},"end":{"line":20,"column":91}},"2":{"start":{"line":27,"column":4},"end":{"line":27,"column":44}},"3":{"start":{"line":34,"column":4},"end":{"line":34,"column":43}},"4":{"start":{"line":41,"column":4},"end":{"line":41,"column":42}},"5":{"start":{"line":50,"column":4},"end":{"line":50,"column":69}},"6":{"start":{"line":53,"column":4},"end":{"line":55,"column":5}},"7":{"start":{"line":54,"column":6},"end":{"line":54,"column":24}},"8":{"start":{"line":7,"column":0},"end":{"line":7,"column":13}}},"fnMap":{"0":{"name":"(anonymous_0)","decl":{"start":{"line":10,"column":2},"end":{"line":10,"column":14}},"loc":{"start":{"line":10,"column":56},"end":{"line":21,"column":3}}},"1":{"name":"(anonymous_1)","decl":{"start":{"line":26,"column":2},"end":{"line":26,"column":6}},"loc":{"start":{"line":26,"column":18},"end":{"line":28,"column":3}}},"2":{"name":"(anonymous_2)","decl":{"start":{"line":33,"column":2},"end":{"line":33,"column":6}},"loc":{"start":{"line":33,"column":17},"end":{"line":35,"column":3}}},"3":{"name":"(anonymous_3)","decl":{"start":{"line":40,"column":2},"end":{"line":40,"column":6}},"loc":{"start":{"line":40,"column":16},"end":{"line":42,"column":3}}},"4":{"name":"(anonymous_4)","decl":{"start":{"line":48,"column":2},"end":{"line":48,"column":7}},"loc":{"start":{"line":48,"column":25},"end":{"line":56,"column":3}}}},"branchMap":{"0":{"loc":{"start":{"line":10,"column":14},"end":{"line":10,"column":56}},"type":"default-arg","locations":[{"start":{"line":10,"column":54},"end":{"line":10,"column":56}}]},"1":{"loc":{"start":{"line":13,"column":20},"end":{"line":13,"column":69}},"type":"binary-expr","locations":[{"start":{"line":13,"column":20},"end":{"line":13,"column":46}},{"start":{"line":13,"column":50},"end":{"line":13,"column":69}}]},"2":{"loc":{"start":{"line":14,"column":19},"end":{"line":14,"column":66}},"type":"binary-expr","locations":[{"start":{"line":14,"column":19},"end":{"line":14,"column":44}},{"start":{"line":14,"column":48},"end":{"line":14,"column":66}}]},"3":{"loc":{"start":{"line":15,"column":18},"end":{"line":15,"column":63}},"type":"binary-expr","locations":[{"start":{"line":15,"column":18},"end":{"line":15,"column":42}},{"start":{"line":15,"column":46},"end":{"line":15,"column":63}}]},"4":{"loc":{"start":{"line":16,"column":20},"end":{"line":16,"column":52}},"type":"binary-expr","locations":[{"start":{"line":16,"column":20},"end":{"line":16,"column":46}},{"start":{"line":16,"column":50},"end":{"line":16,"column":52}}]}},"s":{"0":0,"1":0,"2":0,"3":0,"4":0,"5":0,"6":0,"7":0,"8":0},"f":{"0":0,"1":0,"2":0,"3":0,"4":0},"b":{"0":[0],"1":[0,0],"2":[0,0],"3":[0,0],"4":[0,0]}}
,"/Users/alanhelmick/Documents/GitHub/sentient-social/src/implementation/default_text_stream.ts": {"path":"/Users/alanhelmick/Documents/GitHub/sentient-social/src/implementation/default_text_stream.ts","statementMap":{"0":{"start":{"line":5,"column":0},"end":{"line":5,"column":64}},"1":{"start":{"line":9,"column":0},"end":{"line":9,"column":68}},"2":{"start":{"line":32,"column":4},"end":{"line":32,"column":44}},"3":{"start":{"line":33,"column":4},"end":{"line":33,"column":40}},"4":{"start":{"line":34,"column":4},"end":{"line":34,"column":38}},"5":{"start":{"line":35,"column":4},"end":{"line":35,"column":30}},"6":{"start":{"line":36,"column":4},"end":{"line":36,"column":29}},"7":{"start":{"line":39,"column":4},"end":{"line":39,"column":86}},"8":{"start":{"line":49,"column":4},"end":{"line":53,"column":5}},"9":{"start":{"line":50,"column":6},"end":{"line":52,"column":8}},"10":{"start":{"line":55,"column":18},"end":{"line":61,"column":6}},"11":{"start":{"line":63,"column":4},"end":{"line":63,"column":33}},"12":{"start":{"line":66,"column":4},"end":{"line":66,"column":67}},"13":{"start":{"line":68,"column":4},"end":{"line":68,"column":16}},"14":{"start":{"line":76,"column":4},"end":{"line":80,"column":5}},"15":{"start":{"line":77,"column":6},"end":{"line":79,"column":8}},"16":{"start":{"line":82,"column":18},"end":{"line":88,"column":6}},"17":{"start":{"line":90,"column":4},"end":{"line":90,"column":33}},"18":{"start":{"line":91,"column":4},"end":{"line":91,"column":28}},"19":{"start":{"line":94,"column":4},"end":{"line":94,"column":69}},"20":{"start":{"line":101,"column":4},"end":{"line":101,"column":26}},"21":{"start":{"line":108,"column":4},"end":{"line":108,"column":28}},"22":{"start":{"line":15,"column":0},"end":{"line":15,"column":13}}},"fnMap":{"0":{"name":"(anonymous_0)","decl":{"start":{"line":26,"column":2},"end":{"line":26,"column":14}},"loc":{"start":{"line":31,"column":3},"end":{"line":40,"column":3}}},"1":{"name":"(anonymous_1)","decl":{"start":{"line":48,"column":2},"end":{"line":48,"column":7}},"loc":{"start":{"line":48,"column":31},"end":{"line":69,"column":3}}},"2":{"name":"(anonymous_2)","decl":{"start":{"line":75,"column":2},"end":{"line":75,"column":7}},"loc":{"start":{"line":75,"column":16},"end":{"line":95,"column":3}}},"3":{"name":"(anonymous_3)","decl":{"start":{"line":100,"column":2},"end":{"line":100,"column":6}},"loc":{"start":{"line":100,"column":8},"end":{"line":102,"column":3}}},"4":{"name":"(anonymous_4)","decl":{"start":{"line":107,"column":2},"end":{"line":107,"column":6}},"loc":{"start":{"line":107,"column":16},"end":{"line":109,"column":3}}}},"branchMap":{"0":{"loc":{"start":{"line":49,"column":4},"end":{"line":53,"column":5}},"type":"if","locations":[{"start":{"line":49,"column":4},"end":{"line":53,"column":5}}]},"1":{"loc":{"start":{"line":76,"column":4},"end":{"line":80,"column":5}},"type":"if","locations":[{"start":{"line":76,"column":4},"end":{"line":80,"column":5}}]}},"s":{"0":0,"1":0,"2":0,"3":0,"4":0,"5":0,"6":0,"7":0,"8":0,"9":0,"10":0,"11":0,"12":0,"13":0,"14":0,"15":0,"16":0,"17":0,"18":0,"19":0,"20":0,"21":0,"22":0},"f":{"0":0,"1":0,"2":0,"3":0,"4":0},"b":{"0":[0],"1":[0]}}
,"/Users/alanhelmick/Documents/GitHub/sentient-social/src/implementation/response_event_adapter.ts": {"path":"/Users/alanhelmick/Documents/GitHub/sentient-social/src/implementation/response_event_adapter.ts","statementMap":{"0":{"start":{"line":5,"column":0},"end":{"line":5,"column":null}},"1":{"start":{"line":27,"column":4},"end":{"line":29,"column":5}},"2":{"start":{"line":28,"column":6},"end":{"line":28,"column":54}},"3":{"start":{"line":31,"column":4},"end":{"line":33,"column":5}},"4":{"start":{"line":32,"column":6},"end":{"line":32,"column":61}},"5":{"start":{"line":35,"column":4},"end":{"line":37,"column":5}},"6":{"start":{"line":36,"column":6},"end":{"line":36,"column":59}},"7":{"start":{"line":39,"column":4},"end":{"line":41,"column":5}},"8":{"start":{"line":40,"column":6},"end":{"line":40,"column":51}},"9":{"start":{"line":43,"column":4},"end":{"line":45,"column":5}},"10":{"start":{"line":44,"column":6},"end":{"line":44,"column":55}},"11":{"start":{"line":48,"column":4},"end":{"line":50,"column":5}},"12":{"start":{"line":49,"column":6},"end":{"line":49,"column":34}},"13":{"start":{"line":53,"column":4},"end":{"line":66,"column":5}},"14":{"start":{"line":55,"column":8},"end":{"line":55,"column":48}},"15":{"start":{"line":57,"column":8},"end":{"line":57,"column":49}},"16":{"start":{"line":59,"column":8},"end":{"line":59,"column":49}},"17":{"start":{"line":61,"column":8},"end":{"line":61,"column":45}},"18":{"start":{"line":63,"column":8},"end":{"line":63,"column":44}},"19":{"start":{"line":65,"column":8},"end":{"line":65,"column":84}},"20":{"start":{"line":76,"column":4},"end":{"line":78,"column":5}},"21":{"start":{"line":77,"column":6},"end":{"line":77,"column":74}},"22":{"start":{"line":80,"column":4},"end":{"line":80,"column":33}},"23":{"start":{"line":90,"column":4},"end":{"line":92,"column":5}},"24":{"start":{"line":91,"column":6},"end":{"line":91,"column":74}},"25":{"start":{"line":94,"column":4},"end":{"line":94,"column":34}},"26":{"start":{"line":104,"column":4},"end":{"line":106,"column":5}},"27":{"start":{"line":105,"column":6},"end":{"line":105,"column":67}},"28":{"start":{"line":108,"column":4},"end":{"line":110,"column":5}},"29":{"start":{"line":109,"column":6},"end":{"line":109,"column":69}},"30":{"start":{"line":112,"column":4},"end":{"line":114,"column":5}},"31":{"start":{"line":113,"column":6},"end":{"line":113,"column":74}},"32":{"start":{"line":116,"column":4},"end":{"line":116,"column":34}},"33":{"start":{"line":126,"column":4},"end":{"line":128,"column":5}},"34":{"start":{"line":127,"column":6},"end":{"line":127,"column":71}},"35":{"start":{"line":130,"column":20},"end":{"line":130,"column":48}},"36":{"start":{"line":132,"column":4},"end":{"line":134,"column":5}},"37":{"start":{"line":133,"column":6},"end":{"line":133,"column":84}},"38":{"start":{"line":137,"column":4},"end":{"line":139,"column":5}},"39":{"start":{"line":138,"column":6},"end":{"line":138,"column":31}},"40":{"start":{"line":141,"column":4},"end":{"line":141,"column":30}},"41":{"start":{"line":150,"column":4},"end":{"line":150,"column":29}},"42":{"start":{"line":19,"column":0},"end":{"line":19,"column":13}}},"fnMap":{"0":{"name":"(anonymous_0)","decl":{"start":{"line":26,"column":2},"end":{"line":26,"column":8}},"loc":{"start":{"line":26,"column":31},"end":{"line":67,"column":3}}},"1":{"name":"(anonymous_1)","decl":{"start":{"line":75,"column":10},"end":{"line":75,"column":16}},"loc":{"start":{"line":75,"column":48},"end":{"line":81,"column":3}}},"2":{"name":"(anonymous_2)","decl":{"start":{"line":89,"column":10},"end":{"line":89,"column":16}},"loc":{"start":{"line":89,"column":49},"end":{"line":95,"column":3}}},"3":{"name":"(anonymous_3)","decl":{"start":{"line":103,"column":10},"end":{"line":103,"column":16}},"loc":{"start":{"line":103,"column":49},"end":{"line":117,"column":3}}},"4":{"name":"(anonymous_4)","decl":{"start":{"line":125,"column":10},"end":{"line":125,"column":16}},"loc":{"start":{"line":125,"column":45},"end":{"line":142,"column":3}}},"5":{"name":"(anonymous_5)","decl":{"start":{"line":149,"column":10},"end":{"line":149,"column":16}},"loc":{"start":{"line":149,"column":44},"end":{"line":151,"column":3}}}},"branchMap":{"0":{"loc":{"start":{"line":27,"column":4},"end":{"line":29,"column":5}},"type":"if","locations":[{"start":{"line":27,"column":4},"end":{"line":29,"column":5}}]},"1":{"loc":{"start":{"line":27,"column":8},"end":{"line":27,"column":41}},"type":"binary-expr","locations":[{"start":{"line":27,"column":8},"end":{"line":27,"column":13}},{"start":{"line":27,"column":17},"end":{"line":27,"column":41}}]},"2":{"loc":{"start":{"line":31,"column":4},"end":{"line":33,"column":5}},"type":"if","locations":[{"start":{"line":31,"column":4},"end":{"line":33,"column":5}}]},"3":{"loc":{"start":{"line":35,"column":4},"end":{"line":37,"column":5}},"type":"if","locations":[{"start":{"line":35,"column":4},"end":{"line":37,"column":5}}]},"4":{"loc":{"start":{"line":39,"column":4},"end":{"line":41,"column":5}},"type":"if","locations":[{"start":{"line":39,"column":4},"end":{"line":41,"column":5}}]},"5":{"loc":{"start":{"line":43,"column":4},"end":{"line":45,"column":5}},"type":"if","locations":[{"start":{"line":43,"column":4},"end":{"line":45,"column":5}}]},"6":{"loc":{"start":{"line":48,"column":4},"end":{"line":50,"column":5}},"type":"if","locations":[{"start":{"line":48,"column":4},"end":{"line":50,"column":5}}]},"7":{"loc":{"start":{"line":53,"column":4},"end":{"line":66,"column":5}},"type":"switch","locations":[{"start":{"line":54,"column":6},"end":{"line":55,"column":48}},{"start":{"line":56,"column":6},"end":{"line":57,"column":49}},{"start":{"line":58,"column":6},"end":{"line":59,"column":49}},{"start":{"line":60,"column":6},"end":{"line":61,"column":45}},{"start":{"line":62,"column":6},"end":{"line":63,"column":44}},{"start":{"line":64,"column":6},"end":{"line":65,"column":84}}]},"8":{"loc":{"start":{"line":76,"column":4},"end":{"line":78,"column":5}},"type":"if","locations":[{"start":{"line":76,"column":4},"end":{"line":78,"column":5}}]},"9":{"loc":{"start":{"line":76,"column":8},"end":{"line":76,"column":57}},"type":"binary-expr","locations":[{"start":{"line":76,"column":8},"end":{"line":76,"column":21}},{"start":{"line":76,"column":25},"end":{"line":76,"column":57}}]},"10":{"loc":{"start":{"line":90,"column":4},"end":{"line":92,"column":5}},"type":"if","locations":[{"start":{"line":90,"column":4},"end":{"line":92,"column":5}}]},"11":{"loc":{"start":{"line":90,"column":8},"end":{"line":90,"column":57}},"type":"binary-expr","locations":[{"start":{"line":90,"column":8},"end":{"line":90,"column":21}},{"start":{"line":90,"column":25},"end":{"line":90,"column":57}}]},"12":{"loc":{"start":{"line":104,"column":4},"end":{"line":106,"column":5}},"type":"if","locations":[{"start":{"line":104,"column":4},"end":{"line":106,"column":5}}]},"13":{"loc":{"start":{"line":108,"column":4},"end":{"line":110,"column":5}},"type":"if","locations":[{"start":{"line":108,"column":4},"end":{"line":110,"column":5}}]},"14":{"loc":{"start":{"line":112,"column":4},"end":{"line":114,"column":5}},"type":"if","locations":[{"start":{"line":112,"column":4},"end":{"line":114,"column":5}}]},"15":{"loc":{"start":{"line":112,"column":8},"end":{"line":112,"column":57}},"type":"binary-expr","locations":[{"start":{"line":112,"column":8},"end":{"line":112,"column":21}},{"start":{"line":112,"column":25},"end":{"line":112,"column":57}}]},"16":{"loc":{"start":{"line":126,"column":4},"end":{"line":128,"column":5}},"type":"if","locations":[{"start":{"line":126,"column":4},"end":{"line":128,"column":5}}]},"17":{"loc":{"start":{"line":126,"column":8},"end":{"line":126,"column":57}},"type":"binary-expr","locations":[{"start":{"line":126,"column":8},"end":{"line":126,"column":21}},{"start":{"line":126,"column":25},"end":{"line":126,"column":57}}]},"18":{"loc":{"start":{"line":132,"column":4},"end":{"line":134,"column":5}},"type":"if","locations":[{"start":{"line":132,"column":4},"end":{"line":134,"column":5}}]},"19":{"loc":{"start":{"line":132,"column":8},"end":{"line":132,"column":75}},"type":"binary-expr","locations":[{"start":{"line":132,"column":8},"end":{"line":132,"column":30}},{"start":{"line":132,"column":34},"end":{"line":132,"column":75}}]},"20":{"loc":{"start":{"line":137,"column":4},"end":{"line":139,"column":5}},"type":"if","locations":[{"start":{"line":137,"column":4},"end":{"line":139,"column":5}}]}},"s":{"0":1,"1":3,"2":0,"3":3,"4":0,"5":3,"6":0,"7":3,"8":0,"9":3,"10":0,"11":3,"12":3,"13":3,"14":1,"15":1,"16":0,"17":1,"18":0,"19":0,"20":1,"21":0,"22":1,"23":1,"24":0,"25":1,"26":0,"27":0,"28":0,"29":0,"30":0,"31":0,"32":0,"33":1,"34":0,"35":1,"36":1,"37":0,"38":1,"39":0,"40":1,"41":0,"42":1},"f":{"0":3,"1":1,"2":1,"3":0,"4":1,"5":0},"b":{"0":[0],"1":[3,3],"2":[0],"3":[0],"4":[0],"5":[0],"6":[3],"7":[1,1,0,1,0,0],"8":[0],"9":[1,1],"10":[0],"11":[1,1],"12":[0],"13":[0],"14":[0],"15":[0,0],"16":[0],"17":[1,1],"18":[0],"19":[1,1],"20":[0]}}
,"/Users/alanhelmick/Documents/GitHub/sentient-social/src/interface/agent.ts": {"path":"/Users/alanhelmick/Documents/GitHub/sentient-social/src/interface/agent.ts","statementMap":{"0":{"start":{"line":12,"column":4},"end":{"line":12,"column":21}},"1":{"start":{"line":8,"column":0},"end":{"line":8,"column":22}}},"fnMap":{"0":{"name":"(anonymous_0)","decl":{"start":{"line":11,"column":2},"end":{"line":11,"column":14}},"loc":{"start":{"line":11,"column":26},"end":{"line":13,"column":3}}}},"branchMap":{},"s":{"0":0,"1":0},"f":{"0":0},"b":{}}
,"/Users/alanhelmick/Documents/GitHub/sentient-social/src/interface/event_factories.ts": {"path":"/Users/alanhelmick/Documents/GitHub/sentient-social/src/interface/event_factories.ts","statementMap":{"0":{"start":{"line":35,"column":0},"end":{"line":35,"column":16}},"1":{"start":{"line":56,"column":0},"end":{"line":56,"column":16}},"2":{"start":{"line":82,"column":0},"end":{"line":82,"column":16}},"3":{"start":{"line":108,"column":0},"end":{"line":108,"column":16}},"4":{"start":{"line":138,"column":0},"end":{"line":138,"column":16}},"5":{"start":{"line":172,"column":0},"end":{"line":172,"column":16}},"6":{"start":{"line":6,"column":0},"end":{"line":6,"column":35}},"7":{"start":{"line":7,"column":0},"end":{"line":7,"column":null}},"8":{"start":{"line":19,"column":17},"end":{"line":19,"column":27}},"9":{"start":{"line":24,"column":31},"end":{"line":24,"column":36}},"10":{"start":{"line":42,"column":2},"end":{"line":48,"column":17}},"11":{"start":{"line":64,"column":2},"end":{"line":74,"column":4}},"12":{"start":{"line":90,"column":2},"end":{"line":100,"column":4}},"13":{"start":{"line":118,"column":2},"end":{"line":130,"column":4}},"14":{"start":{"line":147,"column":37},"end":{"line":151,"column":4}},"15":{"start":{"line":153,"column":2},"end":{"line":164,"column":4}},"16":{"start":{"line":178,"column":2},"end":{"line":188,"column":4}}},"fnMap":{"0":{"name":"createBaseEvent","decl":{"start":{"line":35,"column":16},"end":{"line":35,"column":31}},"loc":{"start":{"line":40,"column":32},"end":{"line":49,"column":1}}},"1":{"name":"createDocumentEvent","decl":{"start":{"line":56,"column":16},"end":{"line":56,"column":35}},"loc":{"start":{"line":63,"column":1},"end":{"line":75,"column":1}}},"2":{"name":"createTextBlockEvent","decl":{"start":{"line":82,"column":16},"end":{"line":82,"column":36}},"loc":{"start":{"line":89,"column":1},"end":{"line":101,"column":1}}},"3":{"name":"createTextChunkEvent","decl":{"start":{"line":108,"column":16},"end":{"line":108,"column":36}},"loc":{"start":{"line":117,"column":1},"end":{"line":131,"column":1}}},"4":{"name":"createErrorEvent","decl":{"start":{"line":138,"column":16},"end":{"line":138,"column":32}},"loc":{"start":{"line":146,"column":1},"end":{"line":165,"column":1}}},"5":{"name":"createDoneEvent","decl":{"start":{"line":172,"column":16},"end":{"line":172,"column":31}},"loc":{"start":{"line":177,"column":1},"end":{"line":189,"column":1}}}},"branchMap":{"0":{"loc":{"start":{"line":43,"column":8},"end":{"line":43,"column":20}},"type":"binary-expr","locations":[{"start":{"line":43,"column":8},"end":{"line":43,"column":10}},{"start":{"line":43,"column":14},"end":{"line":43,"column":20}}]},"1":{"loc":{"start":{"line":46,"column":20},"end":{"line":46,"column":59}},"type":"binary-expr","locations":[{"start":{"line":46,"column":20},"end":{"line":46,"column":33}},{"start":{"line":46,"column":37},"end":{"line":46,"column":59}}]}},"s":{"0":0,"1":0,"2":0,"3":0,"4":0,"5":0,"6":0,"7":0,"8":0,"9":0,"10":0,"11":0,"12":0,"13":0,"14":0,"15":0,"16":0},"f":{"0":0,"1":0,"2":0,"3":0,"4":0,"5":0},"b":{"0":[0,0],"1":[0,0]}}
,"/Users/alanhelmick/Documents/GitHub/sentient-social/src/interface/events.ts": {"path":"/Users/alanhelmick/Documents/GitHub/sentient-social/src/interface/events.ts","statementMap":{"0":{"start":{"line":5,"column":13},"end":{"line":5,"column":29}},"1":{"start":{"line":6,"column":13},"end":{"line":6,"column":38}},"2":{"start":{"line":8,"column":0},"end":{"line":8,"column":null}},"3":{"start":{"line":9,"column":2},"end":{"line":9,"column":null}},"4":{"start":{"line":10,"column":2},"end":{"line":10,"column":null}},"5":{"start":{"line":13,"column":0},"end":{"line":13,"column":null}},"6":{"start":{"line":14,"column":2},"end":{"line":14,"column":null}},"7":{"start":{"line":15,"column":2},"end":{"line":15,"column":null}},"8":{"start":{"line":16,"column":2},"end":{"line":16,"column":null}},"9":{"start":{"line":17,"column":2},"end":{"line":17,"column":null}},"10":{"start":{"line":18,"column":2},"end":{"line":18,"column":null}}},"fnMap":{"0":{"name":"(anonymous_0)","decl":{"start":{"line":8,"column":0},"end":{"line":8,"column":12}},"loc":{"start":{"line":8,"column":25},"end":{"line":11,"column":1}}},"1":{"name":"(anonymous_1)","decl":{"start":{"line":13,"column":0},"end":{"line":13,"column":12}},"loc":{"start":{"line":13,"column":28},"end":{"line":19,"column":1}}}},"branchMap":{"0":{"loc":{"start":{"line":8,"column":12},"end":{"line":8,"column":null}},"type":"binary-expr","locations":[{"start":{"line":8,"column":12},"end":{"line":8,"column":25}},{"start":{"line":8,"column":25},"end":{"line":8,"column":null}}]},"1":{"loc":{"start":{"line":13,"column":12},"end":{"line":13,"column":null}},"type":"binary-expr","locations":[{"start":{"line":13,"column":12},"end":{"line":13,"column":28}},{"start":{"line":13,"column":28},"end":{"line":13,"column":null}}]}},"s":{"0":1,"1":1,"2":1,"3":1,"4":1,"5":1,"6":1,"7":1,"8":1,"9":1,"10":1},"f":{"0":1,"1":1},"b":{"0":[1,1],"1":[1,1]}}
,"/Users/alanhelmick/Documents/GitHub/sentient-social/src/interface/exceptions.ts": {"path":"/Users/alanhelmick/Documents/GitHub/sentient-social/src/interface/exceptions.ts","statementMap":{"0":{"start":{"line":10,"column":4},"end":{"line":10,"column":19}},"1":{"start":{"line":11,"column":4},"end":{"line":11,"column":33}},"2":{"start":{"line":12,"column":4},"end":{"line":12,"column":58}},"3":{"start":{"line":8,"column":0},"end":{"line":8,"column":13}},"4":{"start":{"line":21,"column":4},"end":{"line":21,"column":19}},"5":{"start":{"line":22,"column":4},"end":{"line":22,"column":29}},"6":{"start":{"line":23,"column":4},"end":{"line":23,"column":54}},"7":{"start":{"line":19,"column":0},"end":{"line":19,"column":13}},"8":{"start":{"line":32,"column":4},"end":{"line":32,"column":19}},"9":{"start":{"line":33,"column":4},"end":{"line":33,"column":44}},"10":{"start":{"line":34,"column":4},"end":{"line":34,"column":69}},"11":{"start":{"line":30,"column":0},"end":{"line":30,"column":13}},"12":{"start":{"line":43,"column":4},"end":{"line":43,"column":19}},"13":{"start":{"line":44,"column":4},"end":{"line":44,"column":40}},"14":{"start":{"line":45,"column":4},"end":{"line":45,"column":65}},"15":{"start":{"line":41,"column":0},"end":{"line":41,"column":13}}},"fnMap":{"0":{"name":"(anonymous_0)","decl":{"start":{"line":9,"column":2},"end":{"line":9,"column":14}},"loc":{"start":{"line":9,"column":29},"end":{"line":13,"column":3}}},"1":{"name":"(anonymous_1)","decl":{"start":{"line":20,"column":2},"end":{"line":20,"column":14}},"loc":{"start":{"line":20,"column":29},"end":{"line":24,"column":3}}},"2":{"name":"(anonymous_2)","decl":{"start":{"line":31,"column":2},"end":{"line":31,"column":14}},"loc":{"start":{"line":31,"column":29},"end":{"line":35,"column":3}}},"3":{"name":"(anonymous_3)","decl":{"start":{"line":42,"column":2},"end":{"line":42,"column":14}},"loc":{"start":{"line":42,"column":29},"end":{"line":46,"column":3}}}},"branchMap":{},"s":{"0":0,"1":0,"2":0,"3":0,"4":0,"5":0,"6":0,"7":0,"8":0,"9":0,"10":0,"11":0,"12":0,"13":0,"14":0,"15":0},"f":{"0":0,"1":0,"2":0,"3":0},"b":{}}
,"/Users/alanhelmick/Documents/GitHub/sentient-social/src/interface/identity.ts": {"path":"/Users/alanhelmick/Documents/GitHub/sentient-social/src/interface/identity.ts","statementMap":{"0":{"start":{"line":10,"column":4},"end":{"line":10,"column":17}},"1":{"start":{"line":11,"column":4},"end":{"line":11,"column":21}},"2":{"start":{"line":15,"column":4},"end":{"line":15,"column":37}},"3":{"start":{"line":5,"column":0},"end":{"line":5,"column":13}}},"fnMap":{"0":{"name":"(anonymous_0)","decl":{"start":{"line":9,"column":2},"end":{"line":9,"column":14}},"loc":{"start":{"line":9,"column":38},"end":{"line":12,"column":3}}},"1":{"name":"(anonymous_1)","decl":{"start":{"line":14,"column":2},"end":{"line":14,"column":10}},"loc":{"start":{"line":14,"column":10},"end":{"line":16,"column":3}}}},"branchMap":{},"s":{"0":0,"1":0,"2":0,"3":0},"f":{"0":0,"1":0},"b":{}}
}
