{"/home/runner/work/sentient-node-sdk/sentient-node-sdk/src/agent.ts": {"path":"/home/runner/work/sentient-node-sdk/sentient-node-sdk/src/agent.ts","statementMap":{"0":{"start":{"line":8,"column":0},"end":{"line":8,"column":29}},"1":{"start":{"line":9,"column":0},"end":{"line":9,"column":45}},"2":{"start":{"line":24,"column":15},"end":{"line":28,"column":2}},"3":{"start":{"line":25,"column":27},"end":{"line":25,"column":44}},"4":{"start":{"line":26,"column":28},"end":{"line":26,"column":46}},"5":{"start":{"line":27,"column":27},"end":{"line":27,"column":44}},"6":{"start":{"line":32,"column":51},"end":{"line":32,"column":53}},"7":{"start":{"line":33,"column":28},"end":{"line":33,"column":33}},"8":{"start":{"line":37,"column":8},"end":{"line":37,"column":53}},"9":{"start":{"line":38,"column":8},"end":{"line":38,"column":40}},"10":{"start":{"line":46,"column":8},"end":{"line":49,"column":9}},"11":{"start":{"line":47,"column":12},"end":{"line":47,"column":62}},"12":{"start":{"line":48,"column":12},"end":{"line":48,"column":19}},"13":{"start":{"line":51,"column":8},"end":{"line":51,"column":66}},"14":{"start":{"line":54,"column":8},"end":{"line":54,"column":31}},"15":{"start":{"line":56,"column":8},"end":{"line":56,"column":34}},"16":{"start":{"line":57,"column":8},"end":{"line":57,"column":62}},"17":{"start":{"line":61,"column":8},"end":{"line":61,"column":54}},"18":{"start":{"line":63,"column":29},"end":{"line":63,"column":67}},"19":{"start":{"line":65,"column":8},"end":{"line":71,"column":9}},"20":{"start":{"line":68,"column":12},"end":{"line":68,"column":87}},"21":{"start":{"line":70,"column":12},"end":{"line":70,"column":99}},"22":{"start":{"line":79,"column":8},"end":{"line":82,"column":9}},"23":{"start":{"line":80,"column":12},"end":{"line":80,"column":85}},"24":{"start":{"line":81,"column":12},"end":{"line":81,"column":53}},"25":{"start":{"line":84,"column":8},"end":{"line":84,"column":48}},"26":{"start":{"line":86,"column":46},"end":{"line":86,"column":48}},"27":{"start":{"line":87,"column":26},"end":{"line":87,"column":49}},"28":{"start":{"line":89,"column":8},"end":{"line":92,"column":9}},"29":{"start":{"line":90,"column":12},"end":{"line":90,"column":70}},"30":{"start":{"line":91,"column":12},"end":{"line":91,"column":19}},"31":{"start":{"line":94,"column":8},"end":{"line":94,"column":77}},"32":{"start":{"line":96,"column":8},"end":{"line":114,"column":9}},"33":{"start":{"line":97,"column":25},"end":{"line":97,"column":41}},"34":{"start":{"line":98,"column":12},"end":{"line":98,"column":75}},"35":{"start":{"line":99,"column":12},"end":{"line":99,"column":64}},"36":{"start":{"line":101,"column":31},"end":{"line":112,"column":18}},"37":{"start":{"line":103,"column":20},"end":{"line":103,"column":77}},"38":{"start":{"line":104,"column":20},"end":{"line":104,"column":79}},"39":{"start":{"line":108,"column":20},"end":{"line":108,"column":78}},"40":{"start":{"line":109,"column":20},"end":{"line":109,"column":120}},"41":{"start":{"line":111,"column":20},"end":{"line":111,"column":30}},"42":{"start":{"line":113,"column":12},"end":{"line":113,"column":42}},"43":{"start":{"line":117,"column":24},"end":{"line":117,"column":62}},"44":{"start":{"line":119,"column":8},"end":{"line":119,"column":82}},"45":{"start":{"line":121,"column":27},"end":{"line":121,"column":31}},"46":{"start":{"line":122,"column":8},"end":{"line":131,"column":11}},"47":{"start":{"line":123,"column":29},"end":{"line":123,"column":45}},"48":{"start":{"line":124,"column":12},"end":{"line":130,"column":13}},"49":{"start":{"line":125,"column":16},"end":{"line":125,"column":37}},"50":{"start":{"line":127,"column":16},"end":{"line":127,"column":81}},"51":{"start":{"line":129,"column":16},"end":{"line":129,"column":80}},"52":{"start":{"line":133,"column":8},"end":{"line":137,"column":9}},"53":{"start":{"line":134,"column":12},"end":{"line":134,"column":69}},"54":{"start":{"line":136,"column":12},"end":{"line":136,"column":95}},"55":{"start":{"line":30,"column":0},"end":{"line":30,"column":13}}},"fnMap":{"0":{"name":"(anonymous_9)","decl":{"start":{"line":25,"column":10},"end":{"line":25,"column":11}},"loc":{"start":{"line":25,"column":27},"end":{"line":25,"column":44}}},"1":{"name":"(anonymous_10)","decl":{"start":{"line":26,"column":11},"end":{"line":26,"column":12}},"loc":{"start":{"line":26,"column":28},"end":{"line":26,"column":46}}},"2":{"name":"(anonymous_11)","decl":{"start":{"line":27,"column":10},"end":{"line":27,"column":11}},"loc":{"start":{"line":27,"column":27},"end":{"line":27,"column":44}}},"3":{"name":"(anonymous_12)","decl":{"start":{"line":35,"column":4},"end":{"line":35,"column":null}},"loc":{"start":{"line":35,"column":4},"end":{"line":39,"column":5}}},"4":{"name":"(anonymous_13)","decl":{"start":{"line":45,"column":4},"end":{"line":45,"column":9}},"loc":{"start":{"line":45,"column":14},"end":{"line":58,"column":5}}},"5":{"name":"(anonymous_14)","decl":{"start":{"line":60,"column":12},"end":{"line":60,"column":17}},"loc":{"start":{"line":60,"column":27},"end":{"line":72,"column":5}}},"6":{"name":"(anonymous_15)","decl":{"start":{"line":78,"column":4},"end":{"line":78,"column":9}},"loc":{"start":{"line":78,"column":13},"end":{"line":138,"column":5}}},"7":{"name":"(anonymous_16)","decl":{"start":{"line":102,"column":22},"end":{"line":102,"column":25}},"loc":{"start":{"line":102,"column":27},"end":{"line":105,"column":17}}},"8":{"name":"(anonymous_17)","decl":{"start":{"line":106,"column":23},"end":{"line":106,"column":26}},"loc":{"start":{"line":106,"column":29},"end":{"line":112,"column":17}}},"9":{"name":"(anonymous_18)","decl":{"start":{"line":122,"column":24},"end":{"line":122,"column":25}},"loc":{"start":{"line":122,"column":42},"end":{"line":131,"column":9}}}},"branchMap":{"0":{"loc":{"start":{"line":46,"column":8},"end":{"line":49,"column":9}},"type":"if","locations":[{"start":{"line":46,"column":8},"end":{"line":49,"column":9}}]},"1":{"loc":{"start":{"line":70,"column":64},"end":{"line":70,"column":95}},"type":"binary-expr","locations":[{"start":{"line":70,"column":64},"end":{"line":70,"column":78}},{"start":{"line":70,"column":82},"end":{"line":70,"column":95}}]},"2":{"loc":{"start":{"line":79,"column":8},"end":{"line":82,"column":9}},"type":"if","locations":[{"start":{"line":79,"column":8},"end":{"line":82,"column":9}}]},"3":{"loc":{"start":{"line":89,"column":8},"end":{"line":92,"column":9}},"type":"if","locations":[{"start":{"line":89,"column":8},"end":{"line":92,"column":9}}]},"4":{"loc":{"start":{"line":109,"column":89},"end":{"line":109,"column":116}},"type":"binary-expr","locations":[{"start":{"line":109,"column":89},"end":{"line":109,"column":101}},{"start":{"line":109,"column":105},"end":{"line":109,"column":116}}]},"5":{"loc":{"start":{"line":124,"column":12},"end":{"line":130,"column":13}},"type":"if","locations":[{"start":{"line":124,"column":12},"end":{"line":130,"column":13}},{"start":{"line":128,"column":19},"end":{"line":130,"column":13}}]},"6":{"loc":{"start":{"line":133,"column":8},"end":{"line":137,"column":9}},"type":"if","locations":[{"start":{"line":133,"column":8},"end":{"line":137,"column":9}},{"start":{"line":135,"column":15},"end":{"line":137,"column":9}}]}},"s":{"0":0,"1":0,"2":0,"3":0,"4":0,"5":0,"6":0,"7":0,"8":0,"9":0,"10":0,"11":0,"12":0,"13":0,"14":0,"15":0,"16":0,"17":0,"18":0,"19":0,"20":0,"21":0,"22":0,"23":0,"24":0,"25":0,"26":0,"27":0,"28":0,"29":0,"30":0,"31":0,"32":0,"33":0,"34":0,"35":0,"36":0,"37":0,"38":0,"39":0,"40":0,"41":0,"42":0,"43":0,"44":0,"45":0,"46":0,"47":0,"48":0,"49":0,"50":0,"51":0,"52":0,"53":0,"54":0,"55":0},"f":{"0":0,"1":0,"2":0,"3":0,"4":0,"5":0,"6":0,"7":0,"8":0,"9":0},"b":{"0":[0],"1":[0,0],"2":[0],"3":[0],"4":[0,0],"5":[0,0],"6":[0,0]}}
,"/home/runner/work/sentient-node-sdk/sentient-node-sdk/src/agent_config.ts": {"path":"/home/runner/work/sentient-node-sdk/sentient-node-sdk/src/agent_config.ts","statementMap":{"0":{"start":{"line":13,"column":38},"end":{"line":13,"column":42}},"1":{"start":{"line":14,"column":38},"end":{"line":14,"column":42}},"2":{"start":{"line":7,"column":0},"end":{"line":7,"column":13}}},"fnMap":{"0":{"name":"(anonymous_0)","decl":{"start":{"line":19,"column":4},"end":{"line":19,"column":null}},"loc":{"start":{"line":19,"column":4},"end":{"line":43,"column":5}}}},"branchMap":{},"s":{"0":0,"1":0,"2":0},"f":{"0":0},"b":{}}
,"/home/runner/work/sentient-node-sdk/sentient-node-sdk/src/cli.ts": {"path":"/home/runner/work/sentient-node-sdk/sentient-node-sdk/src/cli.ts","statementMap":{"0":{"start":{"line":19,"column":0},"end":{"line":19,"column":69}},"1":{"start":{"line":20,"column":0},"end":{"line":20,"column":null}},"2":{"start":{"line":28,"column":0},"end":{"line":28,"column":37}},"3":{"start":{"line":29,"column":0},"end":{"line":29,"column":25}},"4":{"start":{"line":30,"column":0},"end":{"line":30,"column":29}},"5":{"start":{"line":36,"column":2},"end":{"line":36,"column":61}},"6":{"start":{"line":40,"column":2},"end":{"line":40,"column":54}},"7":{"start":{"line":44,"column":2},"end":{"line":44,"column":59}},"8":{"start":{"line":48,"column":2},"end":{"line":48,"column":55}},"9":{"start":{"line":59,"column":4},"end":{"line":59,"column":44}},"10":{"start":{"line":60,"column":4},"end":{"line":63,"column":7}},"11":{"start":{"line":70,"column":4},"end":{"line":82,"column":5}},"12":{"start":{"line":71,"column":24},"end":{"line":71,"column":61}},"13":{"start":{"line":72,"column":6},"end":{"line":77,"column":7}},"14":{"start":{"line":73,"column":22},"end":{"line":73,"column":57}},"15":{"start":{"line":74,"column":8},"end":{"line":74,"column":27}},"16":{"start":{"line":76,"column":8},"end":{"line":76,"column":60}},"17":{"start":{"line":78,"column":6},"end":{"line":78,"column":20}},"18":{"start":{"line":80,"column":6},"end":{"line":80,"column":58}},"19":{"start":{"line":81,"column":6},"end":{"line":81,"column":20}},"20":{"start":{"line":89,"column":4},"end":{"line":89,"column":33}},"21":{"start":{"line":90,"column":4},"end":{"line":90,"column":18}},"22":{"start":{"line":97,"column":4},"end":{"line":101,"column":7}},"23":{"start":{"line":98,"column":6},"end":{"line":100,"column":9}},"24":{"start":{"line":99,"column":8},"end":{"line":99,"column":24}},"25":{"start":{"line":109,"column":4},"end":{"line":109,"column":22}},"26":{"start":{"line":112,"column":4},"end":{"line":112,"column":31}},"27":{"start":{"line":115,"column":4},"end":{"line":115,"column":61}},"28":{"start":{"line":116,"column":4},"end":{"line":116,"column":18}},"29":{"start":{"line":119,"column":16},"end":{"line":119,"column":51}},"30":{"start":{"line":120,"column":4},"end":{"line":123,"column":5}},"31":{"start":{"line":121,"column":6},"end":{"line":121,"column":22}},"32":{"start":{"line":122,"column":6},"end":{"line":122,"column":13}},"33":{"start":{"line":124,"column":4},"end":{"line":124,"column":18}},"34":{"start":{"line":127,"column":4},"end":{"line":127,"column":31}},"35":{"start":{"line":130,"column":4},"end":{"line":152,"column":5}},"36":{"start":{"line":131,"column":21},"end":{"line":131,"column":59}},"37":{"start":{"line":132,"column":6},"end":{"line":134,"column":7}},"38":{"start":{"line":133,"column":8},"end":{"line":133,"column":14}},"39":{"start":{"line":135,"column":6},"end":{"line":135,"column":20}},"40":{"start":{"line":137,"column":36},"end":{"line":137,"column":40}},"41":{"start":{"line":139,"column":6},"end":{"line":151,"column":7}},"42":{"start":{"line":141,"column":26},"end":{"line":141,"column":73}},"43":{"start":{"line":142,"column":8},"end":{"line":142,"column":51}},"44":{"start":{"line":144,"column":8},"end":{"line":146,"column":9}},"45":{"start":{"line":145,"column":10},"end":{"line":145,"column":55}},"46":{"start":{"line":148,"column":8},"end":{"line":148,"column":54}},"47":{"start":{"line":149,"column":8},"end":{"line":149,"column":22}},"48":{"start":{"line":150,"column":8},"end":{"line":150,"column":35}},"49":{"start":{"line":154,"column":4},"end":{"line":154,"column":20}},"50":{"start":{"line":164,"column":26},"end":{"line":164,"column":41}},"51":{"start":{"line":165,"column":4},"end":{"line":189,"column":5}},"52":{"start":{"line":167,"column":8},"end":{"line":167,"column":31}},"53":{"start":{"line":168,"column":8},"end":{"line":168,"column":14}},"54":{"start":{"line":170,"column":8},"end":{"line":172,"column":9}},"55":{"start":{"line":171,"column":10},"end":{"line":171,"column":78}},"56":{"start":{"line":173,"column":8},"end":{"line":173,"column":14}},"57":{"start":{"line":175,"column":8},"end":{"line":177,"column":9}},"58":{"start":{"line":176,"column":10},"end":{"line":176,"column":42}},"59":{"start":{"line":178,"column":8},"end":{"line":178,"column":14}},"60":{"start":{"line":180,"column":8},"end":{"line":182,"column":9}},"61":{"start":{"line":181,"column":10},"end":{"line":181,"column":43}},"62":{"start":{"line":183,"column":8},"end":{"line":183,"column":14}},"63":{"start":{"line":185,"column":8},"end":{"line":187,"column":9}},"64":{"start":{"line":186,"column":10},"end":{"line":186,"column":39}},"65":{"start":{"line":188,"column":8},"end":{"line":188,"column":14}},"66":{"start":{"line":190,"column":4},"end":{"line":190,"column":27}},"67":{"start":{"line":194,"column":4},"end":{"line":194,"column":18}},"68":{"start":{"line":195,"column":4},"end":{"line":195,"column":31}},"69":{"start":{"line":199,"column":26},"end":{"line":199,"column":41}},"70":{"start":{"line":200,"column":4},"end":{"line":204,"column":5}},"71":{"start":{"line":201,"column":6},"end":{"line":201,"column":40}},"72":{"start":{"line":202,"column":6},"end":{"line":202,"column":20}},"73":{"start":{"line":203,"column":6},"end":{"line":203,"column":36}},"74":{"start":{"line":205,"column":4},"end":{"line":205,"column":40}},"75":{"start":{"line":206,"column":4},"end":{"line":208,"column":5}},"76":{"start":{"line":207,"column":6},"end":{"line":207,"column":20}},"77":{"start":{"line":209,"column":4},"end":{"line":209,"column":27}},"78":{"start":{"line":213,"column":4},"end":{"line":213,"column":34}},"79":{"start":{"line":214,"column":4},"end":{"line":214,"column":56}},"80":{"start":{"line":215,"column":4},"end":{"line":215,"column":18}},"81":{"start":{"line":219,"column":4},"end":{"line":219,"column":34}},"82":{"start":{"line":220,"column":4},"end":{"line":220,"column":31}},"83":{"start":{"line":221,"column":4},"end":{"line":221,"column":18}},"84":{"start":{"line":225,"column":4},"end":{"line":225,"column":34}},"85":{"start":{"line":226,"column":4},"end":{"line":226,"column":59}},"86":{"start":{"line":227,"column":4},"end":{"line":229,"column":5}},"87":{"start":{"line":228,"column":6},"end":{"line":228,"column":68}},"88":{"start":{"line":230,"column":4},"end":{"line":230,"column":18}},"89":{"start":{"line":235,"column":12},"end":{"line":235,"column":40}},"90":{"start":{"line":236,"column":0},"end":{"line":236,"column":32}}},"fnMap":{"0":{"name":"isTextChunkEvent","decl":{"start":{"line":35,"column":9},"end":{"line":35,"column":25}},"loc":{"start":{"line":35,"column":46},"end":{"line":37,"column":1}}},"1":{"name":"isDocumentEvent","decl":{"start":{"line":39,"column":9},"end":{"line":39,"column":24}},"loc":{"start":{"line":39,"column":45},"end":{"line":41,"column":1}}},"2":{"name":"isTextBlockEvent","decl":{"start":{"line":43,"column":9},"end":{"line":43,"column":25}},"loc":{"start":{"line":43,"column":46},"end":{"line":45,"column":1}}},"3":{"name":"isErrorEvent","decl":{"start":{"line":47,"column":9},"end":{"line":47,"column":21}},"loc":{"start":{"line":47,"column":42},"end":{"line":49,"column":1}}},"4":{"name":"(anonymous_13)","decl":{"start":{"line":58,"column":2},"end":{"line":58,"column":null}},"loc":{"start":{"line":58,"column":2},"end":{"line":64,"column":3}}},"5":{"name":"(anonymous_14)","decl":{"start":{"line":69,"column":2},"end":{"line":69,"column":12}},"loc":{"start":{"line":69,"column":12},"end":{"line":83,"column":3}}},"6":{"name":"(anonymous_15)","decl":{"start":{"line":88,"column":2},"end":{"line":88,"column":21}},"loc":{"start":{"line":88,"column":21},"end":{"line":91,"column":3}}},"7":{"name":"(anonymous_16)","decl":{"start":{"line":96,"column":2},"end":{"line":96,"column":7}},"loc":{"start":{"line":96,"column":28},"end":{"line":102,"column":3}}},"8":{"name":"(anonymous_17)","decl":{"start":{"line":97,"column":23},"end":{"line":97,"column":24}},"loc":{"start":{"line":97,"column":35},"end":{"line":101,"column":5}}},"9":{"name":"(anonymous_18)","decl":{"start":{"line":98,"column":33},"end":{"line":98,"column":34}},"loc":{"start":{"line":98,"column":44},"end":{"line":100,"column":7}}},"10":{"name":"(anonymous_19)","decl":{"start":{"line":107,"column":2},"end":{"line":107,"column":7}},"loc":{"start":{"line":107,"column":12},"end":{"line":155,"column":3}}},"11":{"name":"(anonymous_20)","decl":{"start":{"line":163,"column":10},"end":{"line":163,"column":21}},"loc":{"start":{"line":163,"column":74},"end":{"line":191,"column":3}}},"12":{"name":"(anonymous_21)","decl":{"start":{"line":193,"column":10},"end":{"line":193,"column":25}},"loc":{"start":{"line":193,"column":25},"end":{"line":196,"column":3}}},"13":{"name":"(anonymous_22)","decl":{"start":{"line":198,"column":10},"end":{"line":198,"column":30}},"loc":{"start":{"line":198,"column":84},"end":{"line":210,"column":3}}},"14":{"name":"(anonymous_23)","decl":{"start":{"line":212,"column":10},"end":{"line":212,"column":29}},"loc":{"start":{"line":212,"column":50},"end":{"line":216,"column":3}}},"15":{"name":"(anonymous_24)","decl":{"start":{"line":218,"column":10},"end":{"line":218,"column":30}},"loc":{"start":{"line":218,"column":52},"end":{"line":222,"column":3}}},"16":{"name":"(anonymous_25)","decl":{"start":{"line":224,"column":10},"end":{"line":224,"column":26}},"loc":{"start":{"line":224,"column":44},"end":{"line":231,"column":3}}}},"branchMap":{"0":{"loc":{"start":{"line":72,"column":6},"end":{"line":77,"column":7}},"type":"if","locations":[{"start":{"line":72,"column":6},"end":{"line":77,"column":7}},{"start":{"line":75,"column":13},"end":{"line":77,"column":7}}]},"1":{"loc":{"start":{"line":120,"column":4},"end":{"line":123,"column":5}},"type":"if","locations":[{"start":{"line":120,"column":4},"end":{"line":123,"column":5}}]},"2":{"loc":{"start":{"line":132,"column":6},"end":{"line":134,"column":7}},"type":"if","locations":[{"start":{"line":132,"column":6},"end":{"line":134,"column":7}}]},"3":{"loc":{"start":{"line":141,"column":26},"end":{"line":141,"column":73}},"type":"cond-expr","locations":[{"start":{"line":141,"column":52},"end":{"line":141,"column":55}},{"start":{"line":141,"column":58},"end":{"line":141,"column":73}}]},"4":{"loc":{"start":{"line":165,"column":4},"end":{"line":189,"column":5}},"type":"switch","locations":[{"start":{"line":166,"column":6},"end":{"line":168,"column":14}},{"start":{"line":169,"column":6},"end":{"line":173,"column":14}},{"start":{"line":174,"column":6},"end":{"line":178,"column":14}},{"start":{"line":179,"column":6},"end":{"line":183,"column":14}},{"start":{"line":184,"column":6},"end":{"line":188,"column":14}}]},"5":{"loc":{"start":{"line":170,"column":8},"end":{"line":172,"column":9}},"type":"if","locations":[{"start":{"line":170,"column":8},"end":{"line":172,"column":9}}]},"6":{"loc":{"start":{"line":175,"column":8},"end":{"line":177,"column":9}},"type":"if","locations":[{"start":{"line":175,"column":8},"end":{"line":177,"column":9}}]},"7":{"loc":{"start":{"line":180,"column":8},"end":{"line":182,"column":9}},"type":"if","locations":[{"start":{"line":180,"column":8},"end":{"line":182,"column":9}}]},"8":{"loc":{"start":{"line":185,"column":8},"end":{"line":187,"column":9}},"type":"if","locations":[{"start":{"line":185,"column":8},"end":{"line":187,"column":9}}]},"9":{"loc":{"start":{"line":200,"column":4},"end":{"line":204,"column":5}},"type":"if","locations":[{"start":{"line":200,"column":4},"end":{"line":204,"column":5}}]},"10":{"loc":{"start":{"line":206,"column":4},"end":{"line":208,"column":5}},"type":"if","locations":[{"start":{"line":206,"column":4},"end":{"line":208,"column":5}}]},"11":{"loc":{"start":{"line":227,"column":4},"end":{"line":229,"column":5}},"type":"if","locations":[{"start":{"line":227,"column":4},"end":{"line":229,"column":5}}]}},"s":{"0":0,"1":0,"2":0,"3":0,"4":0,"5":0,"6":0,"7":0,"8":0,"9":0,"10":0,"11":0,"12":0,"13":0,"14":0,"15":0,"16":0,"17":0,"18":0,"19":0,"20":0,"21":0,"22":0,"23":0,"24":0,"25":0,"26":0,"27":0,"28":0,"29":0,"30":0,"31":0,"32":0,"33":0,"34":0,"35":0,"36":0,"37":0,"38":0,"39":0,"40":0,"41":0,"42":0,"43":0,"44":0,"45":0,"46":0,"47":0,"48":0,"49":0,"50":0,"51":0,"52":0,"53":0,"54":0,"55":0,"56":0,"57":0,"58":0,"59":0,"60":0,"61":0,"62":0,"63":0,"64":0,"65":0,"66":0,"67":0,"68":0,"69":0,"70":0,"71":0,"72":0,"73":0,"74":0,"75":0,"76":0,"77":0,"78":0,"79":0,"80":0,"81":0,"82":0,"83":0,"84":0,"85":0,"86":0,"87":0,"88":0,"89":0,"90":0},"f":{"0":0,"1":0,"2":0,"3":0,"4":0,"5":0,"6":0,"7":0,"8":0,"9":0,"10":0,"11":0,"12":0,"13":0,"14":0,"15":0,"16":0},"b":{"0":[0,0],"1":[0],"2":[0],"3":[0,0],"4":[0,0,0,0,0],"5":[0],"6":[0],"7":[0],"8":[0],"9":[0],"10":[0],"11":[0]}}
,"/home/runner/work/sentient-node-sdk/sentient-node-sdk/src/index.ts": {"path":"/home/runner/work/sentient-node-sdk/sentient-node-sdk/src/index.ts","statementMap":{"0":{"start":{"line":18,"column":0},"end":{"line":18,"column":35}},"1":{"start":{"line":19,"column":0},"end":{"line":19,"column":39}},"2":{"start":{"line":20,"column":0},"end":{"line":20,"column":33}},"3":{"start":{"line":21,"column":0},"end":{"line":21,"column":37}},"4":{"start":{"line":22,"column":0},"end":{"line":22,"column":36}},"5":{"start":{"line":23,"column":0},"end":{"line":23,"column":45}},"6":{"start":{"line":24,"column":0},"end":{"line":24,"column":36}},"7":{"start":{"line":25,"column":0},"end":{"line":25,"column":34}},"8":{"start":{"line":28,"column":0},"end":{"line":28,"column":44}},"9":{"start":{"line":31,"column":0},"end":{"line":31,"column":54}},"10":{"start":{"line":32,"column":0},"end":{"line":32,"column":46}},"11":{"start":{"line":33,"column":0},"end":{"line":33,"column":53}},"12":{"start":{"line":34,"column":0},"end":{"line":34,"column":58}},"13":{"start":{"line":35,"column":0},"end":{"line":35,"column":49}},"14":{"start":{"line":36,"column":0},"end":{"line":36,"column":48}},"15":{"start":{"line":39,"column":0},"end":{"line":39,"column":33}},"16":{"start":{"line":40,"column":9},"end":{"line":39,"column":107}},"17":{"start":{"line":43,"column":0},"end":{"line":43,"column":47}}},"fnMap":{"0":{"name":"(anonymous_4)","decl":{"start":{"line":40,"column":9},"end":{"line":40,"column":33}},"loc":{"start":{"line":40,"column":9},"end":{"line":39,"column":107}}}},"branchMap":{},"s":{"0":0,"1":0,"2":0,"3":0,"4":0,"5":0,"6":0,"7":0,"8":0,"9":0,"10":0,"11":0,"12":0,"13":0,"14":0,"15":0,"16":0,"17":0},"f":{"0":0},"b":{}}
,"/home/runner/work/sentient-node-sdk/sentient-node-sdk/src/client/sentient_agent_client.ts": {"path":"/home/runner/work/sentient-node-sdk/sentient-node-sdk/src/client/sentient_agent_client.ts","statementMap":{"0":{"start":{"line":27,"column":0},"end":{"line":27,"column":28}},"1":{"start":{"line":29,"column":0},"end":{"line":29,"column":108}},"2":{"start":{"line":75,"column":4},"end":{"line":85,"column":5}},"3":{"start":{"line":76,"column":6},"end":{"line":76,"column":55}},"4":{"start":{"line":77,"column":6},"end":{"line":77,"column":53}},"5":{"start":{"line":78,"column":6},"end":{"line":78,"column":51}},"6":{"start":{"line":79,"column":6},"end":{"line":79,"column":55}},"7":{"start":{"line":81,"column":6},"end":{"line":81,"column":49}},"8":{"start":{"line":82,"column":6},"end":{"line":82,"column":32}},"9":{"start":{"line":83,"column":6},"end":{"line":83,"column":31}},"10":{"start":{"line":84,"column":6},"end":{"line":84,"column":29}},"11":{"start":{"line":87,"column":4},"end":{"line":87,"column":86}},"12":{"start":{"line":96,"column":4},"end":{"line":96,"column":63}},"13":{"start":{"line":109,"column":22},"end":{"line":109,"column":49}},"14":{"start":{"line":110,"column":21},"end":{"line":110,"column":27}},"15":{"start":{"line":111,"column":17},"end":{"line":122,"column":6}},"16":{"start":{"line":124,"column":20},"end":{"line":126,"column":6}},"17":{"start":{"line":129,"column":21},"end":{"line":133,"column":6}},"18":{"start":{"line":135,"column":4},"end":{"line":137,"column":5}},"19":{"start":{"line":136,"column":6},"end":{"line":136,"column":64}},"20":{"start":{"line":139,"column":4},"end":{"line":141,"column":5}},"21":{"start":{"line":140,"column":6},"end":{"line":140,"column":47}},"22":{"start":{"line":143,"column":19},"end":{"line":143,"column":44}},"23":{"start":{"line":144,"column":20},"end":{"line":144,"column":37}},"24":{"start":{"line":145,"column":17},"end":{"line":145,"column":19}},"25":{"start":{"line":147,"column":4},"end":{"line":151,"column":5}},"26":{"start":{"line":148,"column":6},"end":{"line":148,"column":50}},"27":{"start":{"line":150,"column":6},"end":{"line":150,"column":27}},"28":{"start":{"line":164,"column":17},"end":{"line":164,"column":19}},"29":{"start":{"line":165,"column":4},"end":{"line":191,"column":5}},"30":{"start":{"line":166,"column":30},"end":{"line":166,"column":49}},"31":{"start":{"line":168,"column":6},"end":{"line":177,"column":7}},"32":{"start":{"line":170,"column":8},"end":{"line":175,"column":9}},"33":{"start":{"line":171,"column":28},"end":{"line":171,"column":56}},"34":{"start":{"line":172,"column":11},"end":{"line":174,"column":12}},"35":{"start":{"line":173,"column":13},"end":{"line":173,"column":53}},"36":{"start":{"line":176,"column":8},"end":{"line":176,"column":14}},"37":{"start":{"line":179,"column":6},"end":{"line":179,"column":56}},"38":{"start":{"line":182,"column":23},"end":{"line":182,"column":43}},"39":{"start":{"line":183,"column":6},"end":{"line":183,"column":36}},"40":{"start":{"line":185,"column":6},"end":{"line":190,"column":7}},"41":{"start":{"line":186,"column":26},"end":{"line":186,"column":55}},"42":{"start":{"line":187,"column":9},"end":{"line":189,"column":10}},"43":{"start":{"line":188,"column":11},"end":{"line":188,"column":51}},"44":{"start":{"line":200,"column":4},"end":{"line":200,"column":37}},"45":{"start":{"line":200,"column":25},"end":{"line":200,"column":37}},"46":{"start":{"line":202,"column":18},"end":{"line":202,"column":37}},"47":{"start":{"line":203,"column":20},"end":{"line":203,"column":22}},"48":{"start":{"line":204,"column":15},"end":{"line":204,"column":17}},"49":{"start":{"line":206,"column":4},"end":{"line":214,"column":5}},"50":{"start":{"line":207,"column":8},"end":{"line":212,"column":9}},"51":{"start":{"line":208,"column":12},"end":{"line":208,"column":45}},"52":{"start":{"line":209,"column":15},"end":{"line":212,"column":9}},"53":{"start":{"line":211,"column":12},"end":{"line":211,"column":62}},"54":{"start":{"line":216,"column":4},"end":{"line":229,"column":5}},"55":{"start":{"line":217,"column":6},"end":{"line":228,"column":7}},"56":{"start":{"line":219,"column":25},"end":{"line":219,"column":41}},"57":{"start":{"line":220,"column":8},"end":{"line":224,"column":10}},"58":{"start":{"line":223,"column":22},"end":{"line":223,"column":30}},"59":{"start":{"line":226,"column":9},"end":{"line":226,"column":69}},"60":{"start":{"line":227,"column":9},"end":{"line":227,"column":21}},"61":{"start":{"line":230,"column":4},"end":{"line":230,"column":16}},"62":{"start":{"line":238,"column":4},"end":{"line":243,"column":6}},"63":{"start":{"line":63,"column":0},"end":{"line":63,"column":13}}},"fnMap":{"0":{"name":"(anonymous_0)","decl":{"start":{"line":74,"column":2},"end":{"line":74,"column":14}},"loc":{"start":{"line":74,"column":50},"end":{"line":88,"column":3}}},"1":{"name":"(anonymous_1)","decl":{"start":{"line":95,"column":2},"end":{"line":95,"column":7}},"loc":{"start":{"line":95,"column":43},"end":{"line":97,"column":3}}},"2":{"name":"(anonymous_3)","decl":{"start":{"line":160,"column":10},"end":{"line":160,"column":15}},"loc":{"start":{"line":162,"column":24},"end":{"line":192,"column":3}}},"3":{"name":"(anonymous_4)","decl":{"start":{"line":199,"column":10},"end":{"line":199,"column":25}},"loc":{"start":{"line":199,"column":41},"end":{"line":231,"column":3}}},"4":{"name":"(anonymous_5)","decl":{"start":{"line":223,"column":16},"end":{"line":223,"column":19}},"loc":{"start":{"line":223,"column":22},"end":{"line":223,"column":30}}},"5":{"name":"(anonymous_6)","decl":{"start":{"line":237,"column":2},"end":{"line":237,"column":12}},"loc":{"start":{"line":237,"column":12},"end":{"line":244,"column":3}}}},"branchMap":{"0":{"loc":{"start":{"line":75,"column":4},"end":{"line":85,"column":5}},"type":"if","locations":[{"start":{"line":75,"column":4},"end":{"line":85,"column":5}},{"start":{"line":80,"column":11},"end":{"line":85,"column":5}}]},"1":{"loc":{"start":{"line":87,"column":27},"end":{"line":87,"column":85}},"type":"binary-expr","locations":[{"start":{"line":87,"column":27},"end":{"line":87,"column":51}},{"start":{"line":87,"column":55},"end":{"line":87,"column":85}}]},"2":{"loc":{"start":{"line":109,"column":22},"end":{"line":109,"column":49}},"type":"binary-expr","locations":[{"start":{"line":109,"column":22},"end":{"line":109,"column":25}},{"start":{"line":109,"column":29},"end":{"line":109,"column":49}}]},"3":{"loc":{"start":{"line":135,"column":4},"end":{"line":137,"column":5}},"type":"if","locations":[{"start":{"line":135,"column":4},"end":{"line":137,"column":5}}]},"4":{"loc":{"start":{"line":139,"column":4},"end":{"line":141,"column":5}},"type":"if","locations":[{"start":{"line":139,"column":4},"end":{"line":141,"column":5}}]},"5":{"loc":{"start":{"line":168,"column":6},"end":{"line":177,"column":7}},"type":"if","locations":[{"start":{"line":168,"column":6},"end":{"line":177,"column":7}}]},"6":{"loc":{"start":{"line":170,"column":8},"end":{"line":175,"column":9}},"type":"if","locations":[{"start":{"line":170,"column":8},"end":{"line":175,"column":9}}]},"7":{"loc":{"start":{"line":172,"column":11},"end":{"line":174,"column":12}},"type":"if","locations":[{"start":{"line":172,"column":11},"end":{"line":174,"column":12}}]},"8":{"loc":{"start":{"line":183,"column":15},"end":{"line":183,"column":35}},"type":"binary-expr","locations":[{"start":{"line":183,"column":15},"end":{"line":183,"column":29}},{"start":{"line":183,"column":33},"end":{"line":183,"column":35}}]},"9":{"loc":{"start":{"line":187,"column":9},"end":{"line":189,"column":10}},"type":"if","locations":[{"start":{"line":187,"column":9},"end":{"line":189,"column":10}}]},"10":{"loc":{"start":{"line":200,"column":4},"end":{"line":200,"column":37}},"type":"if","locations":[{"start":{"line":200,"column":4},"end":{"line":200,"column":37}}]},"11":{"loc":{"start":{"line":207,"column":8},"end":{"line":212,"column":9}},"type":"if","locations":[{"start":{"line":207,"column":8},"end":{"line":212,"column":9}},{"start":{"line":209,"column":15},"end":{"line":212,"column":9}}]},"12":{"loc":{"start":{"line":209,"column":15},"end":{"line":212,"column":9}},"type":"if","locations":[{"start":{"line":209,"column":15},"end":{"line":212,"column":9}}]},"13":{"loc":{"start":{"line":211,"column":21},"end":{"line":211,"column":37}},"type":"cond-expr","locations":[{"start":{"line":211,"column":28},"end":{"line":211,"column":32}},{"start":{"line":211,"column":35},"end":{"line":211,"column":37}}]},"14":{"loc":{"start":{"line":216,"column":4},"end":{"line":229,"column":5}},"type":"if","locations":[{"start":{"line":216,"column":4},"end":{"line":229,"column":5}}]},"15":{"loc":{"start":{"line":216,"column":8},"end":{"line":216,"column":25}},"type":"binary-expr","locations":[{"start":{"line":216,"column":8},"end":{"line":216,"column":17}},{"start":{"line":216,"column":21},"end":{"line":216,"column":25}}]}},"s":{"0":1,"1":1,"2":7,"3":1,"4":1,"5":1,"6":1,"7":6,"8":6,"9":6,"10":6,"11":7,"12":6,"13":1,"14":1,"15":1,"16":1,"17":1,"18":1,"19":0,"20":1,"21":0,"22":1,"23":1,"24":1,"25":1,"26":1,"27":1,"28":1,"29":1,"30":4,"31":4,"32":1,"33":0,"34":0,"35":0,"36":1,"37":3,"38":3,"39":3,"40":3,"41":3,"42":3,"43":3,"44":3,"45":0,"46":3,"47":3,"48":3,"49":3,"50":6,"51":3,"52":3,"53":3,"54":3,"55":3,"56":3,"57":3,"58":3,"59":0,"60":0,"61":0,"62":2,"63":1},"f":{"0":7,"1":6,"2":1,"3":3,"4":3,"5":2},"b":{"0":[1,6],"1":[7,7],"2":[1,1],"3":[0],"4":[0],"5":[1],"6":[0],"7":[0],"8":[3,3],"9":[3],"10":[0],"11":[3,3],"12":[3],"13":[0,3],"14":[3],"15":[3,3]}}
,"/home/runner/work/sentient-node-sdk/sentient-node-sdk/src/implementation/default_hook.ts": {"path":"/home/runner/work/sentient-node-sdk/sentient-node-sdk/src/implementation/default_hook.ts","statementMap":{"0":{"start":{"line":1,"column":0},"end":{"line":1,"column":60}},"1":{"start":{"line":19,"column":4},"end":{"line":19,"column":38}},"2":{"start":{"line":20,"column":4},"end":{"line":20,"column":72}},"3":{"start":{"line":21,"column":4},"end":{"line":21,"column":40}},"4":{"start":{"line":31,"column":4},"end":{"line":31,"column":62}},"5":{"start":{"line":34,"column":22},"end":{"line":34,"column":40}},"6":{"start":{"line":35,"column":4},"end":{"line":35,"column":67}},"7":{"start":{"line":38,"column":4},"end":{"line":41,"column":5}},"8":{"start":{"line":39,"column":6},"end":{"line":39,"column":30}},"9":{"start":{"line":40,"column":6},"end":{"line":40,"column":13}},"10":{"start":{"line":44,"column":4},"end":{"line":52,"column":7}},"11":{"start":{"line":45,"column":20},"end":{"line":47,"column":25}},"12":{"start":{"line":46,"column":8},"end":{"line":46,"column":65}},"13":{"start":{"line":49,"column":6},"end":{"line":49,"column":30}},"14":{"start":{"line":50,"column":6},"end":{"line":50,"column":26}},"15":{"start":{"line":51,"column":6},"end":{"line":51,"column":16}},"16":{"start":{"line":59,"column":4},"end":{"line":59,"column":23}},"17":{"start":{"line":9,"column":0},"end":{"line":9,"column":13}}},"fnMap":{"0":{"name":"(anonymous_0)","decl":{"start":{"line":14,"column":2},"end":{"line":14,"column":14}},"loc":{"start":{"line":18,"column":8},"end":{"line":22,"column":3}}},"1":{"name":"(anonymous_1)","decl":{"start":{"line":29,"column":2},"end":{"line":29,"column":7}},"loc":{"start":{"line":29,"column":25},"end":{"line":53,"column":3}}},"2":{"name":"(anonymous_2)","decl":{"start":{"line":44,"column":28},"end":{"line":44,"column":29}},"loc":{"start":{"line":44,"column":48},"end":{"line":52,"column":5}}},"3":{"name":"(anonymous_3)","decl":{"start":{"line":45,"column":31},"end":{"line":45,"column":34}},"loc":{"start":{"line":45,"column":36},"end":{"line":47,"column":7}}},"4":{"name":"(anonymous_4)","decl":{"start":{"line":58,"column":2},"end":{"line":58,"column":10}},"loc":{"start":{"line":58,"column":10},"end":{"line":60,"column":3}}}},"branchMap":{"0":{"loc":{"start":{"line":14,"column":14},"end":{"line":18,"column":8}},"type":"default-arg","locations":[{"start":{"line":18,"column":6},"end":{"line":18,"column":8}}]},"1":{"loc":{"start":{"line":19,"column":18},"end":{"line":19,"column":37}},"type":"binary-expr","locations":[{"start":{"line":19,"column":18},"end":{"line":19,"column":31}},{"start":{"line":19,"column":35},"end":{"line":19,"column":37}}]},"2":{"loc":{"start":{"line":20,"column":24},"end":{"line":20,"column":71}},"type":"binary-expr","locations":[{"start":{"line":20,"column":24},"end":{"line":20,"column":43}},{"start":{"line":20,"column":47},"end":{"line":20,"column":71}}]},"3":{"loc":{"start":{"line":38,"column":4},"end":{"line":41,"column":5}},"type":"if","locations":[{"start":{"line":38,"column":4},"end":{"line":41,"column":5}}]}},"s":{"0":0,"1":0,"2":0,"3":0,"4":0,"5":0,"6":0,"7":0,"8":0,"9":0,"10":0,"11":0,"12":0,"13":0,"14":0,"15":0,"16":0,"17":0},"f":{"0":0,"1":0,"2":0,"3":0,"4":0},"b":{"0":[0],"1":[0,0],"2":[0,0],"3":[0]}}
,"/home/runner/work/sentient-node-sdk/sentient-node-sdk/src/implementation/default_id_generator.ts": {"path":"/home/runner/work/sentient-node-sdk/sentient-node-sdk/src/implementation/default_id_generator.ts","statementMap":{"0":{"start":{"line":6,"column":0},"end":{"line":6,"column":46}},"1":{"start":{"line":9,"column":20},"end":{"line":9,"column":25}},"2":{"start":{"line":10,"column":40},"end":{"line":10,"column":42}},"3":{"start":{"line":13,"column":4},"end":{"line":16,"column":5}},"4":{"start":{"line":14,"column":6},"end":{"line":14,"column":26}},"5":{"start":{"line":15,"column":6},"end":{"line":15,"column":13}},"6":{"start":{"line":17,"column":4},"end":{"line":17,"column":68}},"7":{"start":{"line":17,"column":39},"end":{"line":17,"column":66}},"8":{"start":{"line":21,"column":4},"end":{"line":26,"column":5}},"9":{"start":{"line":22,"column":19},"end":{"line":22,"column":40}},"10":{"start":{"line":23,"column":6},"end":{"line":23,"column":23}},"11":{"start":{"line":23,"column":16},"end":{"line":23,"column":23}},"12":{"start":{"line":25,"column":6},"end":{"line":25,"column":27}},"13":{"start":{"line":36,"column":4},"end":{"line":36,"column":38}},"14":{"start":{"line":37,"column":4},"end":{"line":37,"column":33}},"15":{"start":{"line":38,"column":4},"end":{"line":38,"column":45}},"16":{"start":{"line":48,"column":4},"end":{"line":48,"column":31}},"17":{"start":{"line":49,"column":4},"end":{"line":61,"column":5}},"18":{"start":{"line":50,"column":26},"end":{"line":50,"column":56}},"19":{"start":{"line":51,"column":6},"end":{"line":54,"column":7}},"20":{"start":{"line":53,"column":8},"end":{"line":53,"column":46}},"21":{"start":{"line":55,"column":6},"end":{"line":55,"column":37}},"22":{"start":{"line":57,"column":6},"end":{"line":57,"column":81}},"23":{"start":{"line":58,"column":6},"end":{"line":58,"column":27}},"24":{"start":{"line":60,"column":6},"end":{"line":60,"column":27}},"25":{"start":{"line":30,"column":0},"end":{"line":30,"column":13}}},"fnMap":{"0":{"name":"(anonymous_0)","decl":{"start":{"line":12,"column":2},"end":{"line":12,"column":7}},"loc":{"start":{"line":12,"column":15},"end":{"line":18,"column":3}}},"1":{"name":"(anonymous_1)","decl":{"start":{"line":17,"column":28},"end":{"line":17,"column":35}},"loc":{"start":{"line":17,"column":39},"end":{"line":17,"column":66}}},"2":{"name":"(anonymous_2)","decl":{"start":{"line":20,"column":2},"end":{"line":20,"column":9}},"loc":{"start":{"line":20,"column":9},"end":{"line":27,"column":3}}},"3":{"name":"(anonymous_3)","decl":{"start":{"line":35,"column":2},"end":{"line":35,"column":14}},"loc":{"start":{"line":35,"column":29},"end":{"line":39,"column":3}}},"4":{"name":"(anonymous_4)","decl":{"start":{"line":47,"column":2},"end":{"line":47,"column":7}},"loc":{"start":{"line":47,"column":53},"end":{"line":62,"column":3}}}},"branchMap":{"0":{"loc":{"start":{"line":13,"column":4},"end":{"line":16,"column":5}},"type":"if","locations":[{"start":{"line":13,"column":4},"end":{"line":16,"column":5}}]},"1":{"loc":{"start":{"line":21,"column":4},"end":{"line":26,"column":5}},"type":"if","locations":[{"start":{"line":21,"column":4},"end":{"line":26,"column":5}},{"start":{"line":24,"column":11},"end":{"line":26,"column":5}}]},"2":{"loc":{"start":{"line":23,"column":6},"end":{"line":23,"column":23}},"type":"if","locations":[{"start":{"line":23,"column":6},"end":{"line":23,"column":23}}]},"3":{"loc":{"start":{"line":36,"column":21},"end":{"line":36,"column":37}},"type":"binary-expr","locations":[{"start":{"line":36,"column":21},"end":{"line":36,"column":27}},{"start":{"line":36,"column":31},"end":{"line":36,"column":37}}]},"4":{"loc":{"start":{"line":47,"column":34},"end":{"line":47,"column":53}},"type":"default-arg","locations":[{"start":{"line":47,"column":51},"end":{"line":47,"column":53}}]},"5":{"loc":{"start":{"line":50,"column":26},"end":{"line":50,"column":56}},"type":"binary-expr","locations":[{"start":{"line":50,"column":26},"end":{"line":50,"column":31}},{"start":{"line":50,"column":35},"end":{"line":50,"column":56}}]},"6":{"loc":{"start":{"line":51,"column":6},"end":{"line":54,"column":7}},"type":"if","locations":[{"start":{"line":51,"column":6},"end":{"line":54,"column":7}}]}},"s":{"0":0,"1":0,"2":0,"3":0,"4":0,"5":0,"6":0,"7":0,"8":0,"9":0,"10":0,"11":0,"12":0,"13":0,"14":0,"15":0,"16":0,"17":0,"18":0,"19":0,"20":0,"21":0,"22":0,"23":0,"24":0,"25":0},"f":{"0":0,"1":0,"2":0,"3":0,"4":0},"b":{"0":[0],"1":[0,0],"2":[0],"3":[0,0],"4":[0],"5":[0,0],"6":[0]}}
,"/home/runner/work/sentient-node-sdk/sentient-node-sdk/src/implementation/default_response_handler.ts": {"path":"/home/runner/work/sentient-node-sdk/sentient-node-sdk/src/implementation/default_response_handler.ts","statementMap":{"0":{"start":{"line":37,"column":0},"end":{"line":37,"column":28}},"1":{"start":{"line":38,"column":0},"end":{"line":38,"column":null}},"2":{"start":{"line":42,"column":0},"end":{"line":42,"column":null}},"3":{"start":{"line":52,"column":0},"end":{"line":52,"column":null}},"4":{"start":{"line":58,"column":0},"end":{"line":58,"column":58}},"5":{"start":{"line":67,"column":62},"end":{"line":67,"column":71}},"6":{"start":{"line":68,"column":33},"end":{"line":68,"column":38}},"7":{"start":{"line":76,"column":4},"end":{"line":76,"column":26}},"8":{"start":{"line":77,"column":4},"end":{"line":77,"column":22}},"9":{"start":{"line":80,"column":4},"end":{"line":80,"column":79}},"10":{"start":{"line":88,"column":4},"end":{"line":92,"column":5}},"11":{"start":{"line":89,"column":6},"end":{"line":91,"column":8}},"12":{"start":{"line":104,"column":4},"end":{"line":104,"column":38}},"13":{"start":{"line":106,"column":4},"end":{"line":129,"column":5}},"14":{"start":{"line":107,"column":20},"end":{"line":111,"column":8}},"15":{"start":{"line":112,"column":6},"end":{"line":112,"column":34}},"16":{"start":{"line":114,"column":6},"end":{"line":121,"column":7}},"17":{"start":{"line":116,"column":8},"end":{"line":116,"column":33}},"18":{"start":{"line":118,"column":8},"end":{"line":120,"column":10}},"19":{"start":{"line":123,"column":20},"end":{"line":127,"column":8}},"20":{"start":{"line":128,"column":6},"end":{"line":128,"column":34}},"21":{"start":{"line":131,"column":4},"end":{"line":131,"column":26}},"22":{"start":{"line":143,"column":4},"end":{"line":143,"column":38}},"23":{"start":{"line":145,"column":4},"end":{"line":163,"column":5}},"24":{"start":{"line":147,"column":6},"end":{"line":147,"column":27}},"25":{"start":{"line":148,"column":6},"end":{"line":152,"column":10}},"26":{"start":{"line":155,"column":6},"end":{"line":159,"column":8}},"27":{"start":{"line":161,"column":6},"end":{"line":161,"column":84}},"28":{"start":{"line":162,"column":6},"end":{"line":162,"column":97}},"29":{"start":{"line":175,"column":4},"end":{"line":175,"column":38}},"30":{"start":{"line":177,"column":4},"end":{"line":181,"column":8}},"31":{"start":{"line":190,"column":4},"end":{"line":190,"column":38}},"32":{"start":{"line":192,"column":21},"end":{"line":192,"column":27}},"33":{"start":{"line":193,"column":19},"end":{"line":198,"column":6}},"34":{"start":{"line":200,"column":4},"end":{"line":200,"column":40}},"35":{"start":{"line":203,"column":4},"end":{"line":203,"column":81}},"36":{"start":{"line":205,"column":4},"end":{"line":205,"column":18}},"37":{"start":{"line":221,"column":4},"end":{"line":223,"column":5}},"38":{"start":{"line":222,"column":7},"end":{"line":222,"column":111}},"39":{"start":{"line":225,"column":4},"end":{"line":225,"column":38}},"40":{"start":{"line":227,"column":4},"end":{"line":232,"column":8}},"41":{"start":{"line":241,"column":4},"end":{"line":243,"column":5}},"42":{"start":{"line":242,"column":6},"end":{"line":242,"column":13}},"43":{"start":{"line":246,"column":4},"end":{"line":250,"column":5}},"44":{"start":{"line":247,"column":6},"end":{"line":249,"column":7}},"45":{"start":{"line":248,"column":8},"end":{"line":248,"column":32}},"46":{"start":{"line":252,"column":4},"end":{"line":252,"column":28}},"47":{"start":{"line":254,"column":4},"end":{"line":258,"column":6}},"48":{"start":{"line":261,"column":4},"end":{"line":261,"column":78}},"49":{"start":{"line":268,"column":4},"end":{"line":268,"column":28}},"50":{"start":{"line":276,"column":4},"end":{"line":276,"column":33}},"51":{"start":{"line":64,"column":0},"end":{"line":64,"column":13}}},"fnMap":{"0":{"name":"(anonymous_0)","decl":{"start":{"line":75,"column":2},"end":{"line":75,"column":14}},"loc":{"start":{"line":75,"column":42},"end":{"line":81,"column":3}}},"1":{"name":"(anonymous_1)","decl":{"start":{"line":87,"column":10},"end":{"line":87,"column":36}},"loc":{"start":{"line":87,"column":36},"end":{"line":93,"column":3}}},"2":{"name":"(anonymous_2)","decl":{"start":{"line":100,"column":2},"end":{"line":100,"column":7}},"loc":{"start":{"line":102,"column":42},"end":{"line":132,"column":3}}},"3":{"name":"(anonymous_3)","decl":{"start":{"line":139,"column":2},"end":{"line":139,"column":7}},"loc":{"start":{"line":141,"column":29},"end":{"line":164,"column":3}}},"4":{"name":"(anonymous_4)","decl":{"start":{"line":171,"column":2},"end":{"line":171,"column":7}},"loc":{"start":{"line":173,"column":19},"end":{"line":182,"column":3}}},"5":{"name":"(anonymous_5)","decl":{"start":{"line":189,"column":2},"end":{"line":189,"column":18}},"loc":{"start":{"line":189,"column":36},"end":{"line":206,"column":3}}},"6":{"name":"(anonymous_6)","decl":{"start":{"line":214,"column":2},"end":{"line":214,"column":7}},"loc":{"start":{"line":217,"column":33},"end":{"line":233,"column":3}}},"7":{"name":"(anonymous_7)","decl":{"start":{"line":239,"column":2},"end":{"line":239,"column":7}},"loc":{"start":{"line":239,"column":16},"end":{"line":262,"column":3}}},"8":{"name":"(anonymous_8)","decl":{"start":{"line":267,"column":2},"end":{"line":267,"column":6}},"loc":{"start":{"line":267,"column":16},"end":{"line":269,"column":3}}},"9":{"name":"(anonymous_9)","decl":{"start":{"line":275,"column":10},"end":{"line":275,"column":15}},"loc":{"start":{"line":275,"column":36},"end":{"line":277,"column":3}}}},"branchMap":{"0":{"loc":{"start":{"line":88,"column":4},"end":{"line":92,"column":5}},"type":"if","locations":[{"start":{"line":88,"column":4},"end":{"line":92,"column":5}}]},"1":{"loc":{"start":{"line":106,"column":4},"end":{"line":129,"column":5}},"type":"if","locations":[{"start":{"line":106,"column":4},"end":{"line":129,"column":5}},{"start":{"line":113,"column":11},"end":{"line":129,"column":5}}]},"2":{"loc":{"start":{"line":216,"column":4},"end":{"line":216,"column":42}},"type":"default-arg","locations":[{"start":{"line":216,"column":24},"end":{"line":216,"column":42}}]},"3":{"loc":{"start":{"line":221,"column":4},"end":{"line":223,"column":5}},"type":"if","locations":[{"start":{"line":221,"column":4},"end":{"line":223,"column":5}}]},"4":{"loc":{"start":{"line":241,"column":4},"end":{"line":243,"column":5}},"type":"if","locations":[{"start":{"line":241,"column":4},"end":{"line":243,"column":5}}]},"5":{"loc":{"start":{"line":247,"column":6},"end":{"line":249,"column":7}},"type":"if","locations":[{"start":{"line":247,"column":6},"end":{"line":249,"column":7}}]}},"s":{"0":0,"1":0,"2":0,"3":0,"4":0,"5":0,"6":0,"7":0,"8":0,"9":0,"10":0,"11":0,"12":0,"13":0,"14":0,"15":0,"16":0,"17":0,"18":0,"19":0,"20":0,"21":0,"22":0,"23":0,"24":0,"25":0,"26":0,"27":0,"28":0,"29":0,"30":0,"31":0,"32":0,"33":0,"34":0,"35":0,"36":0,"37":0,"38":0,"39":0,"40":0,"41":0,"42":0,"43":0,"44":0,"45":0,"46":0,"47":0,"48":0,"49":0,"50":0,"51":0},"f":{"0":0,"1":0,"2":0,"3":0,"4":0,"5":0,"6":0,"7":0,"8":0,"9":0},"b":{"0":[0],"1":[0,0],"2":[0],"3":[0],"4":[0],"5":[0]}}
,"/home/runner/work/sentient-node-sdk/sentient-node-sdk/src/implementation/default_server.ts": {"path":"/home/runner/work/sentient-node-sdk/sentient-node-sdk/src/implementation/default_server.ts","statementMap":{"0":{"start":{"line":26,"column":0},"end":{"line":26,"column":90}},"1":{"start":{"line":27,"column":0},"end":{"line":27,"column":45}},"2":{"start":{"line":28,"column":0},"end":{"line":28,"column":68}},"3":{"start":{"line":29,"column":0},"end":{"line":29,"column":51}},"4":{"start":{"line":31,"column":0},"end":{"line":31,"column":55}},"5":{"start":{"line":32,"column":0},"end":{"line":32,"column":49}},"6":{"start":{"line":49,"column":4},"end":{"line":49,"column":24}},"7":{"start":{"line":50,"column":4},"end":{"line":50,"column":26}},"8":{"start":{"line":53,"column":4},"end":{"line":53,"column":34}},"9":{"start":{"line":56,"column":4},"end":{"line":56,"column":62}},"10":{"start":{"line":59,"column":4},"end":{"line":59,"column":91}},"11":{"start":{"line":69,"column":4},"end":{"line":71,"column":7}},"12":{"start":{"line":70,"column":6},"end":{"line":70,"column":86}},"13":{"start":{"line":83,"column":4},"end":{"line":83,"column":67}},"14":{"start":{"line":86,"column":17},"end":{"line":86,"column":31}},"15":{"start":{"line":89,"column":35},"end":{"line":92,"column":6}},"16":{"start":{"line":95,"column":4},"end":{"line":95,"column":55}},"17":{"start":{"line":96,"column":4},"end":{"line":96,"column":47}},"18":{"start":{"line":97,"column":4},"end":{"line":97,"column":46}},"19":{"start":{"line":100,"column":4},"end":{"line":100,"column":48}},"20":{"start":{"line":110,"column":4},"end":{"line":110,"column":68}},"21":{"start":{"line":113,"column":20},"end":{"line":113,"column":62}},"22":{"start":{"line":114,"column":21},"end":{"line":114,"column":73}},"23":{"start":{"line":115,"column":38},"end":{"line":115,"column":40}},"24":{"start":{"line":116,"column":17},"end":{"line":116,"column":58}},"25":{"start":{"line":117,"column":28},"end":{"line":117,"column":70}},"26":{"start":{"line":121,"column":4},"end":{"line":148,"column":9}},"27":{"start":{"line":123,"column":8},"end":{"line":123,"column":76}},"28":{"start":{"line":125,"column":8},"end":{"line":128,"column":9}},"29":{"start":{"line":126,"column":10},"end":{"line":126,"column":124}},"30":{"start":{"line":127,"column":10},"end":{"line":127,"column":44}},"31":{"start":{"line":131,"column":8},"end":{"line":131,"column":73}},"32":{"start":{"line":133,"column":8},"end":{"line":145,"column":9}},"33":{"start":{"line":134,"column":10},"end":{"line":144,"column":11}},"34":{"start":{"line":135,"column":12},"end":{"line":139,"column":14}},"35":{"start":{"line":141,"column":12},"end":{"line":141,"column":45}},"36":{"start":{"line":143,"column":12},"end":{"line":143,"column":98}},"37":{"start":{"line":147,"column":8},"end":{"line":147,"column":20}},"38":{"start":{"line":151,"column":15},"end":{"line":151,"column":20}},"39":{"start":{"line":152,"column":4},"end":{"line":164,"column":5}},"40":{"start":{"line":153,"column":6},"end":{"line":163,"column":7}},"41":{"start":{"line":154,"column":22},"end":{"line":154,"column":43}},"42":{"start":{"line":155,"column":8},"end":{"line":155,"column":50}},"43":{"start":{"line":156,"column":8},"end":{"line":156,"column":56}},"44":{"start":{"line":157,"column":8},"end":{"line":159,"column":9}},"45":{"start":{"line":158,"column":10},"end":{"line":158,"column":22}},"46":{"start":{"line":162,"column":8},"end":{"line":162,"column":62}},"47":{"start":{"line":162,"column":37},"end":{"line":162,"column":60}},"48":{"start":{"line":165,"column":4},"end":{"line":165,"column":14}},"49":{"start":{"line":168,"column":4},"end":{"line":168,"column":68}},"50":{"start":{"line":178,"column":4},"end":{"line":178,"column":75}},"51":{"start":{"line":181,"column":21},"end":{"line":181,"column":45}},"52":{"start":{"line":183,"column":4},"end":{"line":183,"column":48}},"53":{"start":{"line":40,"column":0},"end":{"line":40,"column":13}}},"fnMap":{"0":{"name":"(anonymous_1)","decl":{"start":{"line":48,"column":2},"end":{"line":48,"column":14}},"loc":{"start":{"line":48,"column":34},"end":{"line":60,"column":3}}},"1":{"name":"(anonymous_2)","decl":{"start":{"line":68,"column":2},"end":{"line":68,"column":5}},"loc":{"start":{"line":68,"column":51},"end":{"line":72,"column":3}}},"2":{"name":"(anonymous_3)","decl":{"start":{"line":69,"column":33},"end":{"line":69,"column":36}},"loc":{"start":{"line":69,"column":38},"end":{"line":71,"column":5}}},"3":{"name":"(anonymous_4)","decl":{"start":{"line":81,"column":2},"end":{"line":81,"column":7}},"loc":{"start":{"line":81,"column":40},"end":{"line":101,"column":3}}},"4":{"name":"(anonymous_5)","decl":{"start":{"line":108,"column":10},"end":{"line":108,"column":15}},"loc":{"start":{"line":108,"column":66},"end":{"line":169,"column":3}}},"5":{"name":"(anonymous_6)","decl":{"start":{"line":122,"column":12},"end":{"line":122,"column":15}},"loc":{"start":{"line":122,"column":17},"end":{"line":129,"column":7}}},"6":{"name":"(anonymous_7)","decl":{"start":{"line":130,"column":13},"end":{"line":130,"column":18}},"loc":{"start":{"line":130,"column":27},"end":{"line":148,"column":7}}},"7":{"name":"(anonymous_8)","decl":{"start":{"line":162,"column":26},"end":{"line":162,"column":33}},"loc":{"start":{"line":162,"column":37},"end":{"line":162,"column":60}}},"8":{"name":"(anonymous_9)","decl":{"start":{"line":176,"column":10},"end":{"line":176,"column":15}},"loc":{"start":{"line":176,"column":72},"end":{"line":184,"column":3}}}},"branchMap":{"0":{"loc":{"start":{"line":68,"column":6},"end":{"line":68,"column":30}},"type":"default-arg","locations":[{"start":{"line":68,"column":21},"end":{"line":68,"column":30}}]},"1":{"loc":{"start":{"line":68,"column":32},"end":{"line":68,"column":51}},"type":"default-arg","locations":[{"start":{"line":68,"column":47},"end":{"line":68,"column":51}}]},"2":{"loc":{"start":{"line":86,"column":17},"end":{"line":86,"column":31}},"type":"binary-expr","locations":[{"start":{"line":86,"column":17},"end":{"line":86,"column":25}},{"start":{"line":86,"column":29},"end":{"line":86,"column":31}}]},"3":{"loc":{"start":{"line":90,"column":13},"end":{"line":90,"column":56}},"type":"binary-expr","locations":[{"start":{"line":90,"column":13},"end":{"line":90,"column":23}},{"start":{"line":90,"column":27},"end":{"line":90,"column":56}}]},"4":{"loc":{"start":{"line":91,"column":15},"end":{"line":91,"column":33}},"type":"binary-expr","locations":[{"start":{"line":91,"column":15},"end":{"line":91,"column":27}},{"start":{"line":91,"column":31},"end":{"line":91,"column":33}}]},"5":{"loc":{"start":{"line":113,"column":39},"end":{"line":113,"column":61}},"type":"binary-expr","locations":[{"start":{"line":113,"column":39},"end":{"line":113,"column":55}},{"start":{"line":113,"column":59},"end":{"line":113,"column":61}}]},"6":{"loc":{"start":{"line":125,"column":8},"end":{"line":128,"column":9}},"type":"if","locations":[{"start":{"line":125,"column":8},"end":{"line":128,"column":9}}]},"7":{"loc":{"start":{"line":133,"column":8},"end":{"line":145,"column":9}},"type":"if","locations":[{"start":{"line":133,"column":8},"end":{"line":145,"column":9}}]},"8":{"loc":{"start":{"line":136,"column":14},"end":{"line":136,"column":50}},"type":"binary-expr","locations":[{"start":{"line":136,"column":14},"end":{"line":136,"column":25}},{"start":{"line":136,"column":29},"end":{"line":136,"column":50}}]},"9":{"loc":{"start":{"line":137,"column":14},"end":{"line":137,"column":29}},"type":"binary-expr","locations":[{"start":{"line":137,"column":14},"end":{"line":137,"column":22}},{"start":{"line":137,"column":26},"end":{"line":137,"column":29}}]},"10":{"loc":{"start":{"line":153,"column":6},"end":{"line":163,"column":7}},"type":"if","locations":[{"start":{"line":153,"column":6},"end":{"line":163,"column":7}},{"start":{"line":160,"column":13},"end":{"line":163,"column":7}}]},"11":{"loc":{"start":{"line":157,"column":8},"end":{"line":159,"column":9}},"type":"if","locations":[{"start":{"line":157,"column":8},"end":{"line":159,"column":9}}]}},"s":{"0":0,"1":0,"2":0,"3":0,"4":0,"5":0,"6":0,"7":0,"8":0,"9":0,"10":0,"11":0,"12":0,"13":0,"14":0,"15":0,"16":0,"17":0,"18":0,"19":0,"20":0,"21":0,"22":0,"23":0,"24":0,"25":0,"26":0,"27":0,"28":0,"29":0,"30":0,"31":0,"32":0,"33":0,"34":0,"35":0,"36":0,"37":0,"38":0,"39":0,"40":0,"41":0,"42":0,"43":0,"44":0,"45":0,"46":0,"47":0,"48":0,"49":0,"50":0,"51":0,"52":0,"53":0},"f":{"0":0,"1":0,"2":0,"3":0,"4":0,"5":0,"6":0,"7":0,"8":0},"b":{"0":[0],"1":[0],"2":[0,0],"3":[0,0],"4":[0,0],"5":[0,0],"6":[0],"7":[0],"8":[0,0],"9":[0,0],"10":[0,0],"11":[0]}}
,"/home/runner/work/sentient-node-sdk/sentient-node-sdk/src/implementation/default_session.ts": {"path":"/home/runner/work/sentient-node-sdk/sentient-node-sdk/src/implementation/default_session.ts","statementMap":{"0":{"start":{"line":12,"column":4},"end":{"line":17,"column":6}},"1":{"start":{"line":20,"column":4},"end":{"line":20,"column":91}},"2":{"start":{"line":27,"column":4},"end":{"line":27,"column":44}},"3":{"start":{"line":34,"column":4},"end":{"line":34,"column":43}},"4":{"start":{"line":41,"column":4},"end":{"line":41,"column":42}},"5":{"start":{"line":50,"column":4},"end":{"line":50,"column":69}},"6":{"start":{"line":53,"column":4},"end":{"line":55,"column":5}},"7":{"start":{"line":54,"column":6},"end":{"line":54,"column":24}},"8":{"start":{"line":7,"column":0},"end":{"line":7,"column":13}}},"fnMap":{"0":{"name":"(anonymous_0)","decl":{"start":{"line":10,"column":2},"end":{"line":10,"column":14}},"loc":{"start":{"line":10,"column":56},"end":{"line":21,"column":3}}},"1":{"name":"(anonymous_1)","decl":{"start":{"line":26,"column":2},"end":{"line":26,"column":6}},"loc":{"start":{"line":26,"column":18},"end":{"line":28,"column":3}}},"2":{"name":"(anonymous_2)","decl":{"start":{"line":33,"column":2},"end":{"line":33,"column":6}},"loc":{"start":{"line":33,"column":17},"end":{"line":35,"column":3}}},"3":{"name":"(anonymous_3)","decl":{"start":{"line":40,"column":2},"end":{"line":40,"column":6}},"loc":{"start":{"line":40,"column":16},"end":{"line":42,"column":3}}},"4":{"name":"(anonymous_4)","decl":{"start":{"line":48,"column":2},"end":{"line":48,"column":7}},"loc":{"start":{"line":48,"column":25},"end":{"line":56,"column":3}}}},"branchMap":{"0":{"loc":{"start":{"line":10,"column":14},"end":{"line":10,"column":56}},"type":"default-arg","locations":[{"start":{"line":10,"column":54},"end":{"line":10,"column":56}}]},"1":{"loc":{"start":{"line":13,"column":20},"end":{"line":13,"column":69}},"type":"binary-expr","locations":[{"start":{"line":13,"column":20},"end":{"line":13,"column":46}},{"start":{"line":13,"column":50},"end":{"line":13,"column":69}}]},"2":{"loc":{"start":{"line":14,"column":19},"end":{"line":14,"column":66}},"type":"binary-expr","locations":[{"start":{"line":14,"column":19},"end":{"line":14,"column":44}},{"start":{"line":14,"column":48},"end":{"line":14,"column":66}}]},"3":{"loc":{"start":{"line":15,"column":18},"end":{"line":15,"column":63}},"type":"binary-expr","locations":[{"start":{"line":15,"column":18},"end":{"line":15,"column":42}},{"start":{"line":15,"column":46},"end":{"line":15,"column":63}}]},"4":{"loc":{"start":{"line":16,"column":20},"end":{"line":16,"column":52}},"type":"binary-expr","locations":[{"start":{"line":16,"column":20},"end":{"line":16,"column":46}},{"start":{"line":16,"column":50},"end":{"line":16,"column":52}}]}},"s":{"0":0,"1":0,"2":0,"3":0,"4":0,"5":0,"6":0,"7":0,"8":0},"f":{"0":0,"1":0,"2":0,"3":0,"4":0},"b":{"0":[0],"1":[0,0],"2":[0,0],"3":[0,0],"4":[0,0]}}
,"/home/runner/work/sentient-node-sdk/sentient-node-sdk/src/implementation/default_text_stream.ts": {"path":"/home/runner/work/sentient-node-sdk/sentient-node-sdk/src/implementation/default_text_stream.ts","statementMap":{"0":{"start":{"line":5,"column":0},"end":{"line":5,"column":64}},"1":{"start":{"line":9,"column":0},"end":{"line":9,"column":68}},"2":{"start":{"line":32,"column":4},"end":{"line":32,"column":44}},"3":{"start":{"line":33,"column":4},"end":{"line":33,"column":40}},"4":{"start":{"line":34,"column":4},"end":{"line":34,"column":38}},"5":{"start":{"line":35,"column":4},"end":{"line":35,"column":30}},"6":{"start":{"line":36,"column":4},"end":{"line":36,"column":29}},"7":{"start":{"line":39,"column":4},"end":{"line":39,"column":86}},"8":{"start":{"line":49,"column":4},"end":{"line":53,"column":5}},"9":{"start":{"line":50,"column":6},"end":{"line":52,"column":8}},"10":{"start":{"line":55,"column":18},"end":{"line":61,"column":6}},"11":{"start":{"line":63,"column":4},"end":{"line":63,"column":33}},"12":{"start":{"line":66,"column":4},"end":{"line":66,"column":67}},"13":{"start":{"line":68,"column":4},"end":{"line":68,"column":16}},"14":{"start":{"line":76,"column":4},"end":{"line":80,"column":5}},"15":{"start":{"line":77,"column":6},"end":{"line":79,"column":8}},"16":{"start":{"line":82,"column":18},"end":{"line":88,"column":6}},"17":{"start":{"line":90,"column":4},"end":{"line":90,"column":33}},"18":{"start":{"line":91,"column":4},"end":{"line":91,"column":28}},"19":{"start":{"line":94,"column":4},"end":{"line":94,"column":69}},"20":{"start":{"line":101,"column":4},"end":{"line":101,"column":26}},"21":{"start":{"line":108,"column":4},"end":{"line":108,"column":28}},"22":{"start":{"line":15,"column":0},"end":{"line":15,"column":13}}},"fnMap":{"0":{"name":"(anonymous_0)","decl":{"start":{"line":26,"column":2},"end":{"line":26,"column":14}},"loc":{"start":{"line":31,"column":3},"end":{"line":40,"column":3}}},"1":{"name":"(anonymous_1)","decl":{"start":{"line":48,"column":2},"end":{"line":48,"column":7}},"loc":{"start":{"line":48,"column":31},"end":{"line":69,"column":3}}},"2":{"name":"(anonymous_2)","decl":{"start":{"line":75,"column":2},"end":{"line":75,"column":7}},"loc":{"start":{"line":75,"column":16},"end":{"line":95,"column":3}}},"3":{"name":"(anonymous_3)","decl":{"start":{"line":100,"column":2},"end":{"line":100,"column":6}},"loc":{"start":{"line":100,"column":8},"end":{"line":102,"column":3}}},"4":{"name":"(anonymous_4)","decl":{"start":{"line":107,"column":2},"end":{"line":107,"column":6}},"loc":{"start":{"line":107,"column":16},"end":{"line":109,"column":3}}}},"branchMap":{"0":{"loc":{"start":{"line":49,"column":4},"end":{"line":53,"column":5}},"type":"if","locations":[{"start":{"line":49,"column":4},"end":{"line":53,"column":5}}]},"1":{"loc":{"start":{"line":76,"column":4},"end":{"line":80,"column":5}},"type":"if","locations":[{"start":{"line":76,"column":4},"end":{"line":80,"column":5}}]}},"s":{"0":0,"1":0,"2":0,"3":0,"4":0,"5":0,"6":0,"7":0,"8":0,"9":0,"10":0,"11":0,"12":0,"13":0,"14":0,"15":0,"16":0,"17":0,"18":0,"19":0,"20":0,"21":0,"22":0},"f":{"0":0,"1":0,"2":0,"3":0,"4":0},"b":{"0":[0],"1":[0]}}
,"/home/runner/work/sentient-node-sdk/sentient-node-sdk/src/implementation/response_event_adapter.ts": {"path":"/home/runner/work/sentient-node-sdk/sentient-node-sdk/src/implementation/response_event_adapter.ts","statementMap":{"0":{"start":{"line":5,"column":0},"end":{"line":5,"column":null}},"1":{"start":{"line":27,"column":4},"end":{"line":29,"column":5}},"2":{"start":{"line":28,"column":6},"end":{"line":28,"column":54}},"3":{"start":{"line":31,"column":4},"end":{"line":33,"column":5}},"4":{"start":{"line":32,"column":6},"end":{"line":32,"column":61}},"5":{"start":{"line":35,"column":4},"end":{"line":37,"column":5}},"6":{"start":{"line":36,"column":6},"end":{"line":36,"column":59}},"7":{"start":{"line":39,"column":4},"end":{"line":41,"column":5}},"8":{"start":{"line":40,"column":6},"end":{"line":40,"column":51}},"9":{"start":{"line":43,"column":4},"end":{"line":45,"column":5}},"10":{"start":{"line":44,"column":6},"end":{"line":44,"column":55}},"11":{"start":{"line":48,"column":4},"end":{"line":50,"column":5}},"12":{"start":{"line":49,"column":6},"end":{"line":49,"column":34}},"13":{"start":{"line":53,"column":4},"end":{"line":66,"column":5}},"14":{"start":{"line":55,"column":8},"end":{"line":55,"column":48}},"15":{"start":{"line":57,"column":8},"end":{"line":57,"column":49}},"16":{"start":{"line":59,"column":8},"end":{"line":59,"column":49}},"17":{"start":{"line":61,"column":8},"end":{"line":61,"column":45}},"18":{"start":{"line":63,"column":8},"end":{"line":63,"column":44}},"19":{"start":{"line":65,"column":8},"end":{"line":65,"column":84}},"20":{"start":{"line":76,"column":4},"end":{"line":78,"column":5}},"21":{"start":{"line":77,"column":6},"end":{"line":77,"column":74}},"22":{"start":{"line":80,"column":4},"end":{"line":80,"column":33}},"23":{"start":{"line":90,"column":4},"end":{"line":92,"column":5}},"24":{"start":{"line":91,"column":6},"end":{"line":91,"column":74}},"25":{"start":{"line":94,"column":4},"end":{"line":94,"column":34}},"26":{"start":{"line":104,"column":4},"end":{"line":106,"column":5}},"27":{"start":{"line":105,"column":6},"end":{"line":105,"column":69}},"28":{"start":{"line":108,"column":4},"end":{"line":110,"column":5}},"29":{"start":{"line":109,"column":6},"end":{"line":109,"column":74}},"30":{"start":{"line":112,"column":4},"end":{"line":116,"column":5}},"31":{"start":{"line":113,"column":6},"end":{"line":115,"column":8}},"32":{"start":{"line":118,"column":4},"end":{"line":118,"column":34}},"33":{"start":{"line":128,"column":4},"end":{"line":130,"column":5}},"34":{"start":{"line":129,"column":6},"end":{"line":129,"column":71}},"35":{"start":{"line":132,"column":20},"end":{"line":132,"column":48}},"36":{"start":{"line":134,"column":4},"end":{"line":136,"column":5}},"37":{"start":{"line":135,"column":6},"end":{"line":135,"column":84}},"38":{"start":{"line":139,"column":4},"end":{"line":141,"column":5}},"39":{"start":{"line":140,"column":6},"end":{"line":140,"column":31}},"40":{"start":{"line":143,"column":4},"end":{"line":143,"column":30}},"41":{"start":{"line":152,"column":4},"end":{"line":152,"column":29}},"42":{"start":{"line":19,"column":0},"end":{"line":19,"column":13}}},"fnMap":{"0":{"name":"(anonymous_0)","decl":{"start":{"line":26,"column":2},"end":{"line":26,"column":8}},"loc":{"start":{"line":26,"column":31},"end":{"line":67,"column":3}}},"1":{"name":"(anonymous_1)","decl":{"start":{"line":75,"column":10},"end":{"line":75,"column":16}},"loc":{"start":{"line":75,"column":48},"end":{"line":81,"column":3}}},"2":{"name":"(anonymous_2)","decl":{"start":{"line":89,"column":10},"end":{"line":89,"column":16}},"loc":{"start":{"line":89,"column":49},"end":{"line":95,"column":3}}},"3":{"name":"(anonymous_3)","decl":{"start":{"line":103,"column":10},"end":{"line":103,"column":16}},"loc":{"start":{"line":103,"column":49},"end":{"line":119,"column":3}}},"4":{"name":"(anonymous_4)","decl":{"start":{"line":127,"column":10},"end":{"line":127,"column":16}},"loc":{"start":{"line":127,"column":45},"end":{"line":144,"column":3}}},"5":{"name":"(anonymous_5)","decl":{"start":{"line":151,"column":10},"end":{"line":151,"column":16}},"loc":{"start":{"line":151,"column":44},"end":{"line":153,"column":3}}}},"branchMap":{"0":{"loc":{"start":{"line":27,"column":4},"end":{"line":29,"column":5}},"type":"if","locations":[{"start":{"line":27,"column":4},"end":{"line":29,"column":5}}]},"1":{"loc":{"start":{"line":27,"column":8},"end":{"line":27,"column":41}},"type":"binary-expr","locations":[{"start":{"line":27,"column":8},"end":{"line":27,"column":13}},{"start":{"line":27,"column":17},"end":{"line":27,"column":41}}]},"2":{"loc":{"start":{"line":31,"column":4},"end":{"line":33,"column":5}},"type":"if","locations":[{"start":{"line":31,"column":4},"end":{"line":33,"column":5}}]},"3":{"loc":{"start":{"line":35,"column":4},"end":{"line":37,"column":5}},"type":"if","locations":[{"start":{"line":35,"column":4},"end":{"line":37,"column":5}}]},"4":{"loc":{"start":{"line":39,"column":4},"end":{"line":41,"column":5}},"type":"if","locations":[{"start":{"line":39,"column":4},"end":{"line":41,"column":5}}]},"5":{"loc":{"start":{"line":43,"column":4},"end":{"line":45,"column":5}},"type":"if","locations":[{"start":{"line":43,"column":4},"end":{"line":45,"column":5}}]},"6":{"loc":{"start":{"line":48,"column":4},"end":{"line":50,"column":5}},"type":"if","locations":[{"start":{"line":48,"column":4},"end":{"line":50,"column":5}}]},"7":{"loc":{"start":{"line":53,"column":4},"end":{"line":66,"column":5}},"type":"switch","locations":[{"start":{"line":54,"column":6},"end":{"line":55,"column":48}},{"start":{"line":56,"column":6},"end":{"line":57,"column":49}},{"start":{"line":58,"column":6},"end":{"line":59,"column":49}},{"start":{"line":60,"column":6},"end":{"line":61,"column":45}},{"start":{"line":62,"column":6},"end":{"line":63,"column":44}},{"start":{"line":64,"column":6},"end":{"line":65,"column":84}}]},"8":{"loc":{"start":{"line":76,"column":4},"end":{"line":78,"column":5}},"type":"if","locations":[{"start":{"line":76,"column":4},"end":{"line":78,"column":5}}]},"9":{"loc":{"start":{"line":76,"column":8},"end":{"line":76,"column":57}},"type":"binary-expr","locations":[{"start":{"line":76,"column":8},"end":{"line":76,"column":21}},{"start":{"line":76,"column":25},"end":{"line":76,"column":57}}]},"10":{"loc":{"start":{"line":90,"column":4},"end":{"line":92,"column":5}},"type":"if","locations":[{"start":{"line":90,"column":4},"end":{"line":92,"column":5}}]},"11":{"loc":{"start":{"line":90,"column":8},"end":{"line":90,"column":57}},"type":"binary-expr","locations":[{"start":{"line":90,"column":8},"end":{"line":90,"column":21}},{"start":{"line":90,"column":25},"end":{"line":90,"column":57}}]},"12":{"loc":{"start":{"line":104,"column":4},"end":{"line":106,"column":5}},"type":"if","locations":[{"start":{"line":104,"column":4},"end":{"line":106,"column":5}}]},"13":{"loc":{"start":{"line":108,"column":4},"end":{"line":110,"column":5}},"type":"if","locations":[{"start":{"line":108,"column":4},"end":{"line":110,"column":5}}]},"14":{"loc":{"start":{"line":112,"column":4},"end":{"line":116,"column":5}},"type":"if","locations":[{"start":{"line":112,"column":4},"end":{"line":116,"column":5}}]},"15":{"loc":{"start":{"line":112,"column":8},"end":{"line":112,"column":42}},"type":"binary-expr","locations":[{"start":{"line":112,"column":8},"end":{"line":112,"column":25}},{"start":{"line":112,"column":29},"end":{"line":112,"column":42}}]},"16":{"loc":{"start":{"line":128,"column":4},"end":{"line":130,"column":5}},"type":"if","locations":[{"start":{"line":128,"column":4},"end":{"line":130,"column":5}}]},"17":{"loc":{"start":{"line":128,"column":8},"end":{"line":128,"column":57}},"type":"binary-expr","locations":[{"start":{"line":128,"column":8},"end":{"line":128,"column":21}},{"start":{"line":128,"column":25},"end":{"line":128,"column":57}}]},"18":{"loc":{"start":{"line":134,"column":4},"end":{"line":136,"column":5}},"type":"if","locations":[{"start":{"line":134,"column":4},"end":{"line":136,"column":5}}]},"19":{"loc":{"start":{"line":134,"column":8},"end":{"line":134,"column":75}},"type":"binary-expr","locations":[{"start":{"line":134,"column":8},"end":{"line":134,"column":30}},{"start":{"line":134,"column":34},"end":{"line":134,"column":75}}]},"20":{"loc":{"start":{"line":139,"column":4},"end":{"line":141,"column":5}},"type":"if","locations":[{"start":{"line":139,"column":4},"end":{"line":141,"column":5}}]}},"s":{"0":1,"1":6,"2":0,"3":6,"4":0,"5":6,"6":0,"7":6,"8":0,"9":6,"10":0,"11":6,"12":6,"13":6,"14":1,"15":2,"16":1,"17":1,"18":1,"19":0,"20":1,"21":0,"22":1,"23":2,"24":0,"25":2,"26":1,"27":0,"28":1,"29":0,"30":1,"31":0,"32":1,"33":1,"34":0,"35":1,"36":1,"37":0,"38":1,"39":0,"40":1,"41":1,"42":1},"f":{"0":6,"1":1,"2":2,"3":1,"4":1,"5":1},"b":{"0":[0],"1":[6,6],"2":[0],"3":[0],"4":[0],"5":[0],"6":[6],"7":[1,2,1,1,1,0],"8":[0],"9":[1,1],"10":[0],"11":[2,2],"12":[0],"13":[0],"14":[0],"15":[1,1],"16":[0],"17":[1,1],"18":[0],"19":[1,1],"20":[0]}}
,"/home/runner/work/sentient-node-sdk/sentient-node-sdk/src/interface/agent.ts": {"path":"/home/runner/work/sentient-node-sdk/sentient-node-sdk/src/interface/agent.ts","statementMap":{"0":{"start":{"line":37,"column":4},"end":{"line":37,"column":21}},"1":{"start":{"line":33,"column":0},"end":{"line":33,"column":22}}},"fnMap":{"0":{"name":"(anonymous_0)","decl":{"start":{"line":36,"column":2},"end":{"line":36,"column":14}},"loc":{"start":{"line":36,"column":26},"end":{"line":38,"column":3}}}},"branchMap":{},"s":{"0":0,"1":0},"f":{"0":0},"b":{}}
,"/home/runner/work/sentient-node-sdk/sentient-node-sdk/src/interface/event_factories.ts": {"path":"/home/runner/work/sentient-node-sdk/sentient-node-sdk/src/interface/event_factories.ts","statementMap":{"0":{"start":{"line":35,"column":0},"end":{"line":35,"column":16}},"1":{"start":{"line":56,"column":0},"end":{"line":56,"column":16}},"2":{"start":{"line":82,"column":0},"end":{"line":82,"column":16}},"3":{"start":{"line":108,"column":0},"end":{"line":108,"column":16}},"4":{"start":{"line":138,"column":0},"end":{"line":138,"column":16}},"5":{"start":{"line":172,"column":0},"end":{"line":172,"column":16}},"6":{"start":{"line":6,"column":0},"end":{"line":6,"column":35}},"7":{"start":{"line":7,"column":0},"end":{"line":7,"column":null}},"8":{"start":{"line":19,"column":17},"end":{"line":19,"column":27}},"9":{"start":{"line":24,"column":31},"end":{"line":24,"column":36}},"10":{"start":{"line":42,"column":2},"end":{"line":48,"column":17}},"11":{"start":{"line":64,"column":2},"end":{"line":74,"column":4}},"12":{"start":{"line":90,"column":2},"end":{"line":100,"column":4}},"13":{"start":{"line":118,"column":2},"end":{"line":130,"column":4}},"14":{"start":{"line":147,"column":37},"end":{"line":151,"column":4}},"15":{"start":{"line":153,"column":2},"end":{"line":164,"column":4}},"16":{"start":{"line":178,"column":2},"end":{"line":188,"column":4}}},"fnMap":{"0":{"name":"createBaseEvent","decl":{"start":{"line":35,"column":16},"end":{"line":35,"column":31}},"loc":{"start":{"line":40,"column":32},"end":{"line":49,"column":1}}},"1":{"name":"createDocumentEvent","decl":{"start":{"line":56,"column":16},"end":{"line":56,"column":35}},"loc":{"start":{"line":63,"column":1},"end":{"line":75,"column":1}}},"2":{"name":"createTextBlockEvent","decl":{"start":{"line":82,"column":16},"end":{"line":82,"column":36}},"loc":{"start":{"line":89,"column":1},"end":{"line":101,"column":1}}},"3":{"name":"createTextChunkEvent","decl":{"start":{"line":108,"column":16},"end":{"line":108,"column":36}},"loc":{"start":{"line":117,"column":1},"end":{"line":131,"column":1}}},"4":{"name":"createErrorEvent","decl":{"start":{"line":138,"column":16},"end":{"line":138,"column":32}},"loc":{"start":{"line":146,"column":1},"end":{"line":165,"column":1}}},"5":{"name":"createDoneEvent","decl":{"start":{"line":172,"column":16},"end":{"line":172,"column":31}},"loc":{"start":{"line":177,"column":1},"end":{"line":189,"column":1}}}},"branchMap":{"0":{"loc":{"start":{"line":43,"column":8},"end":{"line":43,"column":20}},"type":"binary-expr","locations":[{"start":{"line":43,"column":8},"end":{"line":43,"column":10}},{"start":{"line":43,"column":14},"end":{"line":43,"column":20}}]},"1":{"loc":{"start":{"line":46,"column":20},"end":{"line":46,"column":59}},"type":"binary-expr","locations":[{"start":{"line":46,"column":20},"end":{"line":46,"column":33}},{"start":{"line":46,"column":37},"end":{"line":46,"column":59}}]}},"s":{"0":0,"1":0,"2":0,"3":0,"4":0,"5":0,"6":0,"7":0,"8":0,"9":0,"10":0,"11":0,"12":0,"13":0,"14":0,"15":0,"16":0},"f":{"0":0,"1":0,"2":0,"3":0,"4":0,"5":0},"b":{"0":[0,0],"1":[0,0]}}
,"/home/runner/work/sentient-node-sdk/sentient-node-sdk/src/interface/events.ts": {"path":"/home/runner/work/sentient-node-sdk/sentient-node-sdk/src/interface/events.ts","statementMap":{"0":{"start":{"line":16,"column":13},"end":{"line":16,"column":29}},"1":{"start":{"line":17,"column":13},"end":{"line":17,"column":38}},"2":{"start":{"line":19,"column":0},"end":{"line":19,"column":null}},"3":{"start":{"line":20,"column":2},"end":{"line":20,"column":null}},"4":{"start":{"line":21,"column":2},"end":{"line":21,"column":null}},"5":{"start":{"line":24,"column":0},"end":{"line":24,"column":null}},"6":{"start":{"line":25,"column":2},"end":{"line":25,"column":null}},"7":{"start":{"line":26,"column":2},"end":{"line":26,"column":null}},"8":{"start":{"line":27,"column":2},"end":{"line":27,"column":null}},"9":{"start":{"line":28,"column":2},"end":{"line":28,"column":null}},"10":{"start":{"line":29,"column":2},"end":{"line":29,"column":null}}},"fnMap":{"0":{"name":"(anonymous_0)","decl":{"start":{"line":19,"column":0},"end":{"line":19,"column":12}},"loc":{"start":{"line":19,"column":25},"end":{"line":22,"column":1}}},"1":{"name":"(anonymous_1)","decl":{"start":{"line":24,"column":0},"end":{"line":24,"column":12}},"loc":{"start":{"line":24,"column":28},"end":{"line":30,"column":1}}}},"branchMap":{"0":{"loc":{"start":{"line":19,"column":12},"end":{"line":19,"column":null}},"type":"binary-expr","locations":[{"start":{"line":19,"column":12},"end":{"line":19,"column":25}},{"start":{"line":19,"column":25},"end":{"line":19,"column":null}}]},"1":{"loc":{"start":{"line":24,"column":12},"end":{"line":24,"column":null}},"type":"binary-expr","locations":[{"start":{"line":24,"column":12},"end":{"line":24,"column":28}},{"start":{"line":24,"column":28},"end":{"line":24,"column":null}}]}},"s":{"0":1,"1":1,"2":1,"3":1,"4":1,"5":1,"6":1,"7":1,"8":1,"9":1,"10":1},"f":{"0":1,"1":1},"b":{"0":[1,1],"1":[1,1]}}
,"/home/runner/work/sentient-node-sdk/sentient-node-sdk/src/interface/exceptions.ts": {"path":"/home/runner/work/sentient-node-sdk/sentient-node-sdk/src/interface/exceptions.ts","statementMap":{"0":{"start":{"line":10,"column":4},"end":{"line":10,"column":19}},"1":{"start":{"line":11,"column":4},"end":{"line":11,"column":33}},"2":{"start":{"line":12,"column":4},"end":{"line":12,"column":58}},"3":{"start":{"line":8,"column":0},"end":{"line":8,"column":13}},"4":{"start":{"line":21,"column":4},"end":{"line":21,"column":19}},"5":{"start":{"line":22,"column":4},"end":{"line":22,"column":29}},"6":{"start":{"line":23,"column":4},"end":{"line":23,"column":54}},"7":{"start":{"line":19,"column":0},"end":{"line":19,"column":13}},"8":{"start":{"line":32,"column":4},"end":{"line":32,"column":19}},"9":{"start":{"line":33,"column":4},"end":{"line":33,"column":44}},"10":{"start":{"line":34,"column":4},"end":{"line":34,"column":69}},"11":{"start":{"line":30,"column":0},"end":{"line":30,"column":13}},"12":{"start":{"line":43,"column":4},"end":{"line":43,"column":19}},"13":{"start":{"line":44,"column":4},"end":{"line":44,"column":40}},"14":{"start":{"line":45,"column":4},"end":{"line":45,"column":65}},"15":{"start":{"line":41,"column":0},"end":{"line":41,"column":13}}},"fnMap":{"0":{"name":"(anonymous_0)","decl":{"start":{"line":9,"column":2},"end":{"line":9,"column":14}},"loc":{"start":{"line":9,"column":29},"end":{"line":13,"column":3}}},"1":{"name":"(anonymous_1)","decl":{"start":{"line":20,"column":2},"end":{"line":20,"column":14}},"loc":{"start":{"line":20,"column":29},"end":{"line":24,"column":3}}},"2":{"name":"(anonymous_2)","decl":{"start":{"line":31,"column":2},"end":{"line":31,"column":14}},"loc":{"start":{"line":31,"column":29},"end":{"line":35,"column":3}}},"3":{"name":"(anonymous_3)","decl":{"start":{"line":42,"column":2},"end":{"line":42,"column":14}},"loc":{"start":{"line":42,"column":29},"end":{"line":46,"column":3}}}},"branchMap":{},"s":{"0":0,"1":0,"2":0,"3":0,"4":0,"5":0,"6":0,"7":0,"8":0,"9":0,"10":0,"11":0,"12":0,"13":0,"14":0,"15":0},"f":{"0":0,"1":0,"2":0,"3":0},"b":{}}
,"/home/runner/work/sentient-node-sdk/sentient-node-sdk/src/interface/identity.ts": {"path":"/home/runner/work/sentient-node-sdk/sentient-node-sdk/src/interface/identity.ts","statementMap":{"0":{"start":{"line":10,"column":4},"end":{"line":10,"column":17}},"1":{"start":{"line":11,"column":4},"end":{"line":11,"column":21}},"2":{"start":{"line":15,"column":4},"end":{"line":15,"column":37}},"3":{"start":{"line":5,"column":0},"end":{"line":5,"column":13}}},"fnMap":{"0":{"name":"(anonymous_0)","decl":{"start":{"line":9,"column":2},"end":{"line":9,"column":14}},"loc":{"start":{"line":9,"column":38},"end":{"line":12,"column":3}}},"1":{"name":"(anonymous_1)","decl":{"start":{"line":14,"column":2},"end":{"line":14,"column":10}},"loc":{"start":{"line":14,"column":10},"end":{"line":16,"column":3}}}},"branchMap":{},"s":{"0":0,"1":0,"2":0,"3":0},"f":{"0":0,"1":0},"b":{}}
}
