TN:
SF:src/agent.ts
FN:25,(anonymous_9)
FN:26,(anonymous_10)
FN:27,(anonymous_11)
FN:35,(anonymous_12)
FN:45,(anonymous_13)
FN:60,(anonymous_14)
FN:78,(anonymous_15)
FN:102,(anonymous_16)
FN:106,(anonymous_17)
FN:122,(anonymous_18)
FNF:10
FNH:0
FNDA:0,(anonymous_9)
FNDA:0,(anonymous_10)
FNDA:0,(anonymous_11)
FNDA:0,(anonymous_12)
FNDA:0,(anonymous_13)
FNDA:0,(anonymous_14)
FNDA:0,(anonymous_15)
FNDA:0,(anonymous_16)
FNDA:0,(anonymous_17)
FNDA:0,(anonymous_18)
DA:8,0
DA:9,0
DA:24,0
DA:25,0
DA:26,0
DA:27,0
DA:30,0
DA:32,0
DA:33,0
DA:37,0
DA:38,0
DA:46,0
DA:47,0
DA:48,0
DA:51,0
DA:54,0
DA:56,0
DA:57,0
DA:61,0
DA:63,0
DA:65,0
DA:68,0
DA:70,0
DA:79,0
DA:80,0
DA:81,0
DA:84,0
DA:86,0
DA:87,0
DA:89,0
DA:90,0
DA:91,0
DA:94,0
DA:96,0
DA:97,0
DA:98,0
DA:99,0
DA:101,0
DA:103,0
DA:104,0
DA:108,0
DA:109,0
DA:111,0
DA:113,0
DA:117,0
DA:119,0
DA:121,0
DA:122,0
DA:123,0
DA:124,0
DA:125,0
DA:127,0
DA:129,0
DA:133,0
DA:134,0
DA:136,0
LF:56
LH:0
BRDA:46,0,0,0
BRDA:70,1,0,0
BRDA:70,1,1,0
BRDA:79,2,0,0
BRDA:89,3,0,0
BRDA:109,4,0,0
BRDA:109,4,1,0
BRDA:124,5,0,0
BRDA:124,5,1,0
BRDA:133,6,0,0
BRDA:133,6,1,0
BRF:11
BRH:0
end_of_record
TN:
SF:src/agent_config.ts
FN:19,(anonymous_0)
FNF:1
FNH:0
FNDA:0,(anonymous_0)
DA:7,0
DA:13,0
DA:14,0
LF:3
LH:0
BRF:0
BRH:0
end_of_record
TN:
SF:src/index.ts
FN:31,(anonymous_4)
FNF:1
FNH:0
FNDA:0,(anonymous_4)
DA:9,0
DA:10,0
DA:11,0
DA:12,0
DA:13,0
DA:14,0
DA:15,0
DA:16,0
DA:19,0
DA:22,0
DA:23,0
DA:24,0
DA:25,0
DA:26,0
DA:27,0
DA:30,0
DA:31,0
DA:34,0
LF:18
LH:0
BRF:0
BRH:0
end_of_record
TN:
SF:src/client/sentient_agent_client.ts
FN:47,(anonymous_0)
FN:66,(anonymous_1)
FN:76,(anonymous_2)
FN:142,(anonymous_3)
FN:158,(anonymous_4)
FNF:5
FNH:3
FNDA:6,(anonymous_0)
FNDA:3,(anonymous_1)
FNDA:0,(anonymous_2)
FNDA:0,(anonymous_3)
FNDA:2,(anonymous_4)
DA:5,1
DA:7,1
DA:37,1
DA:48,6
DA:49,1
DA:50,1
DA:51,1
DA:52,1
DA:54,5
DA:55,5
DA:56,5
DA:57,5
DA:67,3
DA:80,0
DA:81,0
DA:94,0
DA:99,0
DA:105,0
DA:106,0
DA:109,0
DA:110,0
DA:113,0
DA:114,0
DA:115,0
DA:117,0
DA:118,0
DA:119,0
DA:121,0
DA:122,0
DA:125,0
DA:128,0
DA:129,0
DA:131,0
DA:132,0
DA:134,0
DA:135,0
DA:136,0
DA:138,0
DA:139,0
DA:142,0
DA:145,0
DA:150,0
DA:159,2
LF:43
LH:14
BRDA:48,0,0,1
BRDA:48,0,1,5
BRDA:78,1,0,0
BRDA:105,2,0,0
BRDA:109,3,0,0
BRDA:121,4,0,0
BRDA:129,5,0,0
BRDA:129,5,1,0
BRDA:132,6,0,0
BRDA:135,7,0,0
BRDA:135,7,1,0
BRDA:136,8,0,0
BRDA:136,8,1,0
BRDA:138,9,0,0
BRDA:138,10,0,0
BRDA:138,10,1,0
BRF:16
BRH:2
end_of_record
TN:
SF:src/implementation/default_hook.ts
FN:14,(anonymous_0)
FN:29,(anonymous_1)
FN:44,(anonymous_2)
FN:45,(anonymous_3)
FN:58,(anonymous_4)
FNF:5
FNH:0
FNDA:0,(anonymous_0)
FNDA:0,(anonymous_1)
FNDA:0,(anonymous_2)
FNDA:0,(anonymous_3)
FNDA:0,(anonymous_4)
DA:1,0
DA:9,0
DA:19,0
DA:20,0
DA:21,0
DA:31,0
DA:34,0
DA:35,0
DA:38,0
DA:39,0
DA:40,0
DA:44,0
DA:45,0
DA:46,0
DA:49,0
DA:50,0
DA:51,0
DA:59,0
LF:18
LH:0
BRDA:14,0,0,0
BRDA:19,1,0,0
BRDA:19,1,1,0
BRDA:20,2,0,0
BRDA:20,2,1,0
BRDA:38,3,0,0
BRF:6
BRH:0
end_of_record
TN:
SF:src/implementation/default_id_generator.ts
FN:12,(anonymous_0)
FN:17,(anonymous_1)
FN:20,(anonymous_2)
FN:35,(anonymous_3)
FN:47,(anonymous_4)
FNF:5
FNH:0
FNDA:0,(anonymous_0)
FNDA:0,(anonymous_1)
FNDA:0,(anonymous_2)
FNDA:0,(anonymous_3)
FNDA:0,(anonymous_4)
DA:6,0
DA:9,0
DA:10,0
DA:13,0
DA:14,0
DA:15,0
DA:17,0
DA:21,0
DA:22,0
DA:23,0
DA:25,0
DA:30,0
DA:36,0
DA:37,0
DA:38,0
DA:48,0
DA:49,0
DA:50,0
DA:51,0
DA:53,0
DA:55,0
DA:57,0
DA:58,0
DA:60,0
LF:24
LH:0
BRDA:13,0,0,0
BRDA:21,1,0,0
BRDA:21,1,1,0
BRDA:23,2,0,0
BRDA:36,3,0,0
BRDA:36,3,1,0
BRDA:47,4,0,0
BRDA:50,5,0,0
BRDA:50,5,1,0
BRDA:51,6,0,0
BRF:10
BRH:0
end_of_record
TN:
SF:src/implementation/default_response_handler.ts
FN:43,(anonymous_0)
FN:55,(anonymous_1)
FN:68,(anonymous_2)
FN:107,(anonymous_3)
FN:136,(anonymous_4)
FN:156,(anonymous_5)
FN:181,(anonymous_6)
FN:202,(anonymous_7)
FN:230,(anonymous_8)
FN:238,(anonymous_9)
FNF:10
FNH:0
FNDA:0,(anonymous_0)
FNDA:0,(anonymous_1)
FNDA:0,(anonymous_2)
FNDA:0,(anonymous_3)
FNDA:0,(anonymous_4)
FNDA:0,(anonymous_5)
FNDA:0,(anonymous_6)
FNDA:0,(anonymous_7)
FNDA:0,(anonymous_8)
FNDA:0,(anonymous_9)
DA:5,0
DA:6,0
DA:10,0
DA:20,0
DA:26,0
DA:32,0
DA:35,0
DA:36,0
DA:44,0
DA:45,0
DA:48,0
DA:56,0
DA:57,0
DA:72,0
DA:74,0
DA:75,0
DA:80,0
DA:82,0
DA:84,0
DA:86,0
DA:91,0
DA:96,0
DA:99,0
DA:111,0
DA:113,0
DA:115,0
DA:117,0
DA:122,0
DA:128,0
DA:140,0
DA:142,0
DA:148,0
DA:157,0
DA:159,0
DA:160,0
DA:167,0
DA:170,0
DA:172,0
DA:186,0
DA:188,0
DA:195,0
DA:204,0
DA:205,0
DA:209,0
DA:210,0
DA:211,0
DA:215,0
DA:217,0
DA:224,0
DA:231,0
DA:239,0
LF:51
LH:0
BRDA:56,0,0,0
BRDA:74,1,0,0
BRDA:74,1,1,0
BRDA:183,2,0,0
BRDA:204,3,0,0
BRDA:210,4,0,0
BRF:6
BRH:0
end_of_record
TN:
SF:src/implementation/default_server.ts
FN:23,(anonymous_1)
FN:43,(anonymous_2)
FN:44,(anonymous_3)
FN:56,(anonymous_4)
FN:83,(anonymous_5)
FN:96,(anonymous_6)
FN:97,(anonymous_7)
FN:111,(anonymous_8)
FN:125,(anonymous_9)
FNF:9
FNH:0
FNDA:0,(anonymous_1)
FNDA:0,(anonymous_2)
FNDA:0,(anonymous_3)
FNDA:0,(anonymous_4)
FNDA:0,(anonymous_5)
FNDA:0,(anonymous_6)
FNDA:0,(anonymous_7)
FNDA:0,(anonymous_8)
FNDA:0,(anonymous_9)
DA:1,0
DA:2,0
DA:3,0
DA:4,0
DA:6,0
DA:7,0
DA:15,0
DA:24,0
DA:25,0
DA:28,0
DA:31,0
DA:34,0
DA:44,0
DA:45,0
DA:58,0
DA:61,0
DA:64,0
DA:70,0
DA:71,0
DA:72,0
DA:75,0
DA:85,0
DA:88,0
DA:89,0
DA:90,0
DA:91,0
DA:92,0
DA:95,0
DA:96,0
DA:97,0
DA:100,0
DA:101,0
DA:102,0
DA:103,0
DA:104,0
DA:105,0
DA:106,0
DA:107,0
DA:111,0
DA:114,0
DA:117,0
DA:127,0
DA:130,0
DA:132,0
LF:44
LH:0
BRDA:43,0,0,0
BRDA:43,1,0,0
BRDA:61,2,0,0
BRDA:61,2,1,0
BRDA:65,3,0,0
BRDA:65,3,1,0
BRDA:66,4,0,0
BRDA:66,4,1,0
BRDA:88,5,0,0
BRDA:88,5,1,0
BRDA:102,6,0,0
BRDA:102,6,1,0
BRDA:106,7,0,0
BRF:13
BRH:0
end_of_record
TN:
SF:src/implementation/default_session.ts
FN:10,(anonymous_0)
FN:26,(anonymous_1)
FN:33,(anonymous_2)
FN:40,(anonymous_3)
FN:48,(anonymous_4)
FNF:5
FNH:0
FNDA:0,(anonymous_0)
FNDA:0,(anonymous_1)
FNDA:0,(anonymous_2)
FNDA:0,(anonymous_3)
FNDA:0,(anonymous_4)
DA:7,0
DA:12,0
DA:20,0
DA:27,0
DA:34,0
DA:41,0
DA:50,0
DA:53,0
DA:54,0
LF:9
LH:0
BRDA:10,0,0,0
BRDA:13,1,0,0
BRDA:13,1,1,0
BRDA:14,2,0,0
BRDA:14,2,1,0
BRDA:15,3,0,0
BRDA:15,3,1,0
BRDA:16,4,0,0
BRDA:16,4,1,0
BRF:9
BRH:0
end_of_record
TN:
SF:src/implementation/default_text_stream.ts
FN:26,(anonymous_0)
FN:48,(anonymous_1)
FN:75,(anonymous_2)
FN:100,(anonymous_3)
FN:107,(anonymous_4)
FNF:5
FNH:0
FNDA:0,(anonymous_0)
FNDA:0,(anonymous_1)
FNDA:0,(anonymous_2)
FNDA:0,(anonymous_3)
FNDA:0,(anonymous_4)
DA:5,0
DA:9,0
DA:15,0
DA:32,0
DA:33,0
DA:34,0
DA:35,0
DA:36,0
DA:39,0
DA:49,0
DA:50,0
DA:55,0
DA:63,0
DA:66,0
DA:68,0
DA:76,0
DA:77,0
DA:82,0
DA:90,0
DA:91,0
DA:94,0
DA:101,0
DA:108,0
LF:23
LH:0
BRDA:49,0,0,0
BRDA:76,1,0,0
BRF:2
BRH:0
end_of_record
TN:
SF:src/implementation/response_event_adapter.ts
FN:26,(anonymous_0)
FN:75,(anonymous_1)
FN:89,(anonymous_2)
FN:103,(anonymous_3)
FN:125,(anonymous_4)
FN:149,(anonymous_5)
FNF:6
FNH:4
FNDA:3,(anonymous_0)
FNDA:1,(anonymous_1)
FNDA:1,(anonymous_2)
FNDA:0,(anonymous_3)
FNDA:1,(anonymous_4)
FNDA:0,(anonymous_5)
DA:5,1
DA:19,1
DA:27,3
DA:28,0
DA:31,3
DA:32,0
DA:35,3
DA:36,0
DA:39,3
DA:40,0
DA:43,3
DA:44,0
DA:48,3
DA:49,3
DA:53,3
DA:55,1
DA:57,1
DA:59,0
DA:61,1
DA:63,0
DA:65,0
DA:76,1
DA:77,0
DA:80,1
DA:90,1
DA:91,0
DA:94,1
DA:104,0
DA:105,0
DA:108,0
DA:109,0
DA:112,0
DA:113,0
DA:116,0
DA:126,1
DA:127,0
DA:130,1
DA:132,1
DA:133,0
DA:137,1
DA:138,0
DA:141,1
DA:150,0
LF:43
LH:22
BRDA:27,0,0,0
BRDA:27,1,0,3
BRDA:27,1,1,3
BRDA:31,2,0,0
BRDA:35,3,0,0
BRDA:39,4,0,0
BRDA:43,5,0,0
BRDA:48,6,0,3
BRDA:53,7,0,1
BRDA:53,7,1,1
BRDA:53,7,2,0
BRDA:53,7,3,1
BRDA:53,7,4,0
BRDA:53,7,5,0
BRDA:76,8,0,0
BRDA:76,9,0,1
BRDA:76,9,1,1
BRDA:90,10,0,0
BRDA:90,11,0,1
BRDA:90,11,1,1
BRDA:104,12,0,0
BRDA:108,13,0,0
BRDA:112,14,0,0
BRDA:112,15,0,0
BRDA:112,15,1,0
BRDA:126,16,0,0
BRDA:126,17,0,1
BRDA:126,17,1,1
BRDA:132,18,0,0
BRDA:132,19,0,1
BRDA:132,19,1,1
BRDA:137,20,0,0
BRF:32
BRH:14
end_of_record
TN:
SF:src/interface/agent.ts
FN:11,(anonymous_0)
FNF:1
FNH:0
FNDA:0,(anonymous_0)
DA:8,0
DA:12,0
LF:2
LH:0
BRF:0
BRH:0
end_of_record
TN:
SF:src/interface/event_factories.ts
FN:35,createBaseEvent
FN:56,createDocumentEvent
FN:82,createTextBlockEvent
FN:108,createTextChunkEvent
FN:138,createErrorEvent
FN:172,createDoneEvent
FNF:6
FNH:0
FNDA:0,createBaseEvent
FNDA:0,createDocumentEvent
FNDA:0,createTextBlockEvent
FNDA:0,createTextChunkEvent
FNDA:0,createErrorEvent
FNDA:0,createDoneEvent
DA:6,0
DA:7,0
DA:19,0
DA:24,0
DA:35,0
DA:42,0
DA:56,0
DA:64,0
DA:82,0
DA:90,0
DA:108,0
DA:118,0
DA:138,0
DA:147,0
DA:153,0
DA:172,0
DA:178,0
LF:17
LH:0
BRDA:43,0,0,0
BRDA:43,0,1,0
BRDA:46,1,0,0
BRDA:46,1,1,0
BRF:4
BRH:0
end_of_record
TN:
SF:src/interface/events.ts
FN:8,(anonymous_0)
FN:13,(anonymous_1)
FNF:2
FNH:2
FNDA:1,(anonymous_0)
FNDA:1,(anonymous_1)
DA:5,1
DA:6,1
DA:8,1
DA:9,1
DA:10,1
DA:13,1
DA:14,1
DA:15,1
DA:16,1
DA:17,1
DA:18,1
LF:11
LH:11
BRDA:8,0,0,1
BRDA:8,0,1,1
BRDA:13,1,0,1
BRDA:13,1,1,1
BRF:4
BRH:4
end_of_record
TN:
SF:src/interface/exceptions.ts
FN:9,(anonymous_0)
FN:20,(anonymous_1)
FN:31,(anonymous_2)
FN:42,(anonymous_3)
FNF:4
FNH:0
FNDA:0,(anonymous_0)
FNDA:0,(anonymous_1)
FNDA:0,(anonymous_2)
FNDA:0,(anonymous_3)
DA:8,0
DA:10,0
DA:11,0
DA:12,0
DA:19,0
DA:21,0
DA:22,0
DA:23,0
DA:30,0
DA:32,0
DA:33,0
DA:34,0
DA:41,0
DA:43,0
DA:44,0
DA:45,0
LF:16
LH:0
BRF:0
BRH:0
end_of_record
TN:
SF:src/interface/identity.ts
FN:9,(anonymous_0)
FN:14,(anonymous_1)
FNF:2
FNH:0
FNDA:0,(anonymous_0)
FNDA:0,(anonymous_1)
DA:5,0
DA:10,0
DA:11,0
DA:15,0
LF:4
LH:0
BRF:0
BRH:0
end_of_record
