TN:
SF:src/agent.ts
FN:25,(anonymous_9)
FN:26,(anonymous_10)
FN:27,(anonymous_11)
FN:35,(anonymous_12)
FN:45,(anonymous_13)
FN:60,(anonymous_14)
FN:78,(anonymous_15)
FN:102,(anonymous_16)
FN:106,(anonymous_17)
FN:122,(anonymous_18)
FNF:10
FNH:0
FNDA:0,(anonymous_9)
FNDA:0,(anonymous_10)
FNDA:0,(anonymous_11)
FNDA:0,(anonymous_12)
FNDA:0,(anonymous_13)
FNDA:0,(anonymous_14)
FNDA:0,(anonymous_15)
FNDA:0,(anonymous_16)
FNDA:0,(anonymous_17)
FNDA:0,(anonymous_18)
DA:8,0
DA:9,0
DA:24,0
DA:25,0
DA:26,0
DA:27,0
DA:30,0
DA:32,0
DA:33,0
DA:37,0
DA:38,0
DA:46,0
DA:47,0
DA:48,0
DA:51,0
DA:54,0
DA:56,0
DA:57,0
DA:61,0
DA:63,0
DA:65,0
DA:68,0
DA:70,0
DA:79,0
DA:80,0
DA:81,0
DA:84,0
DA:86,0
DA:87,0
DA:89,0
DA:90,0
DA:91,0
DA:94,0
DA:96,0
DA:97,0
DA:98,0
DA:99,0
DA:101,0
DA:103,0
DA:104,0
DA:108,0
DA:109,0
DA:111,0
DA:113,0
DA:117,0
DA:119,0
DA:121,0
DA:122,0
DA:123,0
DA:124,0
DA:125,0
DA:127,0
DA:129,0
DA:133,0
DA:134,0
DA:136,0
LF:56
LH:0
BRDA:46,0,0,0
BRDA:70,1,0,0
BRDA:70,1,1,0
BRDA:79,2,0,0
BRDA:89,3,0,0
BRDA:109,4,0,0
BRDA:109,4,1,0
BRDA:124,5,0,0
BRDA:124,5,1,0
BRDA:133,6,0,0
BRDA:133,6,1,0
BRF:11
BRH:0
end_of_record
TN:
SF:src/agent_config.ts
FN:19,(anonymous_0)
FNF:1
FNH:0
FNDA:0,(anonymous_0)
DA:7,0
DA:13,0
DA:14,0
LF:3
LH:0
BRF:0
BRH:0
end_of_record
TN:
SF:src/cli.ts
FN:35,isTextChunkEvent
FN:39,isDocumentEvent
FN:43,isTextBlockEvent
FN:47,isErrorEvent
FN:58,(anonymous_13)
FN:69,(anonymous_14)
FN:88,(anonymous_15)
FN:96,(anonymous_16)
FN:97,(anonymous_17)
FN:98,(anonymous_18)
FN:107,(anonymous_19)
FN:163,(anonymous_20)
FN:193,(anonymous_21)
FN:198,(anonymous_22)
FN:212,(anonymous_23)
FN:218,(anonymous_24)
FN:224,(anonymous_25)
FNF:17
FNH:0
FNDA:0,isTextChunkEvent
FNDA:0,isDocumentEvent
FNDA:0,isTextBlockEvent
FNDA:0,isErrorEvent
FNDA:0,(anonymous_13)
FNDA:0,(anonymous_14)
FNDA:0,(anonymous_15)
FNDA:0,(anonymous_16)
FNDA:0,(anonymous_17)
FNDA:0,(anonymous_18)
FNDA:0,(anonymous_19)
FNDA:0,(anonymous_20)
FNDA:0,(anonymous_21)
FNDA:0,(anonymous_22)
FNDA:0,(anonymous_23)
FNDA:0,(anonymous_24)
FNDA:0,(anonymous_25)
DA:19,0
DA:20,0
DA:28,0
DA:29,0
DA:30,0
DA:36,0
DA:40,0
DA:44,0
DA:48,0
DA:59,0
DA:60,0
DA:70,0
DA:71,0
DA:72,0
DA:73,0
DA:74,0
DA:76,0
DA:78,0
DA:80,0
DA:81,0
DA:89,0
DA:90,0
DA:97,0
DA:98,0
DA:99,0
DA:109,0
DA:112,0
DA:115,0
DA:116,0
DA:119,0
DA:120,0
DA:121,0
DA:122,0
DA:124,0
DA:127,0
DA:130,0
DA:131,0
DA:132,0
DA:133,0
DA:135,0
DA:137,0
DA:139,0
DA:141,0
DA:142,0
DA:144,0
DA:145,0
DA:148,0
DA:149,0
DA:150,0
DA:154,0
DA:164,0
DA:165,0
DA:167,0
DA:168,0
DA:170,0
DA:171,0
DA:173,0
DA:175,0
DA:176,0
DA:178,0
DA:180,0
DA:181,0
DA:183,0
DA:185,0
DA:186,0
DA:188,0
DA:190,0
DA:194,0
DA:195,0
DA:199,0
DA:200,0
DA:201,0
DA:202,0
DA:203,0
DA:205,0
DA:206,0
DA:207,0
DA:209,0
DA:213,0
DA:214,0
DA:215,0
DA:219,0
DA:220,0
DA:221,0
DA:225,0
DA:226,0
DA:227,0
DA:228,0
DA:230,0
DA:235,0
DA:236,0
LF:91
LH:0
BRDA:72,0,0,0
BRDA:72,0,1,0
BRDA:120,1,0,0
BRDA:132,2,0,0
BRDA:141,3,0,0
BRDA:141,3,1,0
BRDA:165,4,0,0
BRDA:165,4,1,0
BRDA:165,4,2,0
BRDA:165,4,3,0
BRDA:165,4,4,0
BRDA:170,5,0,0
BRDA:175,6,0,0
BRDA:180,7,0,0
BRDA:185,8,0,0
BRDA:200,9,0,0
BRDA:206,10,0,0
BRDA:227,11,0,0
BRF:18
BRH:0
end_of_record
TN:
SF:src/index.ts
FN:43,(anonymous_4)
FNF:1
FNH:0
FNDA:0,(anonymous_4)
DA:18,0
DA:19,0
DA:20,0
DA:21,0
DA:22,0
DA:23,0
DA:24,0
DA:25,0
DA:26,0
DA:29,0
DA:32,0
DA:33,0
DA:34,0
DA:35,0
DA:36,0
DA:37,0
DA:38,0
DA:39,0
DA:42,0
DA:43,0
DA:46,0
LF:21
LH:0
BRF:0
BRH:0
end_of_record
TN:
SF:src/client/sentient_agent_client.ts
FN:74,(anonymous_0)
FN:95,(anonymous_1)
FN:160,(anonymous_3)
FN:199,(anonymous_4)
FN:223,(anonymous_5)
FN:237,(anonymous_6)
FNF:6
FNH:6
FNDA:7,(anonymous_0)
FNDA:6,(anonymous_1)
FNDA:1,(anonymous_3)
FNDA:3,(anonymous_4)
FNDA:3,(anonymous_5)
FNDA:2,(anonymous_6)
DA:27,1
DA:29,1
DA:63,1
DA:75,7
DA:76,1
DA:77,1
DA:78,1
DA:79,1
DA:81,6
DA:82,6
DA:83,6
DA:84,6
DA:87,7
DA:96,6
DA:109,1
DA:110,1
DA:111,1
DA:124,1
DA:129,1
DA:135,1
DA:136,0
DA:139,1
DA:140,0
DA:143,1
DA:144,1
DA:145,1
DA:147,1
DA:148,1
DA:150,1
DA:164,1
DA:165,1
DA:166,4
DA:168,4
DA:170,1
DA:171,0
DA:172,0
DA:173,0
DA:176,1
DA:179,3
DA:182,3
DA:183,3
DA:185,3
DA:186,3
DA:187,3
DA:188,3
DA:200,3
DA:202,3
DA:203,3
DA:204,3
DA:206,3
DA:207,6
DA:208,3
DA:209,3
DA:211,3
DA:216,3
DA:217,3
DA:219,3
DA:220,3
DA:223,3
DA:226,0
DA:227,0
DA:230,0
DA:238,2
LF:63
LH:55
BRDA:75,0,0,1
BRDA:75,0,1,6
BRDA:87,1,0,7
BRDA:87,1,1,7
BRDA:109,2,0,1
BRDA:109,2,1,1
BRDA:135,3,0,0
BRDA:139,4,0,0
BRDA:168,5,0,1
BRDA:170,6,0,0
BRDA:172,7,0,0
BRDA:183,8,0,3
BRDA:183,8,1,3
BRDA:187,9,0,3
BRDA:200,10,0,0
BRDA:207,11,0,3
BRDA:207,11,1,3
BRDA:209,12,0,3
BRDA:211,13,0,0
BRDA:211,13,1,3
BRDA:216,14,0,3
BRDA:216,15,0,3
BRDA:216,15,1,3
BRF:23
BRH:17
end_of_record
TN:
SF:src/implementation/decorators.ts
FN:24,streamHelper
FN:54,withErrorHandling
FN:80,withTimeout
FN:85,(anonymous_3)
FN:86,(anonymous_4)
FN:114,withLogging
FN:143,withRetry
FN:169,(anonymous_7)
FNF:8
FNH:0
FNDA:0,streamHelper
FNDA:0,withErrorHandling
FNDA:0,withTimeout
FNDA:0,(anonymous_3)
FNDA:0,(anonymous_4)
FNDA:0,withLogging
FNDA:0,withRetry
FNDA:0,(anonymous_7)
DA:24,0
DA:29,0
DA:31,0
DA:34,0
DA:35,0
DA:36,0
DA:39,0
DA:42,0
DA:54,0
DA:58,0
DA:59,0
DA:61,0
DA:63,0
DA:64,0
DA:66,0
DA:67,0
DA:80,0
DA:85,0
DA:86,0
DA:87,0
DA:91,0
DA:92,0
DA:94,0
DA:95,0
DA:100,0
DA:102,0
DA:114,0
DA:118,0
DA:119,0
DA:121,0
DA:122,0
DA:123,0
DA:124,0
DA:125,0
DA:127,0
DA:128,0
DA:129,0
DA:143,0
DA:151,0
DA:152,0
DA:153,0
DA:154,0
DA:155,0
DA:156,0
DA:163,0
DA:165,0
DA:167,0
DA:168,0
DA:169,0
DA:174,0
DA:175,0
LF:51
LH:0
BRDA:29,0,0,0
BRDA:29,0,1,0
BRDA:63,1,0,0
BRDA:63,1,1,0
BRDA:64,2,0,0
BRDA:64,2,1,0
BRDA:94,3,0,0
BRDA:94,4,0,0
BRDA:94,4,1,0
BRDA:94,4,2,0
BRDA:116,5,0,0
BRDA:145,6,0,0
BRDA:146,7,0,0
BRDA:153,8,0,0
BRDA:155,9,0,0
BRDA:165,10,0,0
BRDA:165,10,1,0
BRDA:167,11,0,0
BRF:18
BRH:0
end_of_record
TN:
SF:src/implementation/default_hook.ts
FN:14,(anonymous_0)
FN:29,(anonymous_1)
FN:44,(anonymous_2)
FN:45,(anonymous_3)
FN:58,(anonymous_4)
FNF:5
FNH:0
FNDA:0,(anonymous_0)
FNDA:0,(anonymous_1)
FNDA:0,(anonymous_2)
FNDA:0,(anonymous_3)
FNDA:0,(anonymous_4)
DA:1,0
DA:9,0
DA:19,0
DA:20,0
DA:21,0
DA:31,0
DA:34,0
DA:35,0
DA:38,0
DA:39,0
DA:40,0
DA:44,0
DA:45,0
DA:46,0
DA:49,0
DA:50,0
DA:51,0
DA:59,0
LF:18
LH:0
BRDA:14,0,0,0
BRDA:19,1,0,0
BRDA:19,1,1,0
BRDA:20,2,0,0
BRDA:20,2,1,0
BRDA:38,3,0,0
BRF:6
BRH:0
end_of_record
TN:
SF:src/implementation/default_id_generator.ts
FN:12,(anonymous_0)
FN:17,(anonymous_1)
FN:20,(anonymous_2)
FN:35,(anonymous_3)
FN:47,(anonymous_4)
FNF:5
FNH:0
FNDA:0,(anonymous_0)
FNDA:0,(anonymous_1)
FNDA:0,(anonymous_2)
FNDA:0,(anonymous_3)
FNDA:0,(anonymous_4)
DA:6,0
DA:9,0
DA:10,0
DA:13,0
DA:14,0
DA:15,0
DA:17,0
DA:21,0
DA:22,0
DA:23,0
DA:25,0
DA:30,0
DA:36,0
DA:37,0
DA:38,0
DA:48,0
DA:49,0
DA:50,0
DA:51,0
DA:53,0
DA:55,0
DA:57,0
DA:58,0
DA:60,0
LF:24
LH:0
BRDA:13,0,0,0
BRDA:21,1,0,0
BRDA:21,1,1,0
BRDA:23,2,0,0
BRDA:36,3,0,0
BRDA:36,3,1,0
BRDA:47,4,0,0
BRDA:50,5,0,0
BRDA:50,5,1,0
BRDA:51,6,0,0
BRF:10
BRH:0
end_of_record
TN:
SF:src/implementation/default_llm_provider.ts
FN:28,(anonymous_0)
FN:48,(anonymous_1)
FN:55,(anonymous_2)
FN:62,(anonymous_3)
FN:79,(anonymous_4)
FN:101,(anonymous_5)
FN:109,(anonymous_6)
FN:133,(anonymous_7)
FN:154,(anonymous_8)
FNF:9
FNH:0
FNDA:0,(anonymous_0)
FNDA:0,(anonymous_1)
FNDA:0,(anonymous_2)
FNDA:0,(anonymous_3)
FNDA:0,(anonymous_4)
FNDA:0,(anonymous_5)
FNDA:0,(anonymous_6)
FNDA:0,(anonymous_7)
FNDA:0,(anonymous_8)
DA:25,0
DA:29,0
DA:49,0
DA:56,0
DA:63,0
DA:80,0
DA:81,0
DA:84,0
DA:85,0
DA:86,0
DA:89,0
DA:90,0
DA:100,0
DA:102,0
DA:110,0
DA:112,0
DA:113,0
DA:116,0
DA:118,0
DA:134,0
DA:136,0
DA:137,0
DA:140,0
DA:141,0
DA:142,0
DA:144,0
DA:154,0
LF:27
LH:0
BRDA:49,0,0,0
BRDA:49,0,1,0
BRDA:80,1,0,0
BRDA:80,2,0,0
BRDA:80,2,1,0
BRDA:85,3,0,0
BRDA:85,4,0,0
BRDA:85,4,1,0
BRDA:89,5,0,0
BRDA:101,6,0,0
BRDA:141,7,0,0
BRDA:141,7,1,0
BRDA:146,8,0,0
BRDA:146,8,1,0
BRF:14
BRH:0
end_of_record
TN:
SF:src/implementation/default_response_handler.ts
FN:75,(anonymous_0)
FN:87,(anonymous_1)
FN:101,(anonymous_2)
FN:143,(anonymous_3)
FN:175,(anonymous_4)
FN:193,(anonymous_5)
FN:218,(anonymous_6)
FN:243,(anonymous_7)
FN:271,(anonymous_8)
FN:279,(anonymous_9)
FNF:10
FNH:0
FNDA:0,(anonymous_0)
FNDA:0,(anonymous_1)
FNDA:0,(anonymous_2)
FNDA:0,(anonymous_3)
FNDA:0,(anonymous_4)
FNDA:0,(anonymous_5)
FNDA:0,(anonymous_6)
FNDA:0,(anonymous_7)
FNDA:0,(anonymous_8)
FNDA:0,(anonymous_9)
DA:37,0
DA:38,0
DA:42,0
DA:52,0
DA:58,0
DA:64,0
DA:67,0
DA:68,0
DA:76,0
DA:77,0
DA:80,0
DA:88,0
DA:89,0
DA:106,0
DA:108,0
DA:109,0
DA:114,0
DA:116,0
DA:118,0
DA:120,0
DA:125,0
DA:130,0
DA:133,0
DA:134,0
DA:147,0
DA:149,0
DA:151,0
DA:152,0
DA:159,0
DA:165,0
DA:166,0
DA:179,0
DA:181,0
DA:194,0
DA:196,0
DA:197,0
DA:204,0
DA:207,0
DA:209,0
DA:225,0
DA:226,0
DA:229,0
DA:231,0
DA:245,0
DA:246,0
DA:250,0
DA:251,0
DA:252,0
DA:256,0
DA:258,0
DA:265,0
DA:272,0
DA:280,0
LF:53
LH:0
BRDA:88,0,0,0
BRDA:104,1,0,0
BRDA:108,2,0,0
BRDA:108,2,1,0
BRDA:133,3,0,0
BRDA:220,4,0,0
BRDA:225,5,0,0
BRDA:245,6,0,0
BRDA:251,7,0,0
BRF:9
BRH:0
end_of_record
TN:
SF:src/implementation/default_server.ts
FN:48,(anonymous_1)
FN:68,(anonymous_2)
FN:69,(anonymous_3)
FN:81,(anonymous_4)
FN:108,(anonymous_5)
FN:122,(anonymous_6)
FN:130,(anonymous_7)
FN:162,(anonymous_8)
FN:176,(anonymous_9)
FNF:9
FNH:0
FNDA:0,(anonymous_1)
FNDA:0,(anonymous_2)
FNDA:0,(anonymous_3)
FNDA:0,(anonymous_4)
FNDA:0,(anonymous_5)
FNDA:0,(anonymous_6)
FNDA:0,(anonymous_7)
FNDA:0,(anonymous_8)
FNDA:0,(anonymous_9)
DA:26,0
DA:27,0
DA:28,0
DA:29,0
DA:31,0
DA:32,0
DA:40,0
DA:49,0
DA:50,0
DA:53,0
DA:56,0
DA:59,0
DA:69,0
DA:70,0
DA:83,0
DA:86,0
DA:89,0
DA:95,0
DA:96,0
DA:97,0
DA:100,0
DA:110,0
DA:113,0
DA:114,0
DA:115,0
DA:116,0
DA:117,0
DA:121,0
DA:123,0
DA:125,0
DA:126,0
DA:127,0
DA:131,0
DA:133,0
DA:134,0
DA:135,0
DA:141,0
DA:143,0
DA:147,0
DA:151,0
DA:152,0
DA:153,0
DA:154,0
DA:155,0
DA:156,0
DA:157,0
DA:158,0
DA:162,0
DA:165,0
DA:168,0
DA:178,0
DA:181,0
DA:183,0
LF:53
LH:0
BRDA:68,0,0,0
BRDA:68,1,0,0
BRDA:86,2,0,0
BRDA:86,2,1,0
BRDA:90,3,0,0
BRDA:90,3,1,0
BRDA:91,4,0,0
BRDA:91,4,1,0
BRDA:113,5,0,0
BRDA:113,5,1,0
BRDA:125,6,0,0
BRDA:133,7,0,0
BRDA:136,8,0,0
BRDA:136,8,1,0
BRDA:137,9,0,0
BRDA:137,9,1,0
BRDA:153,10,0,0
BRDA:153,10,1,0
BRDA:157,11,0,0
BRF:19
BRH:0
end_of_record
TN:
SF:src/implementation/default_session.ts
FN:10,(anonymous_0)
FN:26,(anonymous_1)
FN:33,(anonymous_2)
FN:40,(anonymous_3)
FN:48,(anonymous_4)
FNF:5
FNH:0
FNDA:0,(anonymous_0)
FNDA:0,(anonymous_1)
FNDA:0,(anonymous_2)
FNDA:0,(anonymous_3)
FNDA:0,(anonymous_4)
DA:7,0
DA:12,0
DA:20,0
DA:27,0
DA:34,0
DA:41,0
DA:50,0
DA:53,0
DA:54,0
LF:9
LH:0
BRDA:10,0,0,0
BRDA:13,1,0,0
BRDA:13,1,1,0
BRDA:14,2,0,0
BRDA:14,2,1,0
BRDA:15,3,0,0
BRDA:15,3,1,0
BRDA:16,4,0,0
BRDA:16,4,1,0
BRF:9
BRH:0
end_of_record
TN:
SF:src/implementation/default_text_stream.ts
FN:26,(anonymous_0)
FN:48,(anonymous_1)
FN:78,(anonymous_2)
FN:103,(anonymous_3)
FN:110,(anonymous_4)
FNF:5
FNH:0
FNDA:0,(anonymous_0)
FNDA:0,(anonymous_1)
FNDA:0,(anonymous_2)
FNDA:0,(anonymous_3)
FNDA:0,(anonymous_4)
DA:5,0
DA:9,0
DA:15,0
DA:32,0
DA:33,0
DA:34,0
DA:35,0
DA:36,0
DA:39,0
DA:49,0
DA:50,0
DA:56,0
DA:57,0
DA:65,0
DA:68,0
DA:71,0
DA:79,0
DA:80,0
DA:85,0
DA:93,0
DA:94,0
DA:97,0
DA:104,0
DA:111,0
LF:24
LH:0
BRDA:49,0,0,0
BRDA:56,1,0,0
BRDA:79,2,0,0
BRF:3
BRH:0
end_of_record
TN:
SF:src/implementation/response_event_adapter.ts
FN:26,(anonymous_0)
FN:75,(anonymous_1)
FN:89,(anonymous_2)
FN:103,(anonymous_3)
FN:127,(anonymous_4)
FN:151,(anonymous_5)
FNF:6
FNH:6
FNDA:6,(anonymous_0)
FNDA:1,(anonymous_1)
FNDA:2,(anonymous_2)
FNDA:1,(anonymous_3)
FNDA:1,(anonymous_4)
FNDA:1,(anonymous_5)
DA:5,1
DA:19,1
DA:27,6
DA:28,0
DA:31,6
DA:32,0
DA:35,6
DA:36,0
DA:39,6
DA:40,0
DA:43,6
DA:44,0
DA:48,6
DA:49,6
DA:53,6
DA:55,1
DA:57,2
DA:59,1
DA:61,1
DA:63,1
DA:65,0
DA:76,1
DA:77,0
DA:80,1
DA:90,2
DA:91,0
DA:94,2
DA:104,1
DA:105,0
DA:108,1
DA:109,0
DA:112,1
DA:113,0
DA:118,1
DA:128,1
DA:129,0
DA:132,1
DA:134,1
DA:135,0
DA:139,1
DA:140,0
DA:143,1
DA:152,1
LF:43
LH:29
BRDA:27,0,0,0
BRDA:27,1,0,6
BRDA:27,1,1,6
BRDA:31,2,0,0
BRDA:35,3,0,0
BRDA:39,4,0,0
BRDA:43,5,0,0
BRDA:48,6,0,6
BRDA:53,7,0,1
BRDA:53,7,1,2
BRDA:53,7,2,1
BRDA:53,7,3,1
BRDA:53,7,4,1
BRDA:53,7,5,0
BRDA:76,8,0,0
BRDA:76,9,0,1
BRDA:76,9,1,1
BRDA:90,10,0,0
BRDA:90,11,0,2
BRDA:90,11,1,2
BRDA:104,12,0,0
BRDA:108,13,0,0
BRDA:112,14,0,0
BRDA:112,15,0,1
BRDA:112,15,1,1
BRDA:128,16,0,0
BRDA:128,17,0,1
BRDA:128,17,1,1
BRDA:134,18,0,0
BRDA:134,19,0,1
BRDA:134,19,1,1
BRDA:139,20,0,0
BRF:32
BRH:18
end_of_record
TN:
SF:src/interface/agent.ts
FN:36,(anonymous_0)
FNF:1
FNH:0
FNDA:0,(anonymous_0)
DA:33,0
DA:37,0
LF:2
LH:0
BRF:0
BRH:0
end_of_record
TN:
SF:src/interface/event_factories.ts
FN:35,createBaseEvent
FN:56,createDocumentEvent
FN:82,createTextBlockEvent
FN:108,createTextChunkEvent
FN:138,createErrorEvent
FN:172,createDoneEvent
FNF:6
FNH:0
FNDA:0,createBaseEvent
FNDA:0,createDocumentEvent
FNDA:0,createTextBlockEvent
FNDA:0,createTextChunkEvent
FNDA:0,createErrorEvent
FNDA:0,createDoneEvent
DA:6,0
DA:7,0
DA:19,0
DA:24,0
DA:35,0
DA:42,0
DA:56,0
DA:64,0
DA:82,0
DA:90,0
DA:108,0
DA:118,0
DA:138,0
DA:147,0
DA:153,0
DA:172,0
DA:178,0
LF:17
LH:0
BRDA:43,0,0,0
BRDA:43,0,1,0
BRDA:46,1,0,0
BRDA:46,1,1,0
BRF:4
BRH:0
end_of_record
TN:
SF:src/interface/events.ts
FN:19,(anonymous_0)
FN:24,(anonymous_1)
FNF:2
FNH:2
FNDA:1,(anonymous_0)
FNDA:1,(anonymous_1)
DA:16,1
DA:17,1
DA:19,1
DA:20,1
DA:21,1
DA:24,1
DA:25,1
DA:26,1
DA:27,1
DA:28,1
DA:29,1
LF:11
LH:11
BRDA:19,0,0,1
BRDA:19,0,1,1
BRDA:24,1,0,1
BRDA:24,1,1,1
BRF:4
BRH:4
end_of_record
TN:
SF:src/interface/exceptions.ts
FN:9,(anonymous_0)
FN:20,(anonymous_1)
FN:31,(anonymous_2)
FN:42,(anonymous_3)
FNF:4
FNH:0
FNDA:0,(anonymous_0)
FNDA:0,(anonymous_1)
FNDA:0,(anonymous_2)
FNDA:0,(anonymous_3)
DA:8,0
DA:10,0
DA:11,0
DA:12,0
DA:19,0
DA:21,0
DA:22,0
DA:23,0
DA:30,0
DA:32,0
DA:33,0
DA:34,0
DA:41,0
DA:43,0
DA:44,0
DA:45,0
LF:16
LH:0
BRF:0
BRH:0
end_of_record
TN:
SF:src/interface/identity.ts
FN:9,(anonymous_0)
FN:14,(anonymous_1)
FNF:2
FNH:0
FNDA:0,(anonymous_0)
FNDA:0,(anonymous_1)
DA:5,0
DA:10,0
DA:11,0
DA:15,0
LF:4
LH:0
BRF:0
BRH:0
end_of_record
